ERROR:root:Failed to download weights for tag 'laion2b_s34b_b79k': Failed to download file (open_clip_pytorch_model.bin) for laion/CLIP-ViT-B-32-laion2B-s34B-b79K. Last error: [Errno 2] No such file or directory
Traceback (most recent call last):
  File "/ext3/miniforge3/lib/python3.12/site-packages/open_clip/pretrained.py", line 883, in download_pretrained_from_hf
    cached_file = hf_hub_download(
                  ^^^^^^^^^^^^^^^^
  File "/home/sk10583/.local/lib/python3.12/site-packages/huggingface_hub/utils/_validators.py", line 89, in _inner_fn
    return fn(*args, **kwargs)
           ^^^^^^^^^^^^^^^^^^^
  File "/home/sk10583/.local/lib/python3.12/site-packages/huggingface_hub/file_download.py", line 982, in hf_hub_download
    return _hf_hub_download_to_cache_dir(
           ^^^^^^^^^^^^^^^^^^^^^^^^^^^^^^
  File "/home/sk10583/.local/lib/python3.12/site-packages/huggingface_hub/file_download.py", line 1057, in _hf_hub_download_to_cache_dir
    (url_to_download, etag, commit_hash, expected_size, xet_file_data, head_call_error) = _get_metadata_or_catch_error(
                                                                                          ^^^^^^^^^^^^^^^^^^^^^^^^^^^^^
  File "/home/sk10583/.local/lib/python3.12/site-packages/huggingface_hub/file_download.py", line 1649, in _get_metadata_or_catch_error
    metadata = get_hf_file_metadata(
               ^^^^^^^^^^^^^^^^^^^^^
  File "/home/sk10583/.local/lib/python3.12/site-packages/huggingface_hub/utils/_validators.py", line 89, in _inner_fn
    return fn(*args, **kwargs)
           ^^^^^^^^^^^^^^^^^^^
  File "/home/sk10583/.local/lib/python3.12/site-packages/huggingface_hub/file_download.py", line 1572, in get_hf_file_metadata
    response = _httpx_follow_relative_redirects_with_backoff(
               ^^^^^^^^^^^^^^^^^^^^^^^^^^^^^^^^^^^^^^^^^^^^^^
  File "/home/sk10583/.local/lib/python3.12/site-packages/huggingface_hub/utils/_http.py", line 644, in _httpx_follow_relative_redirects_with_backoff
    response = http_backoff(
               ^^^^^^^^^^^^^
  File "/home/sk10583/.local/lib/python3.12/site-packages/huggingface_hub/utils/_http.py", line 518, in http_backoff
    return next(
           ^^^^^
  File "/home/sk10583/.local/lib/python3.12/site-packages/huggingface_hub/utils/_http.py", line 386, in _http_backoff_base
    client = get_session()
             ^^^^^^^^^^^^^
  File "/home/sk10583/.local/lib/python3.12/site-packages/huggingface_hub/utils/_http.py", line 305, in get_session
    _GLOBAL_CLIENT = _GLOBAL_CLIENT_FACTORY()
                     ^^^^^^^^^^^^^^^^^^^^^^^^
  File "/home/sk10583/.local/lib/python3.12/site-packages/huggingface_hub/utils/_http.py", line 231, in default_client_factory
    return httpx.Client(
           ^^^^^^^^^^^^^
  File "/home/sk10583/.local/lib/python3.12/site-packages/httpx/_client.py", line 688, in __init__
    self._transport = self._init_transport(
                      ^^^^^^^^^^^^^^^^^^^^^
  File "/home/sk10583/.local/lib/python3.12/site-packages/httpx/_client.py", line 731, in _init_transport
    return HTTPTransport(
           ^^^^^^^^^^^^^^
  File "/home/sk10583/.local/lib/python3.12/site-packages/httpx/_transports/default.py", line 153, in __init__
    ssl_context = create_ssl_context(verify=verify, cert=cert, trust_env=trust_env)
                  ^^^^^^^^^^^^^^^^^^^^^^^^^^^^^^^^^^^^^^^^^^^^^^^^^^^^^^^^^^^^^^^^^
  File "/home/sk10583/.local/lib/python3.12/site-packages/httpx/_config.py", line 35, in create_ssl_context
    ctx = ssl.create_default_context(cafile=os.environ["SSL_CERT_FILE"])
          ^^^^^^^^^^^^^^^^^^^^^^^^^^^^^^^^^^^^^^^^^^^^^^^^^^^^^^^^^^^^^^
  File "/ext3/miniforge3/lib/python3.12/ssl.py", line 707, in create_default_context
    context.load_verify_locations(cafile, capath, cadata)
FileNotFoundError: [Errno 2] No such file or directory

During handling of the above exception, another exception occurred:

Traceback (most recent call last):
  File "/ext3/miniforge3/lib/python3.12/site-packages/open_clip/factory.py", line 412, in create_model
    checkpoint_path = download_pretrained(pretrained_cfg_for_tag, cache_dir=cache_dir)
                      ^^^^^^^^^^^^^^^^^^^^^^^^^^^^^^^^^^^^^^^^^^^^^^^^^^^^^^^^^^^^^^^^
  File "/ext3/miniforge3/lib/python3.12/site-packages/open_clip/pretrained.py", line 924, in download_pretrained
    target = download_pretrained_from_hf(model_id, cache_dir=cache_dir)
             ^^^^^^^^^^^^^^^^^^^^^^^^^^^^^^^^^^^^^^^^^^^^^^^^^^^^^^^^^^
  File "/ext3/miniforge3/lib/python3.12/site-packages/open_clip/pretrained.py", line 891, in download_pretrained_from_hf
    raise FileNotFoundError(f"Failed to download file ({filename}) for {model_id}. Last error: {e}")
FileNotFoundError: Failed to download file (open_clip_pytorch_model.bin) for laion/CLIP-ViT-B-32-laion2B-s34B-b79K. Last error: [Errno 2] No such file or directory

During handling of the above exception, another exception occurred:

Traceback (most recent call last):
  File "/scratch/sk10583/FengLab/openclip_imagenet.py", line 274, in <module>
    main()
  File "/scratch/sk10583/FengLab/openclip_imagenet.py", line 234, in main
    model, _, preprocess = open_clip.create_model_and_transforms(model_name, pretrained=pretrained, device=args.device)
                           ^^^^^^^^^^^^^^^^^^^^^^^^^^^^^^^^^^^^^^^^^^^^^^^^^^^^^^^^^^^^^^^^^^^^^^^^^^^^^^^^^^^^^^^^^^^^
  File "/ext3/miniforge3/lib/python3.12/site-packages/open_clip/factory.py", line 930, in create_model_and_transforms
    model = create_model(
            ^^^^^^^^^^^^^
  File "/ext3/miniforge3/lib/python3.12/site-packages/open_clip/factory.py", line 417, in create_model
    raise RuntimeError(f"Failed to download weights for tag '{pretrained}': {e}")
RuntimeError: Failed to download weights for tag 'laion2b_s34b_b79k': Failed to download file (open_clip_pytorch_model.bin) for laion/CLIP-ViT-B-32-laion2B-s34B-b79K. Last error: [Errno 2] No such file or directory
