Using device: cuda
[RUN] 20251004-225826_TinyNet_d4_bs512_lr0.001
[IO ] checkpoints dir: checkpoints/20251004-225826_TinyNet_d4_bs512_lr0.001
[IO ] metrics dir    : metrics/20251004-225826_TinyNet_d4_bs512_lr0.001
[IO ] plots dir      : plots/20251004-225826_TinyNet_d4_bs512_lr0.001
[IO ] checkpoint file: checkpoints/20251004-225826_TinyNet_d4_bs512_lr0.001/20251004-225826_TinyNet_d4_bs512_lr0.001_best.pth
[IO ] metrics file   : metrics/20251004-225826_TinyNet_d4_bs512_lr0.001/20251004-225826_TinyNet_d4_bs512_lr0.001_metrics.json
Epoch 01/500 | train_loss=4.3037 | train_top1=10.52% | train_top5=27.80% | val_loss=3.9089 | val_top1=15.03% | val_top5=36.77% | epoch_time=23.5s
Epoch 02/500 | train_loss=3.6240 | train_top1=20.04% | train_top5=44.18% | val_loss=3.6712 | val_top1=18.84% | val_top5=42.51% | epoch_time=13.5s
Epoch 03/500 | train_loss=3.3008 | train_top1=25.93% | train_top5=51.56% | val_loss=3.4661 | val_top1=23.43% | val_top5=48.18% | epoch_time=12.1s
Epoch 04/500 | train_loss=3.0953 | train_top1=29.56% | train_top5=55.87% | val_loss=3.5216 | val_top1=22.77% | val_top5=46.66% | epoch_time=12.2s
Epoch 05/500 | train_loss=2.9419 | train_top1=32.42% | train_top5=59.27% | val_loss=3.2692 | val_top1=25.81% | val_top5=52.75% | epoch_time=12.1s
Epoch 06/500 | train_loss=2.8115 | train_top1=34.89% | train_top5=61.95% | val_loss=3.0166 | val_top1=30.99% | val_top5=57.65% | epoch_time=12.2s
Epoch 07/500 | train_loss=2.7092 | train_top1=36.85% | train_top5=63.98% | val_loss=2.8540 | val_top1=34.11% | val_top5=60.95% | epoch_time=12.1s
Epoch 08/500 | train_loss=2.6074 | train_top1=39.02% | train_top5=66.02% | val_loss=2.8663 | val_top1=33.41% | val_top5=60.78% | epoch_time=12.1s
Epoch 09/500 | train_loss=2.5234 | train_top1=40.46% | train_top5=67.60% | val_loss=2.8822 | val_top1=33.16% | val_top5=60.38% | epoch_time=12.2s
Epoch 10/500 | train_loss=2.4509 | train_top1=42.00% | train_top5=68.91% | val_loss=2.9618 | val_top1=32.78% | val_top5=59.38% | epoch_time=12.1s
Epoch 11/500 | train_loss=2.3860 | train_top1=43.45% | train_top5=70.06% | val_loss=2.8710 | val_top1=34.72% | val_top5=61.33% | epoch_time=12.2s
Epoch 12/500 | train_loss=2.3121 | train_top1=45.02% | train_top5=71.48% | val_loss=2.6572 | val_top1=38.16% | val_top5=64.57% | epoch_time=12.1s
Epoch 13/500 | train_loss=2.2605 | train_top1=45.95% | train_top5=72.30% | val_loss=2.6996 | val_top1=37.47% | val_top5=64.13% | epoch_time=12.2s
Epoch 14/500 | train_loss=2.2021 | train_top1=47.10% | train_top5=73.34% | val_loss=2.6460 | val_top1=38.73% | val_top5=65.41% | epoch_time=12.1s
Epoch 15/500 | train_loss=2.1519 | train_top1=48.28% | train_top5=74.26% | val_loss=2.5815 | val_top1=39.60% | val_top5=66.27% | epoch_time=12.1s
Epoch 16/500 | train_loss=2.1031 | train_top1=49.05% | train_top5=75.00% | val_loss=2.6521 | val_top1=39.04% | val_top5=65.24% | epoch_time=12.1s
Epoch 17/500 | train_loss=2.0511 | train_top1=50.38% | train_top5=76.04% | val_loss=2.5669 | val_top1=40.34% | val_top5=66.56% | epoch_time=12.1s
Epoch 18/500 | train_loss=2.0116 | train_top1=51.00% | train_top5=76.68% | val_loss=2.4870 | val_top1=42.48% | val_top5=67.70% | epoch_time=12.1s
Epoch 19/500 | train_loss=1.9692 | train_top1=51.98% | train_top5=77.48% | val_loss=2.7094 | val_top1=38.11% | val_top5=64.64% | epoch_time=12.2s
Epoch 20/500 | train_loss=1.9247 | train_top1=52.91% | train_top5=78.23% | val_loss=2.5129 | val_top1=41.44% | val_top5=68.27% | epoch_time=12.1s
Epoch 21/500 | train_loss=1.8923 | train_top1=53.56% | train_top5=78.77% | val_loss=2.5018 | val_top1=42.54% | val_top5=68.03% | epoch_time=12.1s
Epoch 22/500 | train_loss=1.8483 | train_top1=54.47% | train_top5=79.38% | val_loss=2.5715 | val_top1=40.64% | val_top5=67.04% | epoch_time=12.2s
Epoch 23/500 | train_loss=1.8160 | train_top1=55.22% | train_top5=79.99% | val_loss=2.4892 | val_top1=41.86% | val_top5=68.54% | epoch_time=12.1s
Epoch 24/500 | train_loss=1.7790 | train_top1=55.97% | train_top5=80.52% | val_loss=2.4688 | val_top1=42.55% | val_top5=68.53% | epoch_time=12.3s
Epoch 25/500 | train_loss=1.7411 | train_top1=56.80% | train_top5=81.26% | val_loss=2.4587 | val_top1=43.00% | val_top5=68.81% | epoch_time=12.2s
Epoch 26/500 | train_loss=1.7080 | train_top1=57.43% | train_top5=81.71% | val_loss=2.4213 | val_top1=43.71% | val_top5=69.80% | epoch_time=12.2s
Epoch 27/500 | train_loss=1.6762 | train_top1=58.20% | train_top5=82.29% | val_loss=2.4044 | val_top1=43.94% | val_top5=69.71% | epoch_time=12.2s
Epoch 28/500 | train_loss=1.6472 | train_top1=58.83% | train_top5=82.74% | val_loss=2.4315 | val_top1=43.84% | val_top5=69.52% | epoch_time=12.1s
Epoch 29/500 | train_loss=1.6192 | train_top1=59.52% | train_top5=83.18% | val_loss=2.4706 | val_top1=43.86% | val_top5=69.03% | epoch_time=12.2s
Epoch 30/500 | train_loss=1.5858 | train_top1=60.17% | train_top5=83.80% | val_loss=2.4898 | val_top1=42.92% | val_top5=68.68% | epoch_time=12.2s
Epoch 31/500 | train_loss=1.5634 | train_top1=60.63% | train_top5=84.04% | val_loss=2.4495 | val_top1=44.33% | val_top5=69.77% | epoch_time=12.2s
Epoch 32/500 | train_loss=1.5295 | train_top1=61.43% | train_top5=84.62% | val_loss=2.4569 | val_top1=44.18% | val_top5=69.72% | epoch_time=12.1s
Epoch 33/500 | train_loss=1.5054 | train_top1=61.97% | train_top5=85.00% | val_loss=2.4598 | val_top1=43.77% | val_top5=69.71% | epoch_time=12.1s
Epoch 34/500 | train_loss=1.4797 | train_top1=62.38% | train_top5=85.44% | val_loss=2.4581 | val_top1=43.90% | val_top5=69.69% | epoch_time=12.2s
Epoch 35/500 | train_loss=1.4582 | train_top1=62.94% | train_top5=85.76% | val_loss=2.4198 | val_top1=44.89% | val_top5=70.62% | epoch_time=12.2s
Epoch 36/500 | train_loss=1.4260 | train_top1=63.75% | train_top5=86.23% | val_loss=2.3835 | val_top1=45.87% | val_top5=71.06% | epoch_time=12.2s
Epoch 37/500 | train_loss=1.3978 | train_top1=64.53% | train_top5=86.63% | val_loss=2.4341 | val_top1=44.83% | val_top5=70.65% | epoch_time=12.1s
Epoch 38/500 | train_loss=1.3840 | train_top1=64.51% | train_top5=86.96% | val_loss=2.4732 | val_top1=44.35% | val_top5=69.92% | epoch_time=12.1s
Epoch 39/500 | train_loss=1.3558 | train_top1=65.39% | train_top5=87.31% | val_loss=2.4135 | val_top1=45.31% | val_top5=70.90% | epoch_time=12.1s
Epoch 40/500 | train_loss=1.3310 | train_top1=65.82% | train_top5=87.68% | val_loss=2.4746 | val_top1=43.91% | val_top5=70.15% | epoch_time=12.1s
Epoch 41/500 | train_loss=1.3166 | train_top1=66.10% | train_top5=88.02% | val_loss=2.4404 | val_top1=44.88% | val_top5=70.57% | epoch_time=12.1s
Epoch 42/500 | train_loss=1.2793 | train_top1=67.09% | train_top5=88.38% | val_loss=2.4144 | val_top1=45.24% | val_top5=70.65% | epoch_time=12.1s
Epoch 43/500 | train_loss=1.2710 | train_top1=67.28% | train_top5=88.67% | val_loss=2.4672 | val_top1=44.17% | val_top5=70.44% | epoch_time=12.1s
Epoch 44/500 | train_loss=1.2417 | train_top1=67.86% | train_top5=88.98% | val_loss=2.4425 | val_top1=44.93% | val_top5=70.56% | epoch_time=12.1s
Epoch 45/500 | train_loss=1.2278 | train_top1=68.03% | train_top5=89.18% | val_loss=2.4471 | val_top1=45.50% | val_top5=70.41% | epoch_time=12.1s
Epoch 46/500 | train_loss=1.2015 | train_top1=68.79% | train_top5=89.57% | val_loss=2.4157 | val_top1=45.07% | val_top5=70.97% | epoch_time=12.3s
Epoch 47/500 | train_loss=1.1798 | train_top1=69.36% | train_top5=89.98% | val_loss=2.5379 | val_top1=43.91% | val_top5=69.59% | epoch_time=12.2s
Epoch 48/500 | train_loss=1.1678 | train_top1=69.48% | train_top5=90.22% | val_loss=2.4120 | val_top1=45.97% | val_top5=71.47% | epoch_time=12.2s
Epoch 49/500 | train_loss=1.1446 | train_top1=70.06% | train_top5=90.44% | val_loss=2.4384 | val_top1=45.22% | val_top5=71.06% | epoch_time=12.1s
Epoch 50/500 | train_loss=1.1213 | train_top1=70.70% | train_top5=90.71% | val_loss=2.4993 | val_top1=45.02% | val_top5=70.26% | epoch_time=12.2s
Epoch 51/500 | train_loss=1.1068 | train_top1=71.06% | train_top5=90.94% | val_loss=2.4996 | val_top1=44.94% | val_top5=70.31% | epoch_time=12.2s
Epoch 52/500 | train_loss=1.0942 | train_top1=71.15% | train_top5=91.07% | val_loss=2.4529 | val_top1=45.58% | val_top5=70.78% | epoch_time=12.1s
Epoch 53/500 | train_loss=1.0767 | train_top1=71.51% | train_top5=91.41% | val_loss=2.4779 | val_top1=45.60% | val_top5=70.75% | epoch_time=12.2s
Epoch 54/500 | train_loss=1.0513 | train_top1=72.41% | train_top5=91.66% | val_loss=2.5247 | val_top1=44.77% | val_top5=70.57% | epoch_time=12.2s
Epoch 55/500 | train_loss=1.0366 | train_top1=72.57% | train_top5=91.98% | val_loss=2.5195 | val_top1=45.34% | val_top5=70.32% | epoch_time=12.2s
Epoch 56/500 | train_loss=1.0263 | train_top1=72.81% | train_top5=92.04% | val_loss=2.5465 | val_top1=44.20% | val_top5=69.85% | epoch_time=12.1s
Epoch 57/500 | train_loss=1.0028 | train_top1=73.37% | train_top5=92.38% | val_loss=2.5112 | val_top1=45.60% | val_top5=70.38% | epoch_time=12.2s
Epoch 58/500 | train_loss=0.9905 | train_top1=73.75% | train_top5=92.53% | val_loss=2.5109 | val_top1=45.11% | val_top5=70.26% | epoch_time=12.2s
Epoch 59/500 | train_loss=0.9709 | train_top1=74.12% | train_top5=92.80% | val_loss=2.5283 | val_top1=45.48% | val_top5=70.54% | epoch_time=12.1s
Epoch 60/500 | train_loss=0.9589 | train_top1=74.53% | train_top5=92.97% | val_loss=2.5381 | val_top1=44.97% | val_top5=70.87% | epoch_time=12.2s
Epoch 61/500 | train_loss=0.9403 | train_top1=74.92% | train_top5=93.16% | val_loss=2.5653 | val_top1=45.05% | val_top5=70.80% | epoch_time=12.2s
Epoch 62/500 | train_loss=0.9289 | train_top1=75.23% | train_top5=93.30% | val_loss=2.5764 | val_top1=44.68% | val_top5=70.10% | epoch_time=12.1s
Epoch 63/500 | train_loss=0.9149 | train_top1=75.63% | train_top5=93.48% | val_loss=2.5772 | val_top1=45.76% | val_top5=70.55% | epoch_time=12.2s
Epoch 64/500 | train_loss=0.9032 | train_top1=75.63% | train_top5=93.75% | val_loss=2.5964 | val_top1=44.72% | val_top5=69.78% | epoch_time=12.2s
Epoch 65/500 | train_loss=0.8907 | train_top1=75.94% | train_top5=93.90% | val_loss=2.5932 | val_top1=44.59% | val_top5=69.99% | epoch_time=12.2s
Epoch 66/500 | train_loss=0.8742 | train_top1=76.46% | train_top5=94.03% | val_loss=2.5822 | val_top1=44.90% | val_top5=70.30% | epoch_time=12.2s
Epoch 67/500 | train_loss=0.8605 | train_top1=76.75% | train_top5=94.26% | val_loss=2.6197 | val_top1=45.24% | val_top5=70.11% | epoch_time=12.2s
Epoch 68/500 | train_loss=0.8510 | train_top1=77.19% | train_top5=94.33% | val_loss=2.6355 | val_top1=45.13% | val_top5=69.71% | epoch_time=12.2s
Epoch 69/500 | train_loss=0.8372 | train_top1=77.30% | train_top5=94.49% | val_loss=2.6643 | val_top1=44.49% | val_top5=68.97% | epoch_time=12.1s
Epoch 70/500 | train_loss=0.8212 | train_top1=77.72% | train_top5=94.78% | val_loss=2.6538 | val_top1=44.66% | val_top5=69.67% | epoch_time=12.1s
Epoch 71/500 | train_loss=0.8092 | train_top1=78.08% | train_top5=94.84% | val_loss=2.6044 | val_top1=45.17% | val_top5=70.01% | epoch_time=12.1s
Epoch 72/500 | train_loss=0.8028 | train_top1=78.17% | train_top5=94.97% | val_loss=2.6678 | val_top1=44.92% | val_top5=69.98% | epoch_time=12.2s
Epoch 73/500 | train_loss=0.7819 | train_top1=78.68% | train_top5=95.21% | val_loss=2.6724 | val_top1=44.52% | val_top5=69.84% | epoch_time=12.2s
Epoch 74/500 | train_loss=0.7694 | train_top1=78.99% | train_top5=95.31% | val_loss=2.6736 | val_top1=44.36% | val_top5=70.08% | epoch_time=12.2s
Epoch 75/500 | train_loss=0.7635 | train_top1=79.21% | train_top5=95.41% | val_loss=2.6812 | val_top1=44.64% | val_top5=69.98% | epoch_time=12.1s
Epoch 76/500 | train_loss=0.7520 | train_top1=79.50% | train_top5=95.50% | val_loss=2.7314 | val_top1=44.33% | val_top5=69.58% | epoch_time=12.2s
Epoch 77/500 | train_loss=0.7397 | train_top1=79.83% | train_top5=95.67% | val_loss=2.7316 | val_top1=45.12% | val_top5=69.59% | epoch_time=12.2s
Epoch 78/500 | train_loss=0.7305 | train_top1=79.94% | train_top5=95.81% | val_loss=2.6913 | val_top1=44.45% | val_top5=69.87% | epoch_time=12.1s
Epoch 79/500 | train_loss=0.7206 | train_top1=80.10% | train_top5=95.90% | val_loss=2.7106 | val_top1=43.89% | val_top5=70.11% | epoch_time=12.2s
Epoch 80/500 | train_loss=0.7030 | train_top1=80.61% | train_top5=96.09% | val_loss=2.6930 | val_top1=44.43% | val_top5=69.92% | epoch_time=12.2s
Epoch 81/500 | train_loss=0.7017 | train_top1=80.58% | train_top5=96.08% | val_loss=2.7459 | val_top1=44.24% | val_top5=69.72% | epoch_time=12.1s
Epoch 82/500 | train_loss=0.6860 | train_top1=81.03% | train_top5=96.25% | val_loss=2.7598 | val_top1=44.44% | val_top5=69.63% | epoch_time=12.1s
Epoch 83/500 | train_loss=0.6782 | train_top1=81.31% | train_top5=96.33% | val_loss=2.7384 | val_top1=44.49% | val_top5=70.50% | epoch_time=12.2s
Epoch 84/500 | train_loss=0.6669 | train_top1=81.86% | train_top5=96.41% | val_loss=2.8048 | val_top1=44.29% | val_top5=69.23% | epoch_time=12.2s
Epoch 85/500 | train_loss=0.6643 | train_top1=81.58% | train_top5=96.47% | val_loss=2.7370 | val_top1=45.35% | val_top5=69.97% | epoch_time=12.1s
Epoch 86/500 | train_loss=0.6503 | train_top1=82.08% | train_top5=96.61% | val_loss=2.7591 | val_top1=45.21% | val_top5=70.24% | epoch_time=12.1s
Epoch 87/500 | train_loss=0.6426 | train_top1=82.30% | train_top5=96.67% | val_loss=2.7407 | val_top1=44.87% | val_top5=70.59% | epoch_time=12.1s
Epoch 88/500 | train_loss=0.6376 | train_top1=82.27% | train_top5=96.81% | val_loss=2.7842 | val_top1=44.82% | val_top5=69.86% | epoch_time=12.2s
Epoch 89/500 | train_loss=0.6268 | train_top1=82.50% | train_top5=96.91% | val_loss=2.7965 | val_top1=44.68% | val_top5=69.84% | epoch_time=12.2s
Epoch 90/500 | train_loss=0.6191 | train_top1=82.63% | train_top5=96.97% | val_loss=2.8476 | val_top1=44.21% | val_top5=69.44% | epoch_time=12.2s
Epoch 91/500 | train_loss=0.6091 | train_top1=83.15% | train_top5=97.07% | val_loss=2.8458 | val_top1=44.22% | val_top5=69.15% | epoch_time=12.1s
Epoch 92/500 | train_loss=0.6065 | train_top1=83.07% | train_top5=97.08% | val_loss=2.8224 | val_top1=44.20% | val_top5=69.03% | epoch_time=12.1s
Epoch 93/500 | train_loss=0.5959 | train_top1=83.30% | train_top5=97.24% | val_loss=2.8225 | val_top1=44.49% | val_top5=69.54% | epoch_time=12.2s
Epoch 94/500 | train_loss=0.5860 | train_top1=83.63% | train_top5=97.33% | val_loss=2.8843 | val_top1=43.85% | val_top5=68.87% | epoch_time=12.2s
Epoch 95/500 | train_loss=0.5767 | train_top1=83.91% | train_top5=97.34% | val_loss=2.8479 | val_top1=44.38% | val_top5=69.57% | epoch_time=12.2s
Epoch 96/500 | train_loss=0.5677 | train_top1=84.04% | train_top5=97.50% | val_loss=2.8828 | val_top1=44.04% | val_top5=69.20% | epoch_time=12.2s
Epoch 97/500 | train_loss=0.5604 | train_top1=84.35% | train_top5=97.51% | val_loss=2.8539 | val_top1=44.04% | val_top5=69.64% | epoch_time=12.2s
Epoch 98/500 | train_loss=0.5545 | train_top1=84.48% | train_top5=97.54% | val_loss=2.8850 | val_top1=43.88% | val_top5=69.34% | epoch_time=12.1s
Epoch 99/500 | train_loss=0.5506 | train_top1=84.48% | train_top5=97.63% | val_loss=2.9269 | val_top1=44.18% | val_top5=69.00% | epoch_time=12.1s
Epoch 100/500 | train_loss=0.5460 | train_top1=84.57% | train_top5=97.72% | val_loss=2.9537 | val_top1=44.49% | val_top5=69.26% | epoch_time=12.1s
Epoch 101/500 | train_loss=0.5386 | train_top1=84.76% | train_top5=97.72% | val_loss=2.8871 | val_top1=44.35% | val_top5=69.44% | epoch_time=12.2s
Epoch 102/500 | train_loss=0.5380 | train_top1=84.80% | train_top5=97.72% | val_loss=2.8996 | val_top1=43.92% | val_top5=69.56% | epoch_time=12.2s
Epoch 103/500 | train_loss=0.5235 | train_top1=85.28% | train_top5=97.83% | val_loss=2.9022 | val_top1=44.64% | val_top5=69.45% | epoch_time=12.1s
Epoch 104/500 | train_loss=0.5143 | train_top1=85.49% | train_top5=97.93% | val_loss=2.9386 | val_top1=44.23% | val_top5=68.88% | epoch_time=12.2s
Epoch 105/500 | train_loss=0.5135 | train_top1=85.56% | train_top5=97.96% | val_loss=2.9068 | val_top1=44.69% | val_top5=69.81% | epoch_time=12.1s
Epoch 106/500 | train_loss=0.4995 | train_top1=85.87% | train_top5=98.10% | val_loss=2.9526 | val_top1=44.58% | val_top5=69.61% | epoch_time=12.2s
Epoch 107/500 | train_loss=0.4970 | train_top1=85.95% | train_top5=98.09% | val_loss=2.9350 | val_top1=44.48% | val_top5=68.93% | epoch_time=12.1s
Epoch 108/500 | train_loss=0.4974 | train_top1=85.92% | train_top5=98.06% | val_loss=2.9940 | val_top1=44.22% | val_top5=69.36% | epoch_time=12.2s
Epoch 109/500 | train_loss=0.4882 | train_top1=86.19% | train_top5=98.13% | val_loss=2.9616 | val_top1=44.28% | val_top5=69.56% | epoch_time=12.2s
Epoch 110/500 | train_loss=0.4803 | train_top1=86.41% | train_top5=98.22% | val_loss=3.0020 | val_top1=44.05% | val_top5=69.22% | epoch_time=12.1s
Epoch 111/500 | train_loss=0.4734 | train_top1=86.74% | train_top5=98.32% | val_loss=2.9512 | val_top1=44.18% | val_top5=69.41% | epoch_time=12.1s
Epoch 112/500 | train_loss=0.4697 | train_top1=86.56% | train_top5=98.33% | val_loss=2.9989 | val_top1=44.37% | val_top5=69.34% | epoch_time=12.3s
Epoch 113/500 | train_loss=0.4678 | train_top1=86.66% | train_top5=98.32% | val_loss=2.9901 | val_top1=44.29% | val_top5=69.36% | epoch_time=12.1s
Epoch 114/500 | train_loss=0.4617 | train_top1=86.83% | train_top5=98.36% | val_loss=3.0362 | val_top1=44.15% | val_top5=68.91% | epoch_time=12.1s
Epoch 115/500 | train_loss=0.4575 | train_top1=86.91% | train_top5=98.41% | val_loss=3.0568 | val_top1=43.44% | val_top5=68.54% | epoch_time=12.1s
Epoch 116/500 | train_loss=0.4583 | train_top1=86.85% | train_top5=98.47% | val_loss=3.0011 | val_top1=44.28% | val_top5=69.35% | epoch_time=12.2s
Epoch 117/500 | train_loss=0.4470 | train_top1=87.19% | train_top5=98.45% | val_loss=3.0317 | val_top1=44.44% | val_top5=69.48% | epoch_time=12.2s
Epoch 118/500 | train_loss=0.4413 | train_top1=87.35% | train_top5=98.51% | val_loss=2.9937 | val_top1=44.15% | val_top5=69.21% | epoch_time=12.2s
Epoch 119/500 | train_loss=0.4415 | train_top1=87.38% | train_top5=98.55% | val_loss=3.0672 | val_top1=43.86% | val_top5=69.02% | epoch_time=12.2s
Epoch 120/500 | train_loss=0.4285 | train_top1=87.79% | train_top5=98.55% | val_loss=3.0378 | val_top1=44.47% | val_top5=69.37% | epoch_time=12.1s
Epoch 121/500 | train_loss=0.4266 | train_top1=87.87% | train_top5=98.58% | val_loss=3.1167 | val_top1=43.78% | val_top5=68.28% | epoch_time=12.2s
Epoch 122/500 | train_loss=0.4284 | train_top1=87.72% | train_top5=98.64% | val_loss=3.0416 | val_top1=44.60% | val_top5=68.92% | epoch_time=12.1s
Epoch 123/500 | train_loss=0.4225 | train_top1=87.90% | train_top5=98.65% | val_loss=3.1133 | val_top1=44.02% | val_top5=68.67% | epoch_time=12.2s
Epoch 124/500 | train_loss=0.4146 | train_top1=88.16% | train_top5=98.70% | val_loss=3.1039 | val_top1=43.66% | val_top5=69.09% | epoch_time=12.1s
Epoch 125/500 | train_loss=0.4128 | train_top1=88.16% | train_top5=98.68% | val_loss=3.1294 | val_top1=43.97% | val_top5=68.84% | epoch_time=12.1s
Epoch 126/500 | train_loss=0.4061 | train_top1=88.36% | train_top5=98.78% | val_loss=3.1578 | val_top1=44.05% | val_top5=68.53% | epoch_time=12.1s
Epoch 127/500 | train_loss=0.4092 | train_top1=87.96% | train_top5=98.76% | val_loss=3.1066 | val_top1=43.94% | val_top5=68.89% | epoch_time=12.2s
Epoch 128/500 | train_loss=0.4036 | train_top1=88.32% | train_top5=98.82% | val_loss=3.1577 | val_top1=43.58% | val_top5=68.62% | epoch_time=12.1s
Epoch 129/500 | train_loss=0.4003 | train_top1=88.39% | train_top5=98.81% | val_loss=3.1211 | val_top1=44.31% | val_top5=68.93% | epoch_time=12.2s
Epoch 130/500 | train_loss=0.3918 | train_top1=88.72% | train_top5=98.85% | val_loss=3.1645 | val_top1=44.02% | val_top5=68.50% | epoch_time=12.1s
Epoch 131/500 | train_loss=0.3894 | train_top1=88.74% | train_top5=98.88% | val_loss=3.1322 | val_top1=44.31% | val_top5=69.10% | epoch_time=12.1s
Epoch 132/500 | train_loss=0.3851 | train_top1=88.94% | train_top5=98.89% | val_loss=3.1965 | val_top1=43.66% | val_top5=68.50% | epoch_time=12.1s
Epoch 133/500 | train_loss=0.3830 | train_top1=88.97% | train_top5=98.89% | val_loss=3.1638 | val_top1=44.37% | val_top5=69.17% | epoch_time=12.2s
Epoch 134/500 | train_loss=0.3827 | train_top1=88.97% | train_top5=98.90% | val_loss=3.1627 | val_top1=44.48% | val_top5=69.44% | epoch_time=12.3s
Epoch 135/500 | train_loss=0.3786 | train_top1=89.05% | train_top5=98.91% | val_loss=3.1661 | val_top1=44.28% | val_top5=69.19% | epoch_time=12.2s
Epoch 136/500 | train_loss=0.3734 | train_top1=89.22% | train_top5=98.97% | val_loss=3.1909 | val_top1=44.44% | val_top5=69.11% | epoch_time=12.1s
Epoch 137/500 | train_loss=0.3759 | train_top1=89.04% | train_top5=98.95% | val_loss=3.1890 | val_top1=44.10% | val_top5=68.98% | epoch_time=12.1s
Epoch 138/500 | train_loss=0.3708 | train_top1=89.16% | train_top5=99.00% | val_loss=3.1946 | val_top1=44.12% | val_top5=69.36% | epoch_time=12.1s
Epoch 139/500 | train_loss=0.3632 | train_top1=89.48% | train_top5=98.99% | val_loss=3.2369 | val_top1=44.15% | val_top5=69.48% | epoch_time=12.2s
Epoch 140/500 | train_loss=0.3644 | train_top1=89.56% | train_top5=98.97% | val_loss=3.2742 | val_top1=43.46% | val_top5=68.53% | epoch_time=12.2s
Epoch 141/500 | train_loss=0.3591 | train_top1=89.54% | train_top5=99.06% | val_loss=3.2164 | val_top1=44.37% | val_top5=68.97% | epoch_time=12.2s
Epoch 142/500 | train_loss=0.3499 | train_top1=89.77% | train_top5=99.13% | val_loss=3.2436 | val_top1=43.88% | val_top5=68.63% | epoch_time=12.2s
Epoch 143/500 | train_loss=0.3573 | train_top1=89.66% | train_top5=99.08% | val_loss=3.2428 | val_top1=44.17% | val_top5=69.00% | epoch_time=12.1s
Epoch 144/500 | train_loss=0.3486 | train_top1=89.82% | train_top5=99.12% | val_loss=3.2611 | val_top1=43.80% | val_top5=68.57% | epoch_time=12.2s
Epoch 145/500 | train_loss=0.3457 | train_top1=89.95% | train_top5=99.09% | val_loss=3.2568 | val_top1=43.96% | val_top5=69.27% | epoch_time=12.2s
Epoch 146/500 | train_loss=0.3468 | train_top1=89.90% | train_top5=99.14% | val_loss=3.2824 | val_top1=43.92% | val_top5=68.90% | epoch_time=12.1s
Epoch 147/500 | train_loss=0.3427 | train_top1=90.03% | train_top5=99.14% | val_loss=3.3499 | val_top1=43.62% | val_top5=68.62% | epoch_time=12.1s
Epoch 148/500 | train_loss=0.3454 | train_top1=89.90% | train_top5=99.12% | val_loss=3.2998 | val_top1=44.00% | val_top5=69.02% | epoch_time=12.1s
Epoch 149/500 | train_loss=0.3359 | train_top1=90.22% | train_top5=99.21% | val_loss=3.2650 | val_top1=44.08% | val_top5=69.37% | epoch_time=12.2s
Epoch 150/500 | train_loss=0.3288 | train_top1=90.44% | train_top5=99.21% | val_loss=3.3248 | val_top1=43.85% | val_top5=68.90% | epoch_time=12.2s
Epoch 151/500 | train_loss=0.3266 | train_top1=90.54% | train_top5=99.19% | val_loss=3.3185 | val_top1=43.71% | val_top5=68.89% | epoch_time=12.2s
Epoch 152/500 | train_loss=0.3307 | train_top1=90.38% | train_top5=99.17% | val_loss=3.2674 | val_top1=43.94% | val_top5=68.61% | epoch_time=12.1s
Epoch 153/500 | train_loss=0.3283 | train_top1=90.37% | train_top5=99.20% | val_loss=3.3088 | val_top1=43.87% | val_top5=68.86% | epoch_time=12.1s
Epoch 154/500 | train_loss=0.3192 | train_top1=90.63% | train_top5=99.30% | val_loss=3.3563 | val_top1=43.48% | val_top5=68.04% | epoch_time=12.1s
Epoch 155/500 | train_loss=0.3228 | train_top1=90.60% | train_top5=99.27% | val_loss=3.3117 | val_top1=44.16% | val_top5=69.09% | epoch_time=12.2s
Epoch 156/500 | train_loss=0.3203 | train_top1=90.58% | train_top5=99.23% | val_loss=3.3695 | val_top1=43.97% | val_top5=68.48% | epoch_time=12.2s
Epoch 157/500 | train_loss=0.3199 | train_top1=90.55% | train_top5=99.23% | val_loss=3.3578 | val_top1=43.92% | val_top5=68.55% | epoch_time=12.2s
Epoch 158/500 | train_loss=0.3144 | train_top1=90.82% | train_top5=99.25% | val_loss=3.3848 | val_top1=43.19% | val_top5=68.53% | epoch_time=12.2s
Epoch 159/500 | train_loss=0.3110 | train_top1=90.81% | train_top5=99.34% | val_loss=3.3630 | val_top1=43.76% | val_top5=68.89% | epoch_time=12.1s
Epoch 160/500 | train_loss=0.3074 | train_top1=90.94% | train_top5=99.31% | val_loss=3.3431 | val_top1=44.27% | val_top5=68.92% | epoch_time=12.1s
Epoch 161/500 | train_loss=0.3083 | train_top1=90.90% | train_top5=99.28% | val_loss=3.3340 | val_top1=44.30% | val_top5=68.97% | epoch_time=12.1s
Epoch 162/500 | train_loss=0.3044 | train_top1=90.97% | train_top5=99.33% | val_loss=3.3708 | val_top1=44.03% | val_top5=68.88% | epoch_time=12.1s
Epoch 163/500 | train_loss=0.3050 | train_top1=91.07% | train_top5=99.31% | val_loss=3.3761 | val_top1=44.07% | val_top5=68.61% | epoch_time=12.1s
Epoch 164/500 | train_loss=0.3077 | train_top1=90.96% | train_top5=99.30% | val_loss=3.3825 | val_top1=43.87% | val_top5=68.29% | epoch_time=12.2s
Epoch 165/500 | train_loss=0.2978 | train_top1=91.30% | train_top5=99.34% | val_loss=3.3788 | val_top1=43.94% | val_top5=68.51% | epoch_time=12.1s
Epoch 166/500 | train_loss=0.2965 | train_top1=91.25% | train_top5=99.33% | val_loss=3.3994 | val_top1=43.62% | val_top5=68.69% | epoch_time=12.2s
Epoch 167/500 | train_loss=0.2947 | train_top1=91.37% | train_top5=99.35% | val_loss=3.4262 | val_top1=43.59% | val_top5=68.48% | epoch_time=12.2s
Epoch 168/500 | train_loss=0.2987 | train_top1=91.14% | train_top5=99.39% | val_loss=3.3985 | val_top1=43.89% | val_top5=68.83% | epoch_time=12.1s
Epoch 169/500 | train_loss=0.2905 | train_top1=91.51% | train_top5=99.38% | val_loss=3.3699 | val_top1=43.73% | val_top5=68.58% | epoch_time=12.1s
Epoch 170/500 | train_loss=0.2924 | train_top1=91.33% | train_top5=99.36% | val_loss=3.4532 | val_top1=44.07% | val_top5=68.50% | epoch_time=12.1s
Epoch 171/500 | train_loss=0.2856 | train_top1=91.63% | train_top5=99.38% | val_loss=3.4228 | val_top1=44.21% | val_top5=68.40% | epoch_time=12.1s
Epoch 172/500 | train_loss=0.2791 | train_top1=91.83% | train_top5=99.46% | val_loss=3.4187 | val_top1=44.21% | val_top5=68.62% | epoch_time=12.1s
Epoch 173/500 | train_loss=0.2813 | train_top1=91.71% | train_top5=99.39% | val_loss=3.5065 | val_top1=43.06% | val_top5=67.85% | epoch_time=12.1s
Epoch 174/500 | train_loss=0.2833 | train_top1=91.60% | train_top5=99.41% | val_loss=3.4459 | val_top1=44.03% | val_top5=68.48% | epoch_time=12.1s
Epoch 175/500 | train_loss=0.2830 | train_top1=91.60% | train_top5=99.42% | val_loss=3.4931 | val_top1=43.73% | val_top5=68.37% | epoch_time=12.2s
Epoch 176/500 | train_loss=0.2750 | train_top1=91.86% | train_top5=99.47% | val_loss=3.5045 | val_top1=43.51% | val_top5=68.05% | epoch_time=12.1s
Epoch 177/500 | train_loss=0.2795 | train_top1=91.76% | train_top5=99.43% | val_loss=3.5098 | val_top1=43.30% | val_top5=68.34% | epoch_time=12.1s
Epoch 178/500 | train_loss=0.2819 | train_top1=91.54% | train_top5=99.45% | val_loss=3.4477 | val_top1=44.05% | val_top5=68.02% | epoch_time=12.2s
Epoch 179/500 | train_loss=0.2731 | train_top1=91.92% | train_top5=99.44% | val_loss=3.5019 | val_top1=43.70% | val_top5=68.21% | epoch_time=12.1s
Epoch 180/500 | train_loss=0.2748 | train_top1=91.91% | train_top5=99.47% | val_loss=3.5446 | val_top1=43.56% | val_top5=68.00% | epoch_time=12.1s
Epoch 181/500 | train_loss=0.2730 | train_top1=91.98% | train_top5=99.42% | val_loss=3.5005 | val_top1=43.64% | val_top5=68.49% | epoch_time=12.1s
Epoch 182/500 | train_loss=0.2650 | train_top1=92.18% | train_top5=99.48% | val_loss=3.4948 | val_top1=44.34% | val_top5=68.44% | epoch_time=12.2s
Epoch 183/500 | train_loss=0.2642 | train_top1=92.19% | train_top5=99.47% | val_loss=3.5379 | val_top1=44.14% | val_top5=68.36% | epoch_time=12.2s
Epoch 184/500 | train_loss=0.2634 | train_top1=92.20% | train_top5=99.48% | val_loss=3.4721 | val_top1=43.78% | val_top5=68.58% | epoch_time=12.2s
Epoch 185/500 | train_loss=0.2684 | train_top1=91.90% | train_top5=99.49% | val_loss=3.5584 | val_top1=43.72% | val_top5=68.48% | epoch_time=12.1s
Epoch 186/500 | train_loss=0.2639 | train_top1=92.10% | train_top5=99.50% | val_loss=3.5772 | val_top1=43.59% | val_top5=68.21% | epoch_time=12.2s
Epoch 187/500 | train_loss=0.2635 | train_top1=92.23% | train_top5=99.48% | val_loss=3.5324 | val_top1=43.91% | val_top5=68.89% | epoch_time=12.2s
Epoch 188/500 | train_loss=0.2643 | train_top1=92.13% | train_top5=99.47% | val_loss=3.5050 | val_top1=43.75% | val_top5=68.63% | epoch_time=12.1s
Epoch 189/500 | train_loss=0.2619 | train_top1=92.18% | train_top5=99.47% | val_loss=3.5416 | val_top1=43.48% | val_top5=68.56% | epoch_time=12.3s
Epoch 190/500 | train_loss=0.2555 | train_top1=92.41% | train_top5=99.53% | val_loss=3.5231 | val_top1=44.20% | val_top5=68.17% | epoch_time=12.1s
Epoch 191/500 | train_loss=0.2546 | train_top1=92.52% | train_top5=99.48% | val_loss=3.5463 | val_top1=44.59% | val_top5=68.76% | epoch_time=12.2s
Epoch 192/500 | train_loss=0.2591 | train_top1=92.29% | train_top5=99.50% | val_loss=3.5818 | val_top1=43.06% | val_top5=68.64% | epoch_time=12.1s
Epoch 193/500 | train_loss=0.2521 | train_top1=92.52% | train_top5=99.51% | val_loss=3.5366 | val_top1=43.94% | val_top5=68.80% | epoch_time=12.3s
Epoch 194/500 | train_loss=0.2558 | train_top1=92.38% | train_top5=99.54% | val_loss=3.6088 | val_top1=43.69% | val_top5=68.48% | epoch_time=12.2s
Epoch 195/500 | train_loss=0.2538 | train_top1=92.55% | train_top5=99.51% | val_loss=3.5255 | val_top1=44.33% | val_top5=68.85% | epoch_time=12.1s
Epoch 196/500 | train_loss=0.2512 | train_top1=92.58% | train_top5=99.53% | val_loss=3.5674 | val_top1=43.40% | val_top5=68.11% | epoch_time=12.2s
Epoch 197/500 | train_loss=0.2469 | train_top1=92.70% | train_top5=99.51% | val_loss=3.6088 | val_top1=43.48% | val_top5=68.22% | epoch_time=12.2s
Epoch 198/500 | train_loss=0.2460 | train_top1=92.58% | train_top5=99.50% | val_loss=3.6629 | val_top1=43.27% | val_top5=67.94% | epoch_time=12.4s
Epoch 199/500 | train_loss=0.2423 | train_top1=92.84% | train_top5=99.56% | val_loss=3.6048 | val_top1=43.10% | val_top5=68.03% | epoch_time=12.4s
Epoch 200/500 | train_loss=0.2502 | train_top1=92.58% | train_top5=99.53% | val_loss=3.6472 | val_top1=43.24% | val_top5=68.09% | epoch_time=12.5s
Epoch 201/500 | train_loss=0.2463 | train_top1=92.65% | train_top5=99.55% | val_loss=3.6082 | val_top1=43.82% | val_top5=67.97% | epoch_time=14.7s
Epoch 202/500 | train_loss=0.2410 | train_top1=92.79% | train_top5=99.58% | val_loss=3.6226 | val_top1=43.73% | val_top5=68.12% | epoch_time=12.8s
Epoch 203/500 | train_loss=0.2452 | train_top1=92.65% | train_top5=99.56% | val_loss=3.6045 | val_top1=43.79% | val_top5=68.44% | epoch_time=12.1s
Epoch 204/500 | train_loss=0.2364 | train_top1=92.94% | train_top5=99.60% | val_loss=3.6008 | val_top1=43.53% | val_top5=68.55% | epoch_time=12.1s
Epoch 205/500 | train_loss=0.2398 | train_top1=92.88% | train_top5=99.56% | val_loss=3.6937 | val_top1=42.85% | val_top5=67.81% | epoch_time=12.1s
Epoch 206/500 | train_loss=0.2425 | train_top1=92.71% | train_top5=99.52% | val_loss=3.6420 | val_top1=43.88% | val_top5=68.28% | epoch_time=12.1s
Epoch 207/500 | train_loss=0.2360 | train_top1=92.92% | train_top5=99.59% | val_loss=3.6799 | val_top1=43.47% | val_top5=68.20% | epoch_time=12.2s
Epoch 208/500 | train_loss=0.2354 | train_top1=93.08% | train_top5=99.55% | val_loss=3.6421 | val_top1=44.18% | val_top5=68.85% | epoch_time=12.1s
Epoch 209/500 | train_loss=0.2339 | train_top1=93.02% | train_top5=99.57% | val_loss=3.7196 | val_top1=43.20% | val_top5=68.16% | epoch_time=12.3s
Epoch 210/500 | train_loss=0.2370 | train_top1=92.86% | train_top5=99.56% | val_loss=3.6263 | val_top1=43.65% | val_top5=68.49% | epoch_time=12.1s
Epoch 211/500 | train_loss=0.2358 | train_top1=92.97% | train_top5=99.58% | val_loss=3.7062 | val_top1=43.51% | val_top5=67.88% | epoch_time=12.2s
Epoch 212/500 | train_loss=0.2306 | train_top1=93.07% | train_top5=99.62% | val_loss=3.6350 | val_top1=43.60% | val_top5=68.78% | epoch_time=12.1s
Epoch 213/500 | train_loss=0.2272 | train_top1=93.22% | train_top5=99.61% | val_loss=3.6928 | val_top1=43.79% | val_top5=68.59% | epoch_time=12.1s
Epoch 214/500 | train_loss=0.2242 | train_top1=93.36% | train_top5=99.58% | val_loss=3.6817 | val_top1=43.42% | val_top5=68.03% | epoch_time=12.1s
Epoch 215/500 | train_loss=0.2220 | train_top1=93.41% | train_top5=99.59% | val_loss=3.6815 | val_top1=43.64% | val_top5=68.10% | epoch_time=12.2s
Epoch 216/500 | train_loss=0.2268 | train_top1=93.21% | train_top5=99.61% | val_loss=3.7382 | val_top1=43.30% | val_top5=68.09% | epoch_time=12.1s
Epoch 217/500 | train_loss=0.2294 | train_top1=93.20% | train_top5=99.58% | val_loss=3.7342 | val_top1=43.80% | val_top5=68.19% | epoch_time=12.1s
Epoch 218/500 | train_loss=0.2240 | train_top1=93.29% | train_top5=99.61% | val_loss=3.7196 | val_top1=43.33% | val_top5=68.75% | epoch_time=12.1s
Epoch 219/500 | train_loss=0.2242 | train_top1=93.29% | train_top5=99.60% | val_loss=3.6936 | val_top1=43.72% | val_top5=68.25% | epoch_time=12.2s
Epoch 220/500 | train_loss=0.2280 | train_top1=93.06% | train_top5=99.61% | val_loss=3.7094 | val_top1=43.68% | val_top5=68.53% | epoch_time=12.2s
Epoch 221/500 | train_loss=0.2208 | train_top1=93.42% | train_top5=99.62% | val_loss=3.7415 | val_top1=42.99% | val_top5=68.16% | epoch_time=12.1s
Epoch 222/500 | train_loss=0.2260 | train_top1=93.20% | train_top5=99.61% | val_loss=3.7775 | val_top1=43.10% | val_top5=68.10% | epoch_time=12.2s
Epoch 223/500 | train_loss=0.2186 | train_top1=93.46% | train_top5=99.62% | val_loss=3.7441 | val_top1=43.55% | val_top5=68.34% | epoch_time=12.2s
Epoch 224/500 | train_loss=0.2164 | train_top1=93.53% | train_top5=99.67% | val_loss=3.6683 | val_top1=43.24% | val_top5=68.52% | epoch_time=12.1s
Epoch 225/500 | train_loss=0.2141 | train_top1=93.56% | train_top5=99.62% | val_loss=3.7079 | val_top1=43.25% | val_top5=68.32% | epoch_time=12.2s
Epoch 226/500 | train_loss=0.2159 | train_top1=93.57% | train_top5=99.62% | val_loss=3.7642 | val_top1=43.27% | val_top5=68.41% | epoch_time=12.4s
Epoch 227/500 | train_loss=0.2180 | train_top1=93.44% | train_top5=99.62% | val_loss=3.7945 | val_top1=43.30% | val_top5=68.56% | epoch_time=12.1s
Epoch 228/500 | train_loss=0.2194 | train_top1=93.37% | train_top5=99.61% | val_loss=3.7828 | val_top1=43.48% | val_top5=68.31% | epoch_time=12.1s
Epoch 229/500 | train_loss=0.2160 | train_top1=93.50% | train_top5=99.62% | val_loss=3.7552 | val_top1=43.65% | val_top5=68.35% | epoch_time=12.1s
Epoch 230/500 | train_loss=0.2148 | train_top1=93.54% | train_top5=99.64% | val_loss=3.6901 | val_top1=43.70% | val_top5=68.51% | epoch_time=12.2s
Epoch 231/500 | train_loss=0.2099 | train_top1=93.76% | train_top5=99.67% | val_loss=3.7706 | val_top1=43.59% | val_top5=68.32% | epoch_time=12.2s
Epoch 232/500 | train_loss=0.2151 | train_top1=93.48% | train_top5=99.65% | val_loss=3.7619 | val_top1=43.64% | val_top5=68.30% | epoch_time=12.1s
Epoch 233/500 | train_loss=0.2101 | train_top1=93.68% | train_top5=99.66% | val_loss=3.7912 | val_top1=43.47% | val_top5=68.01% | epoch_time=12.1s
Epoch 234/500 | train_loss=0.2056 | train_top1=93.84% | train_top5=99.63% | val_loss=3.7205 | val_top1=44.19% | val_top5=68.74% | epoch_time=12.1s
Epoch 235/500 | train_loss=0.2088 | train_top1=93.74% | train_top5=99.67% | val_loss=3.8047 | val_top1=43.47% | val_top5=68.16% | epoch_time=12.0s
Epoch 236/500 | train_loss=0.2094 | train_top1=93.68% | train_top5=99.67% | val_loss=3.7438 | val_top1=43.61% | val_top5=68.46% | epoch_time=12.0s
Epoch 237/500 | train_loss=0.2103 | train_top1=93.70% | train_top5=99.63% | val_loss=3.7753 | val_top1=43.91% | val_top5=68.23% | epoch_time=12.0s
Epoch 238/500 | train_loss=0.2066 | train_top1=93.77% | train_top5=99.63% | val_loss=3.8211 | val_top1=43.34% | val_top5=68.38% | epoch_time=12.0s
Epoch 239/500 | train_loss=0.2004 | train_top1=94.04% | train_top5=99.68% | val_loss=3.7525 | val_top1=44.00% | val_top5=68.40% | epoch_time=12.1s
Epoch 240/500 | train_loss=0.2073 | train_top1=93.71% | train_top5=99.66% | val_loss=3.8740 | val_top1=43.14% | val_top5=67.86% | epoch_time=12.1s
Epoch 241/500 | train_loss=0.2034 | train_top1=93.84% | train_top5=99.69% | val_loss=3.8007 | val_top1=43.89% | val_top5=68.38% | epoch_time=12.1s
Epoch 242/500 | train_loss=0.2059 | train_top1=93.73% | train_top5=99.66% | val_loss=3.8173 | val_top1=43.96% | val_top5=68.58% | epoch_time=12.0s
Epoch 243/500 | train_loss=0.2011 | train_top1=93.87% | train_top5=99.70% | val_loss=3.8340 | val_top1=43.94% | val_top5=68.93% | epoch_time=12.0s
Epoch 244/500 | train_loss=0.1987 | train_top1=94.03% | train_top5=99.68% | val_loss=3.8344 | val_top1=43.80% | val_top5=68.09% | epoch_time=12.0s
Epoch 245/500 | train_loss=0.2011 | train_top1=94.02% | train_top5=99.65% | val_loss=3.8256 | val_top1=44.00% | val_top5=68.24% | epoch_time=12.1s
Epoch 246/500 | train_loss=0.2084 | train_top1=93.70% | train_top5=99.67% | val_loss=3.8919 | val_top1=43.61% | val_top5=68.13% | epoch_time=12.1s
Epoch 247/500 | train_loss=0.1975 | train_top1=93.94% | train_top5=99.72% | val_loss=3.8306 | val_top1=43.90% | val_top5=68.08% | epoch_time=12.0s
Epoch 248/500 | train_loss=0.1992 | train_top1=94.01% | train_top5=99.69% | val_loss=3.8562 | val_top1=43.94% | val_top5=68.35% | epoch_time=12.1s
Epoch 249/500 | train_loss=0.1951 | train_top1=94.17% | train_top5=99.68% | val_loss=3.8895 | val_top1=43.67% | val_top5=68.66% | epoch_time=12.0s
Epoch 250/500 | train_loss=0.1968 | train_top1=94.02% | train_top5=99.70% | val_loss=3.8209 | val_top1=43.96% | val_top5=68.72% | epoch_time=12.0s
Epoch 251/500 | train_loss=0.1931 | train_top1=94.12% | train_top5=99.71% | val_loss=3.8363 | val_top1=43.61% | val_top5=68.11% | epoch_time=12.0s
Epoch 252/500 | train_loss=0.1962 | train_top1=94.10% | train_top5=99.67% | val_loss=3.8470 | val_top1=43.53% | val_top5=68.09% | epoch_time=12.1s
Epoch 253/500 | train_loss=0.1964 | train_top1=93.96% | train_top5=99.70% | val_loss=3.8672 | val_top1=43.66% | val_top5=68.79% | epoch_time=12.0s
Epoch 254/500 | train_loss=0.1950 | train_top1=94.12% | train_top5=99.69% | val_loss=3.8265 | val_top1=43.97% | val_top5=68.71% | epoch_time=12.1s
Epoch 255/500 | train_loss=0.1991 | train_top1=94.04% | train_top5=99.67% | val_loss=3.8817 | val_top1=43.96% | val_top5=68.36% | epoch_time=12.2s
Epoch 256/500 | train_loss=0.1910 | train_top1=94.18% | train_top5=99.70% | val_loss=3.8831 | val_top1=43.62% | val_top5=68.69% | epoch_time=12.2s
Epoch 257/500 | train_loss=0.1942 | train_top1=94.07% | train_top5=99.70% | val_loss=3.8675 | val_top1=43.41% | val_top5=68.29% | epoch_time=12.1s
Epoch 258/500 | train_loss=0.1968 | train_top1=93.99% | train_top5=99.70% | val_loss=3.8610 | val_top1=43.37% | val_top5=68.42% | epoch_time=12.1s
Epoch 259/500 | train_loss=0.1896 | train_top1=94.29% | train_top5=99.69% | val_loss=3.8857 | val_top1=43.26% | val_top5=68.32% | epoch_time=12.1s
Epoch 260/500 | train_loss=0.1921 | train_top1=94.09% | train_top5=99.72% | val_loss=3.9234 | val_top1=43.71% | val_top5=68.28% | epoch_time=12.1s
Epoch 261/500 | train_loss=0.1939 | train_top1=94.08% | train_top5=99.69% | val_loss=3.9234 | val_top1=43.76% | val_top5=68.32% | epoch_time=12.0s
Epoch 262/500 | train_loss=0.1854 | train_top1=94.41% | train_top5=99.70% | val_loss=3.9352 | val_top1=43.94% | val_top5=68.19% | epoch_time=12.0s
Epoch 263/500 | train_loss=0.1882 | train_top1=94.28% | train_top5=99.70% | val_loss=3.9238 | val_top1=43.51% | val_top5=68.16% | epoch_time=12.1s
Epoch 264/500 | train_loss=0.1855 | train_top1=94.40% | train_top5=99.71% | val_loss=4.0306 | val_top1=43.14% | val_top5=67.38% | epoch_time=12.0s
Epoch 265/500 | train_loss=0.1869 | train_top1=94.31% | train_top5=99.73% | val_loss=3.8884 | val_top1=43.80% | val_top5=68.09% | epoch_time=12.0s
Epoch 266/500 | train_loss=0.1868 | train_top1=94.27% | train_top5=99.76% | val_loss=3.9210 | val_top1=43.52% | val_top5=68.25% | epoch_time=12.1s
Epoch 267/500 | train_loss=0.1861 | train_top1=94.37% | train_top5=99.72% | val_loss=3.9410 | val_top1=43.55% | val_top5=68.36% | epoch_time=12.2s
Epoch 268/500 | train_loss=0.1822 | train_top1=94.50% | train_top5=99.71% | val_loss=3.8807 | val_top1=43.89% | val_top5=68.74% | epoch_time=12.0s
Epoch 269/500 | train_loss=0.1828 | train_top1=94.45% | train_top5=99.73% | val_loss=3.9220 | val_top1=43.38% | val_top5=68.00% | epoch_time=12.0s
Epoch 270/500 | train_loss=0.1851 | train_top1=94.33% | train_top5=99.72% | val_loss=3.8923 | val_top1=43.41% | val_top5=68.48% | epoch_time=12.1s
Epoch 271/500 | train_loss=0.1882 | train_top1=94.27% | train_top5=99.67% | val_loss=3.9257 | val_top1=43.33% | val_top5=68.38% | epoch_time=12.0s
Epoch 272/500 | train_loss=0.1849 | train_top1=94.38% | train_top5=99.72% | val_loss=3.9150 | val_top1=43.57% | val_top5=68.51% | epoch_time=12.2s
Epoch 273/500 | train_loss=0.1839 | train_top1=94.52% | train_top5=99.71% | val_loss=3.9962 | val_top1=43.36% | val_top5=67.84% | epoch_time=12.1s
Epoch 274/500 | train_loss=0.1822 | train_top1=94.51% | train_top5=99.70% | val_loss=3.9615 | val_top1=43.52% | val_top5=68.34% | epoch_time=12.0s
Epoch 275/500 | train_loss=0.1760 | train_top1=94.64% | train_top5=99.75% | val_loss=3.9164 | val_top1=44.48% | val_top5=68.42% | epoch_time=12.1s
Epoch 276/500 | train_loss=0.1813 | train_top1=94.52% | train_top5=99.74% | val_loss=4.0064 | val_top1=43.95% | val_top5=68.42% | epoch_time=12.2s
Epoch 277/500 | train_loss=0.1764 | train_top1=94.60% | train_top5=99.72% | val_loss=3.9530 | val_top1=43.69% | val_top5=68.10% | epoch_time=12.1s
Epoch 278/500 | train_loss=0.1806 | train_top1=94.55% | train_top5=99.73% | val_loss=3.9283 | val_top1=43.44% | val_top5=68.12% | epoch_time=12.2s
Epoch 279/500 | train_loss=0.1768 | train_top1=94.64% | train_top5=99.74% | val_loss=3.9552 | val_top1=43.79% | val_top5=68.09% | epoch_time=12.2s
Epoch 280/500 | train_loss=0.1792 | train_top1=94.53% | train_top5=99.73% | val_loss=3.9692 | val_top1=43.21% | val_top5=68.12% | epoch_time=12.0s
Epoch 281/500 | train_loss=0.1796 | train_top1=94.48% | train_top5=99.76% | val_loss=3.9725 | val_top1=43.55% | val_top5=68.34% | epoch_time=12.1s
Epoch 282/500 | train_loss=0.1784 | train_top1=94.58% | train_top5=99.75% | val_loss=4.0133 | val_top1=42.89% | val_top5=68.01% | epoch_time=12.1s
Epoch 283/500 | train_loss=0.1778 | train_top1=94.54% | train_top5=99.75% | val_loss=3.9616 | val_top1=43.60% | val_top5=68.14% | epoch_time=12.1s
Epoch 284/500 | train_loss=0.1720 | train_top1=94.75% | train_top5=99.76% | val_loss=4.0821 | val_top1=43.56% | val_top5=68.14% | epoch_time=12.2s
Epoch 285/500 | train_loss=0.1793 | train_top1=94.47% | train_top5=99.74% | val_loss=4.0040 | val_top1=43.06% | val_top5=67.82% | epoch_time=12.1s
Epoch 286/500 | train_loss=0.1749 | train_top1=94.70% | train_top5=99.74% | val_loss=3.9951 | val_top1=43.38% | val_top5=67.89% | epoch_time=12.0s
Epoch 287/500 | train_loss=0.1715 | train_top1=94.74% | train_top5=99.75% | val_loss=4.0337 | val_top1=44.02% | val_top5=68.06% | epoch_time=12.0s
Epoch 288/500 | train_loss=0.1693 | train_top1=94.88% | train_top5=99.76% | val_loss=4.0225 | val_top1=43.28% | val_top5=68.31% | epoch_time=12.2s
Epoch 289/500 | train_loss=0.1783 | train_top1=94.59% | train_top5=99.69% | val_loss=4.0631 | val_top1=43.44% | val_top5=67.68% | epoch_time=12.3s
Epoch 290/500 | train_loss=0.1727 | train_top1=94.71% | train_top5=99.75% | val_loss=4.0555 | val_top1=43.64% | val_top5=67.96% | epoch_time=12.2s
Epoch 291/500 | train_loss=0.1710 | train_top1=94.84% | train_top5=99.75% | val_loss=4.0057 | val_top1=43.60% | val_top5=68.15% | epoch_time=12.1s
Epoch 292/500 | train_loss=0.1723 | train_top1=94.73% | train_top5=99.77% | val_loss=3.9856 | val_top1=43.56% | val_top5=67.97% | epoch_time=12.2s
Epoch 293/500 | train_loss=0.1684 | train_top1=94.89% | train_top5=99.74% | val_loss=4.0446 | val_top1=43.54% | val_top5=68.34% | epoch_time=12.1s
Epoch 294/500 | train_loss=0.1710 | train_top1=94.75% | train_top5=99.75% | val_loss=4.0326 | val_top1=43.24% | val_top5=68.19% | epoch_time=12.2s
Epoch 295/500 | train_loss=0.1695 | train_top1=94.82% | train_top5=99.75% | val_loss=4.0622 | val_top1=42.70% | val_top5=68.18% | epoch_time=12.2s
Epoch 296/500 | train_loss=0.1650 | train_top1=95.01% | train_top5=99.80% | val_loss=4.0461 | val_top1=43.18% | val_top5=67.81% | epoch_time=12.2s
Epoch 297/500 | train_loss=0.1687 | train_top1=94.86% | train_top5=99.76% | val_loss=4.0431 | val_top1=43.62% | val_top5=67.77% | epoch_time=12.3s
Epoch 298/500 | train_loss=0.1704 | train_top1=94.79% | train_top5=99.76% | val_loss=4.0475 | val_top1=42.85% | val_top5=68.06% | epoch_time=12.1s
Epoch 299/500 | train_loss=0.1700 | train_top1=94.81% | train_top5=99.75% | val_loss=4.0696 | val_top1=43.34% | val_top5=67.91% | epoch_time=12.1s
Epoch 300/500 | train_loss=0.1629 | train_top1=95.01% | train_top5=99.75% | val_loss=4.0356 | val_top1=43.58% | val_top5=68.00% | epoch_time=12.2s
Epoch 301/500 | train_loss=0.1642 | train_top1=95.08% | train_top5=99.77% | val_loss=4.0691 | val_top1=43.59% | val_top5=68.20% | epoch_time=12.2s
Epoch 302/500 | train_loss=0.1644 | train_top1=94.92% | train_top5=99.77% | val_loss=4.1221 | val_top1=43.24% | val_top5=68.74% | epoch_time=12.1s
Epoch 303/500 | train_loss=0.1630 | train_top1=95.05% | train_top5=99.76% | val_loss=4.1094 | val_top1=43.29% | val_top5=67.86% | epoch_time=12.1s
Epoch 304/500 | train_loss=0.1674 | train_top1=94.82% | train_top5=99.78% | val_loss=4.0112 | val_top1=44.15% | val_top5=68.44% | epoch_time=12.1s
Epoch 305/500 | train_loss=0.1640 | train_top1=94.99% | train_top5=99.75% | val_loss=4.0728 | val_top1=43.52% | val_top5=68.24% | epoch_time=12.2s
Epoch 306/500 | train_loss=0.1599 | train_top1=95.14% | train_top5=99.77% | val_loss=4.0326 | val_top1=44.00% | val_top5=68.34% | epoch_time=12.1s
Epoch 307/500 | train_loss=0.1656 | train_top1=94.97% | train_top5=99.74% | val_loss=4.0735 | val_top1=43.60% | val_top5=68.24% | epoch_time=12.2s
Epoch 308/500 | train_loss=0.1627 | train_top1=95.03% | train_top5=99.76% | val_loss=4.1114 | val_top1=43.36% | val_top5=67.56% | epoch_time=12.1s
Epoch 309/500 | train_loss=0.1648 | train_top1=94.89% | train_top5=99.78% | val_loss=4.0898 | val_top1=44.20% | val_top5=68.18% | epoch_time=12.1s
Epoch 310/500 | train_loss=0.1570 | train_top1=95.19% | train_top5=99.79% | val_loss=4.0252 | val_top1=43.99% | val_top5=68.51% | epoch_time=12.1s
Epoch 311/500 | train_loss=0.1623 | train_top1=95.01% | train_top5=99.75% | val_loss=4.1302 | val_top1=43.35% | val_top5=67.81% | epoch_time=12.2s
Epoch 312/500 | train_loss=0.1642 | train_top1=94.95% | train_top5=99.77% | val_loss=4.1014 | val_top1=43.85% | val_top5=68.18% | epoch_time=12.1s
Epoch 313/500 | train_loss=0.1634 | train_top1=94.93% | train_top5=99.76% | val_loss=4.0692 | val_top1=43.52% | val_top5=68.30% | epoch_time=12.1s
Epoch 314/500 | train_loss=0.1606 | train_top1=95.15% | train_top5=99.78% | val_loss=4.0764 | val_top1=43.79% | val_top5=68.35% | epoch_time=12.1s
Epoch 315/500 | train_loss=0.1599 | train_top1=95.14% | train_top5=99.77% | val_loss=4.0789 | val_top1=43.33% | val_top5=68.34% | epoch_time=12.1s
Epoch 316/500 | train_loss=0.1553 | train_top1=95.22% | train_top5=99.78% | val_loss=4.1213 | val_top1=43.22% | val_top5=68.38% | epoch_time=12.1s
Epoch 317/500 | train_loss=0.1583 | train_top1=95.24% | train_top5=99.78% | val_loss=4.0667 | val_top1=43.72% | val_top5=68.40% | epoch_time=12.0s
Epoch 318/500 | train_loss=0.1610 | train_top1=95.00% | train_top5=99.81% | val_loss=4.1561 | val_top1=43.48% | val_top5=68.12% | epoch_time=12.1s
Epoch 319/500 | train_loss=0.1626 | train_top1=95.04% | train_top5=99.77% | val_loss=4.1251 | val_top1=43.19% | val_top5=68.02% | epoch_time=12.1s
Epoch 320/500 | train_loss=0.1631 | train_top1=95.06% | train_top5=99.76% | val_loss=4.1125 | val_top1=43.54% | val_top5=68.06% | epoch_time=12.1s
Epoch 321/500 | train_loss=0.1572 | train_top1=95.14% | train_top5=99.80% | val_loss=4.1027 | val_top1=43.28% | val_top5=68.24% | epoch_time=12.1s
Epoch 322/500 | train_loss=0.1553 | train_top1=95.24% | train_top5=99.81% | val_loss=4.1096 | val_top1=43.57% | val_top5=68.13% | epoch_time=12.2s
Epoch 323/500 | train_loss=0.1552 | train_top1=95.27% | train_top5=99.80% | val_loss=4.1307 | val_top1=43.66% | val_top5=68.03% | epoch_time=12.1s
Epoch 324/500 | train_loss=0.1559 | train_top1=95.22% | train_top5=99.79% | val_loss=4.1723 | val_top1=43.19% | val_top5=67.85% | epoch_time=12.2s
Epoch 325/500 | train_loss=0.1615 | train_top1=94.94% | train_top5=99.78% | val_loss=4.1527 | val_top1=43.39% | val_top5=67.72% | epoch_time=12.2s
Epoch 326/500 | train_loss=0.1531 | train_top1=95.25% | train_top5=99.82% | val_loss=4.1721 | val_top1=43.33% | val_top5=67.74% | epoch_time=12.1s
Epoch 327/500 | train_loss=0.1545 | train_top1=95.32% | train_top5=99.78% | val_loss=4.1758 | val_top1=43.81% | val_top5=67.93% | epoch_time=12.2s
Epoch 328/500 | train_loss=0.1526 | train_top1=95.32% | train_top5=99.82% | val_loss=4.1529 | val_top1=43.37% | val_top5=68.25% | epoch_time=12.2s
Epoch 329/500 | train_loss=0.1493 | train_top1=95.46% | train_top5=99.80% | val_loss=4.1651 | val_top1=43.20% | val_top5=68.22% | epoch_time=12.2s
Epoch 330/500 | train_loss=0.1578 | train_top1=95.15% | train_top5=99.78% | val_loss=4.1964 | val_top1=44.06% | val_top5=67.89% | epoch_time=12.1s
Epoch 331/500 | train_loss=0.1525 | train_top1=95.34% | train_top5=99.81% | val_loss=4.1154 | val_top1=43.87% | val_top5=68.51% | epoch_time=12.1s
Epoch 332/500 | train_loss=0.1540 | train_top1=95.22% | train_top5=99.81% | val_loss=4.2215 | val_top1=42.82% | val_top5=67.76% | epoch_time=12.1s
Epoch 333/500 | train_loss=0.1535 | train_top1=95.28% | train_top5=99.79% | val_loss=4.2209 | val_top1=42.65% | val_top5=67.57% | epoch_time=12.2s
Epoch 334/500 | train_loss=0.1475 | train_top1=95.48% | train_top5=99.80% | val_loss=4.1775 | val_top1=43.96% | val_top5=68.58% | epoch_time=12.2s
Epoch 335/500 | train_loss=0.1530 | train_top1=95.32% | train_top5=99.81% | val_loss=4.2443 | val_top1=43.05% | val_top5=67.79% | epoch_time=12.1s
Epoch 336/500 | train_loss=0.1488 | train_top1=95.39% | train_top5=99.83% | val_loss=4.1562 | val_top1=43.05% | val_top5=68.25% | epoch_time=12.0s
Epoch 337/500 | train_loss=0.1486 | train_top1=95.49% | train_top5=99.80% | val_loss=4.1658 | val_top1=43.93% | val_top5=68.26% | epoch_time=12.1s
Epoch 338/500 | train_loss=0.1530 | train_top1=95.29% | train_top5=99.78% | val_loss=4.1618 | val_top1=43.32% | val_top5=68.01% | epoch_time=12.1s
Epoch 339/500 | train_loss=0.1496 | train_top1=95.47% | train_top5=99.78% | val_loss=4.1169 | val_top1=43.58% | val_top5=68.03% | epoch_time=12.1s
Epoch 340/500 | train_loss=0.1506 | train_top1=95.39% | train_top5=99.81% | val_loss=4.1958 | val_top1=43.30% | val_top5=68.05% | epoch_time=12.1s
Epoch 341/500 | train_loss=0.1486 | train_top1=95.50% | train_top5=99.83% | val_loss=4.1723 | val_top1=43.23% | val_top5=68.22% | epoch_time=12.1s
Epoch 342/500 | train_loss=0.1496 | train_top1=95.32% | train_top5=99.82% | val_loss=4.2072 | val_top1=43.65% | val_top5=67.98% | epoch_time=12.1s
Epoch 343/500 | train_loss=0.1484 | train_top1=95.53% | train_top5=99.79% | val_loss=4.1748 | val_top1=43.49% | val_top5=67.83% | epoch_time=12.2s
Epoch 344/500 | train_loss=0.1518 | train_top1=95.43% | train_top5=99.77% | val_loss=4.2377 | val_top1=42.98% | val_top5=67.71% | epoch_time=12.3s
Epoch 345/500 | train_loss=0.1517 | train_top1=95.35% | train_top5=99.79% | val_loss=4.2672 | val_top1=42.89% | val_top5=67.74% | epoch_time=12.2s
Epoch 346/500 | train_loss=0.1502 | train_top1=95.36% | train_top5=99.80% | val_loss=4.1943 | val_top1=43.51% | val_top5=68.59% | epoch_time=12.3s
Epoch 347/500 | train_loss=0.1436 | train_top1=95.64% | train_top5=99.84% | val_loss=4.1585 | val_top1=43.41% | val_top5=68.67% | epoch_time=12.2s
Epoch 348/500 | train_loss=0.1436 | train_top1=95.60% | train_top5=99.79% | val_loss=4.1608 | val_top1=43.65% | val_top5=68.30% | epoch_time=12.2s
Epoch 349/500 | train_loss=0.1451 | train_top1=95.58% | train_top5=99.82% | val_loss=4.2188 | val_top1=43.58% | val_top5=68.07% | epoch_time=12.3s
Epoch 350/500 | train_loss=0.1453 | train_top1=95.56% | train_top5=99.80% | val_loss=4.1834 | val_top1=43.94% | val_top5=68.04% | epoch_time=12.1s
Epoch 351/500 | train_loss=0.1453 | train_top1=95.56% | train_top5=99.80% | val_loss=4.2046 | val_top1=43.30% | val_top5=68.05% | epoch_time=12.2s
Epoch 352/500 | train_loss=0.1414 | train_top1=95.63% | train_top5=99.84% | val_loss=4.2661 | val_top1=43.39% | val_top5=67.98% | epoch_time=12.2s
Epoch 353/500 | train_loss=0.1491 | train_top1=95.38% | train_top5=99.84% | val_loss=4.1830 | val_top1=43.55% | val_top5=68.06% | epoch_time=12.3s
Epoch 354/500 | train_loss=0.1430 | train_top1=95.53% | train_top5=99.84% | val_loss=4.2637 | val_top1=43.31% | val_top5=67.82% | epoch_time=12.1s
Epoch 355/500 | train_loss=0.1434 | train_top1=95.63% | train_top5=99.81% | val_loss=4.2114 | val_top1=43.08% | val_top5=67.75% | epoch_time=12.3s
Epoch 356/500 | train_loss=0.1462 | train_top1=95.47% | train_top5=99.82% | val_loss=4.2299 | val_top1=43.56% | val_top5=68.14% | epoch_time=12.1s
Epoch 357/500 | train_loss=0.1459 | train_top1=95.47% | train_top5=99.81% | val_loss=4.2572 | val_top1=43.55% | val_top5=67.81% | epoch_time=12.2s
Epoch 358/500 | train_loss=0.1408 | train_top1=95.68% | train_top5=99.80% | val_loss=4.2726 | val_top1=42.96% | val_top5=68.03% | epoch_time=12.0s
Epoch 359/500 | train_loss=0.1413 | train_top1=95.66% | train_top5=99.84% | val_loss=4.2604 | val_top1=43.46% | val_top5=67.47% | epoch_time=12.0s
Epoch 360/500 | train_loss=0.1444 | train_top1=95.49% | train_top5=99.81% | val_loss=4.2814 | val_top1=43.02% | val_top5=67.77% | epoch_time=12.0s
Epoch 361/500 | train_loss=0.1402 | train_top1=95.73% | train_top5=99.81% | val_loss=4.2777 | val_top1=43.48% | val_top5=68.15% | epoch_time=12.0s
Epoch 362/500 | train_loss=0.1464 | train_top1=95.42% | train_top5=99.80% | val_loss=4.2943 | val_top1=43.65% | val_top5=67.82% | epoch_time=12.0s
Epoch 363/500 | train_loss=0.1425 | train_top1=95.60% | train_top5=99.81% | val_loss=4.2442 | val_top1=43.34% | val_top5=67.73% | epoch_time=12.1s
Epoch 364/500 | train_loss=0.1393 | train_top1=95.74% | train_top5=99.83% | val_loss=4.2308 | val_top1=43.25% | val_top5=67.96% | epoch_time=12.0s
Epoch 365/500 | train_loss=0.1430 | train_top1=95.59% | train_top5=99.84% | val_loss=4.2147 | val_top1=43.64% | val_top5=68.40% | epoch_time=12.1s
Epoch 366/500 | train_loss=0.1456 | train_top1=95.53% | train_top5=99.83% | val_loss=4.3145 | val_top1=43.53% | val_top5=68.05% | epoch_time=12.1s
Epoch 367/500 | train_loss=0.1417 | train_top1=95.67% | train_top5=99.82% | val_loss=4.3322 | val_top1=43.10% | val_top5=67.84% | epoch_time=12.1s
Epoch 368/500 | train_loss=0.1407 | train_top1=95.70% | train_top5=99.82% | val_loss=4.2866 | val_top1=43.71% | val_top5=68.17% | epoch_time=12.1s
Epoch 369/500 | train_loss=0.1333 | train_top1=95.94% | train_top5=99.83% | val_loss=4.2530 | val_top1=43.20% | val_top5=68.11% | epoch_time=12.0s
Epoch 370/500 | train_loss=0.1386 | train_top1=95.65% | train_top5=99.84% | val_loss=4.2730 | val_top1=43.57% | val_top5=68.18% | epoch_time=12.0s
Epoch 371/500 | train_loss=0.1366 | train_top1=95.77% | train_top5=99.83% | val_loss=4.2395 | val_top1=43.54% | val_top5=68.32% | epoch_time=12.1s
Epoch 372/500 | train_loss=0.1398 | train_top1=95.64% | train_top5=99.82% | val_loss=4.2969 | val_top1=42.94% | val_top5=67.76% | epoch_time=12.2s
Epoch 373/500 | train_loss=0.1381 | train_top1=95.81% | train_top5=99.82% | val_loss=4.2467 | val_top1=43.51% | val_top5=67.92% | epoch_time=12.1s
Epoch 374/500 | train_loss=0.1388 | train_top1=95.65% | train_top5=99.83% | val_loss=4.2516 | val_top1=43.41% | val_top5=67.91% | epoch_time=12.2s
Epoch 375/500 | train_loss=0.1366 | train_top1=95.79% | train_top5=99.84% | val_loss=4.2831 | val_top1=43.16% | val_top5=67.99% | epoch_time=12.1s
Epoch 376/500 | train_loss=0.1392 | train_top1=95.76% | train_top5=99.83% | val_loss=4.2894 | val_top1=43.48% | val_top5=68.13% | epoch_time=12.1s
Epoch 377/500 | train_loss=0.1375 | train_top1=95.76% | train_top5=99.81% | val_loss=4.2653 | val_top1=43.66% | val_top5=67.96% | epoch_time=12.2s
Epoch 378/500 | train_loss=0.1362 | train_top1=95.82% | train_top5=99.81% | val_loss=4.2295 | val_top1=43.94% | val_top5=68.09% | epoch_time=12.1s
Epoch 379/500 | train_loss=0.1337 | train_top1=95.88% | train_top5=99.84% | val_loss=4.3250 | val_top1=43.54% | val_top5=68.16% | epoch_time=12.1s
Epoch 380/500 | train_loss=0.1360 | train_top1=95.78% | train_top5=99.83% | val_loss=4.2974 | val_top1=43.25% | val_top5=68.16% | epoch_time=12.1s
Epoch 381/500 | train_loss=0.1368 | train_top1=95.77% | train_top5=99.83% | val_loss=4.2850 | val_top1=43.14% | val_top5=68.07% | epoch_time=12.1s
Epoch 382/500 | train_loss=0.1374 | train_top1=95.77% | train_top5=99.82% | val_loss=4.2896 | val_top1=43.52% | val_top5=68.42% | epoch_time=12.1s
Epoch 383/500 | train_loss=0.1325 | train_top1=95.90% | train_top5=99.85% | val_loss=4.3095 | val_top1=43.57% | val_top5=68.39% | epoch_time=12.0s
Epoch 384/500 | train_loss=0.1357 | train_top1=95.82% | train_top5=99.82% | val_loss=4.3292 | val_top1=43.12% | val_top5=67.97% | epoch_time=12.1s
Epoch 385/500 | train_loss=0.1343 | train_top1=95.83% | train_top5=99.84% | val_loss=4.3183 | val_top1=43.21% | val_top5=68.45% | epoch_time=12.1s
Epoch 386/500 | train_loss=0.1358 | train_top1=95.73% | train_top5=99.84% | val_loss=4.2718 | val_top1=43.82% | val_top5=68.58% | epoch_time=12.1s
Epoch 387/500 | train_loss=0.1325 | train_top1=95.96% | train_top5=99.84% | val_loss=4.3327 | val_top1=43.78% | val_top5=68.11% | epoch_time=12.1s
Epoch 388/500 | train_loss=0.1330 | train_top1=95.87% | train_top5=99.86% | val_loss=4.3585 | val_top1=43.21% | val_top5=68.04% | epoch_time=12.2s
Epoch 389/500 | train_loss=0.1304 | train_top1=96.05% | train_top5=99.87% | val_loss=4.3901 | val_top1=43.11% | val_top5=67.75% | epoch_time=12.0s
Epoch 390/500 | train_loss=0.1374 | train_top1=95.71% | train_top5=99.84% | val_loss=4.4128 | val_top1=43.30% | val_top5=68.34% | epoch_time=12.3s
Epoch 391/500 | train_loss=0.1355 | train_top1=95.87% | train_top5=99.85% | val_loss=4.3539 | val_top1=43.75% | val_top5=68.11% | epoch_time=12.1s
Epoch 392/500 | train_loss=0.1303 | train_top1=96.01% | train_top5=99.85% | val_loss=4.3633 | val_top1=43.32% | val_top5=67.74% | epoch_time=12.1s
Epoch 393/500 | train_loss=0.1351 | train_top1=95.88% | train_top5=99.83% | val_loss=4.3230 | val_top1=43.06% | val_top5=67.93% | epoch_time=12.1s
Epoch 394/500 | train_loss=0.1316 | train_top1=95.99% | train_top5=99.85% | val_loss=4.3606 | val_top1=43.69% | val_top5=67.96% | epoch_time=12.1s
Epoch 395/500 | train_loss=0.1316 | train_top1=95.87% | train_top5=99.83% | val_loss=4.3438 | val_top1=43.43% | val_top5=68.09% | epoch_time=12.1s
Epoch 396/500 | train_loss=0.1344 | train_top1=95.85% | train_top5=99.83% | val_loss=4.2935 | val_top1=43.92% | val_top5=68.27% | epoch_time=12.1s
Epoch 397/500 | train_loss=0.1300 | train_top1=95.91% | train_top5=99.86% | val_loss=4.4408 | val_top1=43.00% | val_top5=67.87% | epoch_time=12.2s
Epoch 398/500 | train_loss=0.1259 | train_top1=96.09% | train_top5=99.86% | val_loss=4.3521 | val_top1=43.12% | val_top5=68.31% | epoch_time=12.1s
Epoch 399/500 | train_loss=0.1325 | train_top1=95.91% | train_top5=99.86% | val_loss=4.3423 | val_top1=43.84% | val_top5=67.98% | epoch_time=12.2s
Epoch 400/500 | train_loss=0.1304 | train_top1=95.90% | train_top5=99.85% | val_loss=4.3258 | val_top1=43.79% | val_top5=67.60% | epoch_time=12.1s
Epoch 401/500 | train_loss=0.1264 | train_top1=96.10% | train_top5=99.86% | val_loss=4.3767 | val_top1=44.11% | val_top5=67.94% | epoch_time=12.1s
Epoch 402/500 | train_loss=0.1262 | train_top1=96.06% | train_top5=99.88% | val_loss=4.4017 | val_top1=43.11% | val_top5=67.31% | epoch_time=12.1s
Epoch 403/500 | train_loss=0.1330 | train_top1=95.93% | train_top5=99.83% | val_loss=4.4018 | val_top1=43.74% | val_top5=67.98% | epoch_time=12.1s
Epoch 404/500 | train_loss=0.1290 | train_top1=96.01% | train_top5=99.87% | val_loss=4.3588 | val_top1=43.75% | val_top5=68.27% | epoch_time=12.1s
Epoch 405/500 | train_loss=0.1273 | train_top1=95.97% | train_top5=99.85% | val_loss=4.3494 | val_top1=43.60% | val_top5=67.97% | epoch_time=12.1s
Epoch 406/500 | train_loss=0.1303 | train_top1=95.97% | train_top5=99.85% | val_loss=4.3651 | val_top1=43.45% | val_top5=67.75% | epoch_time=12.0s
Epoch 407/500 | train_loss=0.1281 | train_top1=96.03% | train_top5=99.86% | val_loss=4.3645 | val_top1=43.47% | val_top5=67.75% | epoch_time=12.0s
Epoch 408/500 | train_loss=0.1272 | train_top1=96.02% | train_top5=99.83% | val_loss=4.3471 | val_top1=43.49% | val_top5=67.80% | epoch_time=12.1s
Epoch 409/500 | train_loss=0.1269 | train_top1=96.04% | train_top5=99.86% | val_loss=4.4488 | val_top1=43.22% | val_top5=67.93% | epoch_time=12.3s
Epoch 410/500 | train_loss=0.1297 | train_top1=96.01% | train_top5=99.84% | val_loss=4.3641 | val_top1=42.93% | val_top5=67.82% | epoch_time=12.2s
Epoch 411/500 | train_loss=0.1302 | train_top1=95.92% | train_top5=99.88% | val_loss=4.3741 | val_top1=43.04% | val_top5=67.70% | epoch_time=12.1s
Epoch 412/500 | train_loss=0.1273 | train_top1=95.99% | train_top5=99.85% | val_loss=4.3473 | val_top1=43.87% | val_top5=68.15% | epoch_time=12.1s
Epoch 413/500 | train_loss=0.1248 | train_top1=96.20% | train_top5=99.85% | val_loss=4.4190 | val_top1=43.56% | val_top5=67.96% | epoch_time=12.2s
Epoch 414/500 | train_loss=0.1242 | train_top1=96.19% | train_top5=99.87% | val_loss=4.3812 | val_top1=43.68% | val_top5=68.17% | epoch_time=12.1s
Epoch 415/500 | train_loss=0.1287 | train_top1=96.03% | train_top5=99.85% | val_loss=4.3246 | val_top1=44.05% | val_top5=68.13% | epoch_time=12.2s
Epoch 416/500 | train_loss=0.1251 | train_top1=96.16% | train_top5=99.86% | val_loss=4.3525 | val_top1=43.98% | val_top5=67.99% | epoch_time=12.2s
Epoch 417/500 | train_loss=0.1253 | train_top1=96.08% | train_top5=99.86% | val_loss=4.4308 | val_top1=43.59% | val_top5=68.10% | epoch_time=12.2s
Epoch 418/500 | train_loss=0.1201 | train_top1=96.31% | train_top5=99.88% | val_loss=4.3943 | val_top1=44.01% | val_top5=68.07% | epoch_time=12.1s
Epoch 419/500 | train_loss=0.1247 | train_top1=96.15% | train_top5=99.87% | val_loss=4.3590 | val_top1=44.12% | val_top5=68.01% | epoch_time=12.2s
Epoch 420/500 | train_loss=0.1249 | train_top1=96.17% | train_top5=99.85% | val_loss=4.4604 | val_top1=43.75% | val_top5=68.01% | epoch_time=12.2s
Epoch 421/500 | train_loss=0.1241 | train_top1=96.12% | train_top5=99.86% | val_loss=4.3811 | val_top1=43.64% | val_top5=67.80% | epoch_time=12.2s
Epoch 422/500 | train_loss=0.1240 | train_top1=96.08% | train_top5=99.86% | val_loss=4.4302 | val_top1=42.70% | val_top5=67.73% | epoch_time=12.1s
Epoch 423/500 | train_loss=0.1262 | train_top1=96.10% | train_top5=99.85% | val_loss=4.4718 | val_top1=43.06% | val_top5=67.50% | epoch_time=12.2s
Epoch 424/500 | train_loss=0.1268 | train_top1=96.05% | train_top5=99.86% | val_loss=4.5089 | val_top1=42.86% | val_top5=67.94% | epoch_time=12.2s
Epoch 425/500 | train_loss=0.1254 | train_top1=96.08% | train_top5=99.87% | val_loss=4.3881 | val_top1=43.51% | val_top5=67.91% | epoch_time=12.2s
Epoch 426/500 | train_loss=0.1244 | train_top1=96.19% | train_top5=99.84% | val_loss=4.4333 | val_top1=43.41% | val_top5=68.32% | epoch_time=12.1s
Epoch 427/500 | train_loss=0.1237 | train_top1=96.21% | train_top5=99.86% | val_loss=4.4185 | val_top1=43.35% | val_top5=67.88% | epoch_time=12.2s
Epoch 428/500 | train_loss=0.1208 | train_top1=96.25% | train_top5=99.86% | val_loss=4.4151 | val_top1=43.85% | val_top5=67.84% | epoch_time=12.1s
Epoch 429/500 | train_loss=0.1230 | train_top1=96.11% | train_top5=99.87% | val_loss=4.4940 | val_top1=43.14% | val_top5=67.69% | epoch_time=12.2s
Epoch 430/500 | train_loss=0.1251 | train_top1=96.13% | train_top5=99.87% | val_loss=4.4362 | val_top1=43.99% | val_top5=67.85% | epoch_time=12.2s
Epoch 431/500 | train_loss=0.1238 | train_top1=96.18% | train_top5=99.85% | val_loss=4.4463 | val_top1=43.81% | val_top5=67.95% | epoch_time=12.2s
Epoch 432/500 | train_loss=0.1203 | train_top1=96.23% | train_top5=99.88% | val_loss=4.4615 | val_top1=43.29% | val_top5=67.79% | epoch_time=12.2s
Epoch 433/500 | train_loss=0.1222 | train_top1=96.20% | train_top5=99.84% | val_loss=4.4423 | val_top1=43.25% | val_top5=67.84% | epoch_time=12.1s
Epoch 434/500 | train_loss=0.1248 | train_top1=96.12% | train_top5=99.85% | val_loss=4.4944 | val_top1=43.85% | val_top5=68.17% | epoch_time=12.2s
Epoch 435/500 | train_loss=0.1203 | train_top1=96.22% | train_top5=99.87% | val_loss=4.4757 | val_top1=43.51% | val_top5=67.85% | epoch_time=12.1s
Epoch 436/500 | train_loss=0.1206 | train_top1=96.23% | train_top5=99.85% | val_loss=4.4382 | val_top1=43.86% | val_top5=68.06% | epoch_time=12.1s
Epoch 437/500 | train_loss=0.1221 | train_top1=96.19% | train_top5=99.85% | val_loss=4.4621 | val_top1=43.01% | val_top5=68.13% | epoch_time=12.1s
Epoch 438/500 | train_loss=0.1202 | train_top1=96.29% | train_top5=99.87% | val_loss=4.4642 | val_top1=43.66% | val_top5=67.70% | epoch_time=12.2s
Epoch 439/500 | train_loss=0.1215 | train_top1=96.15% | train_top5=99.87% | val_loss=4.4951 | val_top1=43.06% | val_top5=68.14% | epoch_time=12.1s
Epoch 440/500 | train_loss=0.1176 | train_top1=96.31% | train_top5=99.87% | val_loss=4.5019 | val_top1=43.70% | val_top5=67.67% | epoch_time=12.1s
Epoch 441/500 | train_loss=0.1187 | train_top1=96.35% | train_top5=99.87% | val_loss=4.4812 | val_top1=42.93% | val_top5=67.71% | epoch_time=12.2s
Epoch 442/500 | train_loss=0.1208 | train_top1=96.26% | train_top5=99.85% | val_loss=4.4391 | val_top1=43.61% | val_top5=68.32% | epoch_time=12.2s
Epoch 443/500 | train_loss=0.1157 | train_top1=96.32% | train_top5=99.87% | val_loss=4.4454 | val_top1=43.19% | val_top5=67.89% | epoch_time=12.3s
Epoch 444/500 | train_loss=0.1195 | train_top1=96.28% | train_top5=99.85% | val_loss=4.5250 | val_top1=43.38% | val_top5=68.17% | epoch_time=12.1s
Epoch 445/500 | train_loss=0.1171 | train_top1=96.34% | train_top5=99.88% | val_loss=4.4719 | val_top1=43.42% | val_top5=67.90% | epoch_time=12.1s
Epoch 446/500 | train_loss=0.1154 | train_top1=96.42% | train_top5=99.87% | val_loss=4.5078 | val_top1=43.44% | val_top5=67.85% | epoch_time=12.2s
Epoch 447/500 | train_loss=0.1159 | train_top1=96.39% | train_top5=99.87% | val_loss=4.4767 | val_top1=43.18% | val_top5=68.02% | epoch_time=12.1s
Epoch 448/500 | train_loss=0.1174 | train_top1=96.38% | train_top5=99.87% | val_loss=4.5139 | val_top1=42.82% | val_top5=67.87% | epoch_time=12.2s
Epoch 449/500 | train_loss=0.1199 | train_top1=96.30% | train_top5=99.87% | val_loss=4.4362 | val_top1=43.70% | val_top5=68.06% | epoch_time=12.2s
Epoch 450/500 | train_loss=0.1180 | train_top1=96.31% | train_top5=99.85% | val_loss=4.5491 | val_top1=43.83% | val_top5=68.12% | epoch_time=12.2s
Epoch 451/500 | train_loss=0.1168 | train_top1=96.28% | train_top5=99.87% | val_loss=4.5261 | val_top1=43.30% | val_top5=67.70% | epoch_time=12.2s
Epoch 452/500 | train_loss=0.1123 | train_top1=96.58% | train_top5=99.88% | val_loss=4.4883 | val_top1=43.84% | val_top5=67.72% | epoch_time=12.2s
Epoch 453/500 | train_loss=0.1179 | train_top1=96.32% | train_top5=99.87% | val_loss=4.5286 | val_top1=43.15% | val_top5=67.94% | epoch_time=12.1s
Epoch 454/500 | train_loss=0.1180 | train_top1=96.27% | train_top5=99.85% | val_loss=4.5370 | val_top1=43.15% | val_top5=68.01% | epoch_time=12.3s
Epoch 455/500 | train_loss=0.1165 | train_top1=96.38% | train_top5=99.89% | val_loss=4.4726 | val_top1=43.58% | val_top5=68.10% | epoch_time=12.2s
Epoch 456/500 | train_loss=0.1157 | train_top1=96.39% | train_top5=99.88% | val_loss=4.4563 | val_top1=43.33% | val_top5=68.57% | epoch_time=12.2s
Epoch 457/500 | train_loss=0.1159 | train_top1=96.41% | train_top5=99.87% | val_loss=4.4906 | val_top1=43.10% | val_top5=67.91% | epoch_time=12.2s
Epoch 458/500 | train_loss=0.1148 | train_top1=96.41% | train_top5=99.88% | val_loss=4.4614 | val_top1=43.91% | val_top5=68.00% | epoch_time=12.2s
Epoch 459/500 | train_loss=0.1155 | train_top1=96.36% | train_top5=99.86% | val_loss=4.5418 | val_top1=43.41% | val_top5=67.99% | epoch_time=12.2s
Epoch 460/500 | train_loss=0.1137 | train_top1=96.43% | train_top5=99.87% | val_loss=4.4916 | val_top1=43.42% | val_top5=68.13% | epoch_time=12.2s
Epoch 461/500 | train_loss=0.1182 | train_top1=96.28% | train_top5=99.88% | val_loss=4.5231 | val_top1=43.64% | val_top5=67.65% | epoch_time=12.2s
Epoch 462/500 | train_loss=0.1162 | train_top1=96.38% | train_top5=99.88% | val_loss=4.4954 | val_top1=43.98% | val_top5=67.90% | epoch_time=12.2s
Epoch 463/500 | train_loss=0.1190 | train_top1=96.27% | train_top5=99.86% | val_loss=4.5587 | val_top1=43.20% | val_top5=67.95% | epoch_time=12.1s
Epoch 464/500 | train_loss=0.1165 | train_top1=96.36% | train_top5=99.87% | val_loss=4.5413 | val_top1=43.54% | val_top5=68.47% | epoch_time=12.2s
Epoch 465/500 | train_loss=0.1110 | train_top1=96.52% | train_top5=99.88% | val_loss=4.5529 | val_top1=43.18% | val_top5=67.67% | epoch_time=12.2s
Epoch 466/500 | train_loss=0.1169 | train_top1=96.28% | train_top5=99.88% | val_loss=4.5470 | val_top1=43.37% | val_top5=68.16% | epoch_time=12.2s
Epoch 467/500 | train_loss=0.1124 | train_top1=96.51% | train_top5=99.89% | val_loss=4.5273 | val_top1=43.40% | val_top5=68.27% | epoch_time=12.2s
Epoch 468/500 | train_loss=0.1101 | train_top1=96.59% | train_top5=99.88% | val_loss=4.5337 | val_top1=43.37% | val_top5=67.99% | epoch_time=12.1s
Epoch 469/500 | train_loss=0.1109 | train_top1=96.55% | train_top5=99.88% | val_loss=4.5766 | val_top1=43.44% | val_top5=68.28% | epoch_time=12.2s
Epoch 470/500 | train_loss=0.1116 | train_top1=96.53% | train_top5=99.89% | val_loss=4.4922 | val_top1=43.78% | val_top5=67.97% | epoch_time=12.1s
Epoch 471/500 | train_loss=0.1134 | train_top1=96.45% | train_top5=99.90% | val_loss=4.4924 | val_top1=43.92% | val_top5=68.16% | epoch_time=12.2s
Epoch 472/500 | train_loss=0.1112 | train_top1=96.56% | train_top5=99.90% | val_loss=4.5313 | val_top1=43.69% | val_top5=68.25% | epoch_time=12.1s
Epoch 473/500 | train_loss=0.1130 | train_top1=96.52% | train_top5=99.87% | val_loss=4.5681 | val_top1=43.29% | val_top5=68.15% | epoch_time=12.1s
Epoch 474/500 | train_loss=0.1146 | train_top1=96.45% | train_top5=99.86% | val_loss=4.5536 | val_top1=44.01% | val_top5=67.76% | epoch_time=12.1s
Epoch 475/500 | train_loss=0.1133 | train_top1=96.50% | train_top5=99.88% | val_loss=4.5266 | val_top1=43.63% | val_top5=68.08% | epoch_time=12.2s
Epoch 476/500 | train_loss=0.1145 | train_top1=96.45% | train_top5=99.88% | val_loss=4.5112 | val_top1=42.91% | val_top5=67.72% | epoch_time=12.2s
Epoch 477/500 | train_loss=0.1189 | train_top1=96.30% | train_top5=99.86% | val_loss=4.5623 | val_top1=43.69% | val_top5=68.26% | epoch_time=12.1s
Epoch 478/500 | train_loss=0.1124 | train_top1=96.50% | train_top5=99.88% | val_loss=4.6150 | val_top1=43.37% | val_top5=68.04% | epoch_time=12.1s
Epoch 479/500 | train_loss=0.1092 | train_top1=96.56% | train_top5=99.88% | val_loss=4.5730 | val_top1=43.06% | val_top5=67.55% | epoch_time=12.1s
Epoch 480/500 | train_loss=0.1060 | train_top1=96.68% | train_top5=99.91% | val_loss=4.5130 | val_top1=43.66% | val_top5=67.94% | epoch_time=12.2s
Epoch 481/500 | train_loss=0.1140 | train_top1=96.40% | train_top5=99.88% | val_loss=4.5297 | val_top1=43.69% | val_top5=68.01% | epoch_time=12.1s
Epoch 482/500 | train_loss=0.1101 | train_top1=96.57% | train_top5=99.87% | val_loss=4.5231 | val_top1=44.11% | val_top5=68.64% | epoch_time=12.1s
Epoch 483/500 | train_loss=0.1072 | train_top1=96.60% | train_top5=99.89% | val_loss=4.5459 | val_top1=43.43% | val_top5=67.97% | epoch_time=12.2s
Epoch 484/500 | train_loss=0.1126 | train_top1=96.51% | train_top5=99.86% | val_loss=4.5527 | val_top1=43.41% | val_top5=68.07% | epoch_time=12.2s
Epoch 485/500 | train_loss=0.1147 | train_top1=96.42% | train_top5=99.86% | val_loss=4.6525 | val_top1=43.69% | val_top5=68.02% | epoch_time=12.1s
Epoch 486/500 | train_loss=0.1096 | train_top1=96.58% | train_top5=99.88% | val_loss=4.5608 | val_top1=43.69% | val_top5=67.88% | epoch_time=12.2s
Epoch 487/500 | train_loss=0.1084 | train_top1=96.67% | train_top5=99.90% | val_loss=4.5858 | val_top1=43.42% | val_top5=68.01% | epoch_time=12.3s
Epoch 488/500 | train_loss=0.1105 | train_top1=96.48% | train_top5=99.88% | val_loss=4.5913 | val_top1=43.32% | val_top5=67.89% | epoch_time=12.2s
Epoch 489/500 | train_loss=0.1097 | train_top1=96.59% | train_top5=99.88% | val_loss=4.5946 | val_top1=43.84% | val_top5=67.84% | epoch_time=12.2s
Epoch 490/500 | train_loss=0.1105 | train_top1=96.56% | train_top5=99.89% | val_loss=4.6263 | val_top1=43.42% | val_top5=67.96% | epoch_time=12.1s
Epoch 491/500 | train_loss=0.1108 | train_top1=96.52% | train_top5=99.88% | val_loss=4.6256 | val_top1=43.36% | val_top5=67.71% | epoch_time=12.2s
Epoch 492/500 | train_loss=0.1106 | train_top1=96.55% | train_top5=99.88% | val_loss=4.5881 | val_top1=43.64% | val_top5=67.93% | epoch_time=12.2s
Epoch 493/500 | train_loss=0.1112 | train_top1=96.46% | train_top5=99.89% | val_loss=4.6835 | val_top1=43.42% | val_top5=67.86% | epoch_time=12.2s
Epoch 494/500 | train_loss=0.1064 | train_top1=96.65% | train_top5=99.88% | val_loss=4.5529 | val_top1=43.58% | val_top5=68.10% | epoch_time=12.3s
Epoch 495/500 | train_loss=0.1080 | train_top1=96.61% | train_top5=99.89% | val_loss=4.5586 | val_top1=43.57% | val_top5=67.91% | epoch_time=12.2s
Epoch 496/500 | train_loss=0.1096 | train_top1=96.58% | train_top5=99.90% | val_loss=4.5897 | val_top1=43.63% | val_top5=67.74% | epoch_time=12.1s
Epoch 497/500 | train_loss=0.1092 | train_top1=96.57% | train_top5=99.88% | val_loss=4.5842 | val_top1=43.24% | val_top5=68.29% | epoch_time=12.2s
Epoch 498/500 | train_loss=0.1090 | train_top1=96.52% | train_top5=99.91% | val_loss=4.5918 | val_top1=43.48% | val_top5=67.95% | epoch_time=12.2s
Epoch 499/500 | train_loss=0.1074 | train_top1=96.64% | train_top5=99.88% | val_loss=4.7005 | val_top1=43.31% | val_top5=67.37% | epoch_time=12.2s
Epoch 500/500 | train_loss=0.1099 | train_top1=96.57% | train_top5=99.90% | val_loss=4.6186 | val_top1=43.48% | val_top5=67.76% | epoch_time=12.1s
Best val top1: 45.97%
Saved best weights to: checkpoints/20251004-225826_TinyNet_d4_bs512_lr0.001/20251004-225826_TinyNet_d4_bs512_lr0.001_best.pth
[METRICS] Wrote metrics/20251004-225826_TinyNet_d4_bs512_lr0.001/20251004-225826_TinyNet_d4_bs512_lr0.001_metrics.json
[PLOTS] Saved: plots/20251004-225826_TinyNet_d4_bs512_lr0.001/20251004-225826_TinyNet_d4_bs512_lr0.001_loss_curve.png
[PLOTS] Saved: plots/20251004-225826_TinyNet_d4_bs512_lr0.001/20251004-225826_TinyNet_d4_bs512_lr0.001_acc_curve_top1.png
