Using device: cuda
[RUN] 20251008-224417_ResNet18_bs512_lr0.001
[IO ] checkpoints dir: checkpoints/20251008-224417_ResNet18_bs512_lr0.001
[IO ] metrics dir    : metrics/20251008-224417_ResNet18_bs512_lr0.001
[IO ] plots dir      : plots/20251008-224417_ResNet18_bs512_lr0.001
[IO ] checkpoint file: checkpoints/20251008-224417_ResNet18_bs512_lr0.001/20251008-224417_ResNet18_bs512_lr0.001_best.pth
[IO ] metrics file   : metrics/20251008-224417_ResNet18_bs512_lr0.001/20251008-224417_ResNet18_bs512_lr0.001_metrics.json
Training started..
Epoch 01/300 | train_loss=4.2789 | train_top1=10.18% | train_top5=27.74% | val_loss=4.1736 | val_top1=12.28% | val_top5=31.75% | epoch_time=146.7s
Epoch 02/300 | train_loss=3.4658 | train_top1=21.21% | train_top5=47.22% | val_loss=3.3243 | val_top1=23.79% | val_top5=50.18% | epoch_time=145.2s
Epoch 03/300 | train_loss=3.0477 | train_top1=28.96% | train_top5=56.67% | val_loss=3.4644 | val_top1=23.03% | val_top5=49.51% | epoch_time=145.2s
Epoch 04/300 | train_loss=2.7463 | train_top1=34.73% | train_top5=63.08% | val_loss=2.8772 | val_top1=32.18% | val_top5=60.68% | epoch_time=145.3s
Epoch 05/300 | train_loss=2.5064 | train_top1=39.49% | train_top5=67.77% | val_loss=2.7539 | val_top1=35.26% | val_top5=63.29% | epoch_time=145.3s
Epoch 06/300 | train_loss=2.3090 | train_top1=43.51% | train_top5=71.43% | val_loss=2.5948 | val_top1=38.16% | val_top5=66.14% | epoch_time=145.3s
Epoch 07/300 | train_loss=2.1499 | train_top1=47.05% | train_top5=74.44% | val_loss=2.5285 | val_top1=40.82% | val_top5=68.36% | epoch_time=145.3s
Epoch 08/300 | train_loss=2.0121 | train_top1=49.79% | train_top5=76.71% | val_loss=2.4747 | val_top1=41.21% | val_top5=69.35% | epoch_time=145.3s
Epoch 09/300 | train_loss=1.8795 | train_top1=52.55% | train_top5=78.96% | val_loss=2.3548 | val_top1=43.08% | val_top5=71.33% | epoch_time=145.3s
Epoch 10/300 | train_loss=1.7554 | train_top1=55.45% | train_top5=81.01% | val_loss=2.2779 | val_top1=45.38% | val_top5=72.19% | epoch_time=145.3s
Epoch 11/300 | train_loss=1.6470 | train_top1=57.85% | train_top5=82.70% | val_loss=2.2346 | val_top1=47.01% | val_top5=73.53% | epoch_time=145.3s
Epoch 12/300 | train_loss=1.5436 | train_top1=60.21% | train_top5=84.33% | val_loss=2.2647 | val_top1=47.08% | val_top5=73.63% | epoch_time=145.2s
Epoch 13/300 | train_loss=1.4405 | train_top1=62.39% | train_top5=85.93% | val_loss=2.1617 | val_top1=48.61% | val_top5=74.34% | epoch_time=145.2s
Epoch 14/300 | train_loss=1.3488 | train_top1=64.41% | train_top5=87.22% | val_loss=2.2441 | val_top1=47.57% | val_top5=73.84% | epoch_time=145.2s
Epoch 15/300 | train_loss=1.2494 | train_top1=66.86% | train_top5=88.64% | val_loss=2.2229 | val_top1=48.31% | val_top5=74.18% | epoch_time=145.2s
Epoch 16/300 | train_loss=1.1662 | train_top1=68.69% | train_top5=89.82% | val_loss=2.3641 | val_top1=46.91% | val_top5=72.91% | epoch_time=145.2s
Epoch 17/300 | train_loss=1.0629 | train_top1=71.25% | train_top5=91.28% | val_loss=2.1264 | val_top1=50.70% | val_top5=75.51% | epoch_time=145.1s
Epoch 18/300 | train_loss=0.9771 | train_top1=73.25% | train_top5=92.42% | val_loss=2.1843 | val_top1=50.86% | val_top5=75.84% | epoch_time=145.2s
Epoch 19/300 | train_loss=0.9003 | train_top1=74.98% | train_top5=93.49% | val_loss=2.1244 | val_top1=51.91% | val_top5=76.29% | epoch_time=145.1s
Epoch 20/300 | train_loss=0.8130 | train_top1=77.18% | train_top5=94.51% | val_loss=2.2442 | val_top1=51.51% | val_top5=75.60% | epoch_time=145.1s
Epoch 21/300 | train_loss=0.7372 | train_top1=79.28% | train_top5=95.40% | val_loss=2.1818 | val_top1=52.77% | val_top5=76.90% | epoch_time=145.1s
Epoch 22/300 | train_loss=0.6503 | train_top1=81.56% | train_top5=96.25% | val_loss=2.2813 | val_top1=52.00% | val_top5=76.38% | epoch_time=145.1s
Epoch 23/300 | train_loss=0.5829 | train_top1=83.30% | train_top5=97.11% | val_loss=2.2956 | val_top1=52.26% | val_top5=76.39% | epoch_time=145.1s
Epoch 24/300 | train_loss=0.5186 | train_top1=85.13% | train_top5=97.66% | val_loss=2.3859 | val_top1=51.76% | val_top5=75.44% | epoch_time=145.1s
Epoch 25/300 | train_loss=0.4653 | train_top1=86.46% | train_top5=98.09% | val_loss=2.4512 | val_top1=51.42% | val_top5=75.63% | epoch_time=145.1s
Epoch 26/300 | train_loss=0.4133 | train_top1=87.98% | train_top5=98.62% | val_loss=2.4118 | val_top1=51.97% | val_top5=76.30% | epoch_time=145.1s
Epoch 27/300 | train_loss=0.3705 | train_top1=89.14% | train_top5=98.82% | val_loss=2.4999 | val_top1=51.31% | val_top5=75.34% | epoch_time=145.1s
Epoch 28/300 | train_loss=0.3255 | train_top1=90.44% | train_top5=99.16% | val_loss=2.4846 | val_top1=52.59% | val_top5=76.32% | epoch_time=145.1s
Epoch 29/300 | train_loss=0.3016 | train_top1=91.09% | train_top5=99.30% | val_loss=2.5543 | val_top1=51.70% | val_top5=76.41% | epoch_time=145.1s
Epoch 30/300 | train_loss=0.2672 | train_top1=92.20% | train_top5=99.43% | val_loss=2.6465 | val_top1=51.66% | val_top5=76.18% | epoch_time=145.2s
Epoch 31/300 | train_loss=0.2438 | train_top1=92.78% | train_top5=99.55% | val_loss=2.6988 | val_top1=52.20% | val_top5=75.81% | epoch_time=145.2s
Epoch 32/300 | train_loss=0.2280 | train_top1=93.14% | train_top5=99.63% | val_loss=2.6340 | val_top1=52.61% | val_top5=76.62% | epoch_time=145.1s
Epoch 33/300 | train_loss=0.2088 | train_top1=93.79% | train_top5=99.73% | val_loss=2.7699 | val_top1=51.52% | val_top5=75.59% | epoch_time=145.1s
Epoch 34/300 | train_loss=0.1989 | train_top1=94.00% | train_top5=99.72% | val_loss=2.7973 | val_top1=51.90% | val_top5=75.98% | epoch_time=145.1s
Epoch 35/300 | train_loss=0.1873 | train_top1=94.47% | train_top5=99.72% | val_loss=2.8828 | val_top1=51.49% | val_top5=75.44% | epoch_time=145.1s
Epoch 36/300 | train_loss=0.1800 | train_top1=94.56% | train_top5=99.78% | val_loss=2.9468 | val_top1=51.57% | val_top5=75.05% | epoch_time=145.1s
Epoch 37/300 | train_loss=0.1751 | train_top1=94.67% | train_top5=99.77% | val_loss=2.9227 | val_top1=51.84% | val_top5=75.54% | epoch_time=145.1s
Epoch 38/300 | train_loss=0.1641 | train_top1=94.99% | train_top5=99.80% | val_loss=2.9532 | val_top1=52.57% | val_top5=75.65% | epoch_time=145.1s
Epoch 39/300 | train_loss=0.1603 | train_top1=95.01% | train_top5=99.80% | val_loss=3.0463 | val_top1=50.48% | val_top5=74.67% | epoch_time=145.2s
Epoch 40/300 | train_loss=0.1521 | train_top1=95.32% | train_top5=99.86% | val_loss=2.9230 | val_top1=52.87% | val_top5=76.10% | epoch_time=145.1s
Epoch 41/300 | train_loss=0.1381 | train_top1=95.77% | train_top5=99.87% | val_loss=3.0764 | val_top1=52.22% | val_top5=76.01% | epoch_time=145.1s
Epoch 42/300 | train_loss=0.1318 | train_top1=95.98% | train_top5=99.86% | val_loss=3.1257 | val_top1=51.90% | val_top5=76.24% | epoch_time=145.1s
Epoch 43/300 | train_loss=0.1441 | train_top1=95.56% | train_top5=99.84% | val_loss=2.9895 | val_top1=52.12% | val_top5=76.50% | epoch_time=145.1s
Epoch 44/300 | train_loss=0.1386 | train_top1=95.70% | train_top5=99.84% | val_loss=3.1037 | val_top1=52.09% | val_top5=75.75% | epoch_time=145.1s
Epoch 45/300 | train_loss=0.1359 | train_top1=95.75% | train_top5=99.85% | val_loss=3.1995 | val_top1=51.20% | val_top5=74.90% | epoch_time=145.1s
Epoch 46/300 | train_loss=0.1209 | train_top1=96.27% | train_top5=99.90% | val_loss=3.1970 | val_top1=52.05% | val_top5=76.02% | epoch_time=145.1s
Epoch 47/300 | train_loss=0.1177 | train_top1=96.38% | train_top5=99.90% | val_loss=3.1375 | val_top1=52.34% | val_top5=75.64% | epoch_time=145.1s
Epoch 48/300 | train_loss=0.1141 | train_top1=96.47% | train_top5=99.89% | val_loss=3.1954 | val_top1=51.83% | val_top5=75.07% | epoch_time=145.1s
Epoch 49/300 | train_loss=0.1137 | train_top1=96.47% | train_top5=99.90% | val_loss=3.1044 | val_top1=52.23% | val_top5=76.08% | epoch_time=145.1s
Epoch 50/300 | train_loss=0.1149 | train_top1=96.47% | train_top5=99.88% | val_loss=3.2891 | val_top1=51.42% | val_top5=74.81% | epoch_time=145.1s
Epoch 51/300 | train_loss=0.1207 | train_top1=96.26% | train_top5=99.87% | val_loss=3.3705 | val_top1=51.49% | val_top5=75.04% | epoch_time=145.1s
Epoch 52/300 | train_loss=0.1120 | train_top1=96.45% | train_top5=99.90% | val_loss=3.3733 | val_top1=52.12% | val_top5=75.44% | epoch_time=145.1s
Epoch 53/300 | train_loss=0.1067 | train_top1=96.63% | train_top5=99.92% | val_loss=3.3441 | val_top1=52.08% | val_top5=75.51% | epoch_time=145.1s
Epoch 54/300 | train_loss=0.1010 | train_top1=96.93% | train_top5=99.90% | val_loss=3.3346 | val_top1=52.86% | val_top5=75.56% | epoch_time=145.2s
Epoch 55/300 | train_loss=0.1057 | train_top1=96.62% | train_top5=99.90% | val_loss=3.2897 | val_top1=52.32% | val_top5=75.90% | epoch_time=145.2s
Epoch 56/300 | train_loss=0.0977 | train_top1=96.95% | train_top5=99.91% | val_loss=3.4352 | val_top1=51.81% | val_top5=75.69% | epoch_time=145.1s
Epoch 57/300 | train_loss=0.1039 | train_top1=96.73% | train_top5=99.92% | val_loss=3.3781 | val_top1=51.56% | val_top5=75.45% | epoch_time=145.1s
Epoch 58/300 | train_loss=0.0982 | train_top1=96.89% | train_top5=99.92% | val_loss=3.3696 | val_top1=52.65% | val_top5=75.84% | epoch_time=145.1s
Epoch 59/300 | train_loss=0.0909 | train_top1=97.17% | train_top5=99.93% | val_loss=3.5472 | val_top1=51.83% | val_top5=74.97% | epoch_time=145.1s
Epoch 60/300 | train_loss=0.0853 | train_top1=97.33% | train_top5=99.93% | val_loss=3.4098 | val_top1=52.02% | val_top5=75.99% | epoch_time=145.1s
Epoch 61/300 | train_loss=0.0834 | train_top1=97.34% | train_top5=99.94% | val_loss=3.4105 | val_top1=52.45% | val_top5=75.58% | epoch_time=145.1s
Epoch 62/300 | train_loss=0.0864 | train_top1=97.30% | train_top5=99.95% | val_loss=3.4245 | val_top1=52.51% | val_top5=75.22% | epoch_time=145.1s
Epoch 63/300 | train_loss=0.0845 | train_top1=97.37% | train_top5=99.93% | val_loss=3.5454 | val_top1=52.18% | val_top5=75.09% | epoch_time=145.1s
Epoch 64/300 | train_loss=0.0892 | train_top1=97.22% | train_top5=99.92% | val_loss=3.4798 | val_top1=52.04% | val_top5=75.54% | epoch_time=145.1s
Epoch 65/300 | train_loss=0.0841 | train_top1=97.36% | train_top5=99.92% | val_loss=3.4763 | val_top1=52.62% | val_top5=76.10% | epoch_time=145.1s
Epoch 66/300 | train_loss=0.0898 | train_top1=97.17% | train_top5=99.92% | val_loss=3.5393 | val_top1=51.68% | val_top5=75.31% | epoch_time=145.1s
Epoch 67/300 | train_loss=0.0861 | train_top1=97.26% | train_top5=99.94% | val_loss=3.5405 | val_top1=52.02% | val_top5=75.40% | epoch_time=145.1s
Epoch 68/300 | train_loss=0.0786 | train_top1=97.56% | train_top5=99.94% | val_loss=3.5221 | val_top1=52.33% | val_top5=75.79% | epoch_time=145.1s
Epoch 69/300 | train_loss=0.0760 | train_top1=97.62% | train_top5=99.94% | val_loss=3.7079 | val_top1=51.43% | val_top5=74.99% | epoch_time=145.2s
Epoch 70/300 | train_loss=0.0777 | train_top1=97.61% | train_top5=99.94% | val_loss=3.4951 | val_top1=52.90% | val_top5=75.85% | epoch_time=145.1s
Epoch 71/300 | train_loss=0.0789 | train_top1=97.49% | train_top5=99.94% | val_loss=3.5112 | val_top1=52.38% | val_top5=75.81% | epoch_time=145.1s
Epoch 72/300 | train_loss=0.0761 | train_top1=97.60% | train_top5=99.94% | val_loss=3.5553 | val_top1=52.50% | val_top5=75.63% | epoch_time=145.1s
Epoch 73/300 | train_loss=0.0771 | train_top1=97.59% | train_top5=99.94% | val_loss=3.6487 | val_top1=52.02% | val_top5=74.75% | epoch_time=145.1s
Epoch 74/300 | train_loss=0.0761 | train_top1=97.66% | train_top5=99.95% | val_loss=3.6237 | val_top1=52.97% | val_top5=76.12% | epoch_time=145.1s
Epoch 75/300 | train_loss=0.0769 | train_top1=97.59% | train_top5=99.94% | val_loss=3.7104 | val_top1=51.89% | val_top5=75.24% | epoch_time=145.1s
Epoch 76/300 | train_loss=0.0721 | train_top1=97.69% | train_top5=99.94% | val_loss=3.6024 | val_top1=53.06% | val_top5=76.08% | epoch_time=145.1s
Epoch 77/300 | train_loss=0.0659 | train_top1=97.96% | train_top5=99.95% | val_loss=3.5935 | val_top1=52.57% | val_top5=75.88% | epoch_time=145.1s
Epoch 78/300 | train_loss=0.0719 | train_top1=97.71% | train_top5=99.94% | val_loss=3.6276 | val_top1=52.81% | val_top5=75.99% | epoch_time=145.1s
Epoch 79/300 | train_loss=0.0681 | train_top1=97.87% | train_top5=99.95% | val_loss=3.6558 | val_top1=52.97% | val_top5=76.03% | epoch_time=145.1s
Epoch 80/300 | train_loss=0.0645 | train_top1=97.95% | train_top5=99.95% | val_loss=3.7068 | val_top1=52.26% | val_top5=75.00% | epoch_time=145.1s
Epoch 81/300 | train_loss=0.0661 | train_top1=97.90% | train_top5=99.95% | val_loss=3.6224 | val_top1=52.39% | val_top5=75.45% | epoch_time=145.1s
Epoch 82/300 | train_loss=0.0704 | train_top1=97.78% | train_top5=99.94% | val_loss=3.6380 | val_top1=52.70% | val_top5=75.31% | epoch_time=145.1s
Epoch 83/300 | train_loss=0.0703 | train_top1=97.78% | train_top5=99.96% | val_loss=3.7290 | val_top1=52.79% | val_top5=75.03% | epoch_time=145.1s
Epoch 84/300 | train_loss=0.0633 | train_top1=97.96% | train_top5=99.96% | val_loss=3.6462 | val_top1=52.53% | val_top5=75.80% | epoch_time=145.1s
Epoch 85/300 | train_loss=0.0618 | train_top1=98.02% | train_top5=99.96% | val_loss=3.6877 | val_top1=52.42% | val_top5=75.79% | epoch_time=145.1s
Epoch 86/300 | train_loss=0.0567 | train_top1=98.22% | train_top5=99.95% | val_loss=3.7159 | val_top1=52.98% | val_top5=75.36% | epoch_time=145.1s
Epoch 87/300 | train_loss=0.0585 | train_top1=98.21% | train_top5=99.96% | val_loss=3.7734 | val_top1=51.83% | val_top5=75.12% | epoch_time=145.1s
Epoch 88/300 | train_loss=0.0644 | train_top1=97.97% | train_top5=99.97% | val_loss=3.6404 | val_top1=52.03% | val_top5=75.60% | epoch_time=145.1s
Epoch 89/300 | train_loss=0.0658 | train_top1=97.92% | train_top5=99.96% | val_loss=3.8373 | val_top1=51.59% | val_top5=75.05% | epoch_time=145.1s
Epoch 90/300 | train_loss=0.0641 | train_top1=97.99% | train_top5=99.95% | val_loss=3.8018 | val_top1=52.51% | val_top5=75.06% | epoch_time=145.1s
Epoch 91/300 | train_loss=0.0616 | train_top1=98.01% | train_top5=99.96% | val_loss=3.7532 | val_top1=52.23% | val_top5=75.51% | epoch_time=145.1s
Epoch 92/300 | train_loss=0.0571 | train_top1=98.23% | train_top5=99.98% | val_loss=3.7557 | val_top1=52.55% | val_top5=75.70% | epoch_time=145.1s
Epoch 93/300 | train_loss=0.0550 | train_top1=98.25% | train_top5=99.96% | val_loss=3.7195 | val_top1=52.52% | val_top5=75.23% | epoch_time=145.1s
Epoch 94/300 | train_loss=0.0569 | train_top1=98.21% | train_top5=99.97% | val_loss=3.7433 | val_top1=52.54% | val_top5=75.24% | epoch_time=145.1s
Epoch 95/300 | train_loss=0.0619 | train_top1=97.98% | train_top5=99.96% | val_loss=3.9101 | val_top1=51.90% | val_top5=75.15% | epoch_time=145.1s
Epoch 96/300 | train_loss=0.0660 | train_top1=97.88% | train_top5=99.95% | val_loss=3.8136 | val_top1=52.15% | val_top5=75.42% | epoch_time=145.1s
Epoch 97/300 | train_loss=0.0550 | train_top1=98.23% | train_top5=99.97% | val_loss=3.8821 | val_top1=52.76% | val_top5=75.51% | epoch_time=145.1s
Epoch 98/300 | train_loss=0.0554 | train_top1=98.25% | train_top5=99.96% | val_loss=3.7019 | val_top1=53.88% | val_top5=75.91% | epoch_time=145.1s
Epoch 99/300 | train_loss=0.0456 | train_top1=98.57% | train_top5=99.98% | val_loss=3.7213 | val_top1=53.17% | val_top5=75.74% | epoch_time=145.1s
Epoch 100/300 | train_loss=0.0578 | train_top1=98.17% | train_top5=99.97% | val_loss=3.8034 | val_top1=52.13% | val_top5=75.34% | epoch_time=145.1s
Epoch 101/300 | train_loss=0.0558 | train_top1=98.24% | train_top5=99.97% | val_loss=3.7335 | val_top1=53.09% | val_top5=76.00% | epoch_time=145.1s
Epoch 102/300 | train_loss=0.0564 | train_top1=98.21% | train_top5=99.96% | val_loss=3.7383 | val_top1=53.48% | val_top5=76.47% | epoch_time=145.1s
Epoch 103/300 | train_loss=0.0483 | train_top1=98.48% | train_top5=99.97% | val_loss=3.6974 | val_top1=53.47% | val_top5=76.17% | epoch_time=145.1s
Epoch 104/300 | train_loss=0.0490 | train_top1=98.45% | train_top5=99.98% | val_loss=3.8538 | val_top1=52.61% | val_top5=75.86% | epoch_time=145.1s
Epoch 105/300 | train_loss=0.0516 | train_top1=98.38% | train_top5=99.95% | val_loss=3.8332 | val_top1=52.98% | val_top5=76.13% | epoch_time=145.1s
Epoch 106/300 | train_loss=0.0550 | train_top1=98.26% | train_top5=99.97% | val_loss=3.8707 | val_top1=52.19% | val_top5=75.06% | epoch_time=145.1s
Epoch 107/300 | train_loss=0.0490 | train_top1=98.43% | train_top5=99.96% | val_loss=3.8016 | val_top1=52.88% | val_top5=75.88% | epoch_time=145.1s
Epoch 108/300 | train_loss=0.0486 | train_top1=98.46% | train_top5=99.98% | val_loss=3.8696 | val_top1=52.88% | val_top5=75.80% | epoch_time=145.1s
Epoch 109/300 | train_loss=0.0473 | train_top1=98.54% | train_top5=99.98% | val_loss=3.8322 | val_top1=52.74% | val_top5=76.17% | epoch_time=145.1s
Epoch 110/300 | train_loss=0.0531 | train_top1=98.30% | train_top5=99.97% | val_loss=3.9510 | val_top1=53.10% | val_top5=75.46% | epoch_time=145.1s
Epoch 111/300 | train_loss=0.0503 | train_top1=98.42% | train_top5=99.98% | val_loss=3.7883 | val_top1=53.19% | val_top5=76.04% | epoch_time=145.1s
Epoch 112/300 | train_loss=0.0440 | train_top1=98.65% | train_top5=99.98% | val_loss=4.0183 | val_top1=52.72% | val_top5=74.93% | epoch_time=145.1s
Epoch 113/300 | train_loss=0.0477 | train_top1=98.50% | train_top5=99.97% | val_loss=3.8991 | val_top1=53.07% | val_top5=75.51% | epoch_time=145.1s
Epoch 114/300 | train_loss=0.0533 | train_top1=98.29% | train_top5=99.97% | val_loss=3.8699 | val_top1=52.89% | val_top5=75.87% | epoch_time=145.1s
Epoch 115/300 | train_loss=0.0450 | train_top1=98.58% | train_top5=99.97% | val_loss=3.9113 | val_top1=52.15% | val_top5=75.47% | epoch_time=145.1s
Epoch 116/300 | train_loss=0.0468 | train_top1=98.51% | train_top5=99.97% | val_loss=3.9860 | val_top1=52.18% | val_top5=75.74% | epoch_time=145.1s
Epoch 117/300 | train_loss=0.0436 | train_top1=98.62% | train_top5=99.98% | val_loss=3.8494 | val_top1=52.83% | val_top5=75.92% | epoch_time=145.1s
Epoch 118/300 | train_loss=0.0487 | train_top1=98.46% | train_top5=99.97% | val_loss=3.8054 | val_top1=53.62% | val_top5=76.59% | epoch_time=145.1s
Epoch 119/300 | train_loss=0.0415 | train_top1=98.70% | train_top5=99.97% | val_loss=3.9650 | val_top1=53.00% | val_top5=76.07% | epoch_time=145.1s
Epoch 120/300 | train_loss=0.0449 | train_top1=98.57% | train_top5=99.98% | val_loss=4.0033 | val_top1=52.50% | val_top5=76.09% | epoch_time=145.2s
Epoch 121/300 | train_loss=0.0502 | train_top1=98.39% | train_top5=99.98% | val_loss=3.9032 | val_top1=52.39% | val_top5=75.50% | epoch_time=145.1s
Epoch 122/300 | train_loss=0.0531 | train_top1=98.34% | train_top5=99.96% | val_loss=3.9775 | val_top1=52.14% | val_top5=75.36% | epoch_time=145.1s
Epoch 123/300 | train_loss=0.0460 | train_top1=98.52% | train_top5=99.97% | val_loss=3.9163 | val_top1=53.07% | val_top5=75.80% | epoch_time=145.1s
Epoch 124/300 | train_loss=0.0371 | train_top1=98.81% | train_top5=99.98% | val_loss=3.8821 | val_top1=53.13% | val_top5=75.98% | epoch_time=145.1s
Epoch 125/300 | train_loss=0.0417 | train_top1=98.66% | train_top5=99.97% | val_loss=3.9898 | val_top1=52.52% | val_top5=75.70% | epoch_time=145.2s
Epoch 126/300 | train_loss=0.0405 | train_top1=98.71% | train_top5=99.98% | val_loss=3.9648 | val_top1=53.98% | val_top5=76.61% | epoch_time=145.2s
Epoch 127/300 | train_loss=0.0407 | train_top1=98.70% | train_top5=99.98% | val_loss=4.0363 | val_top1=52.28% | val_top5=75.25% | epoch_time=145.1s
Epoch 128/300 | train_loss=0.0463 | train_top1=98.49% | train_top5=99.98% | val_loss=3.9119 | val_top1=53.63% | val_top5=76.12% | epoch_time=145.1s
Epoch 129/300 | train_loss=0.0421 | train_top1=98.63% | train_top5=99.98% | val_loss=4.0407 | val_top1=52.93% | val_top5=76.15% | epoch_time=145.2s
Epoch 130/300 | train_loss=0.0412 | train_top1=98.67% | train_top5=99.98% | val_loss=4.0356 | val_top1=52.40% | val_top5=75.89% | epoch_time=145.2s
Epoch 131/300 | train_loss=0.0438 | train_top1=98.62% | train_top5=99.97% | val_loss=4.0631 | val_top1=53.28% | val_top5=76.09% | epoch_time=145.2s
Epoch 132/300 | train_loss=0.0418 | train_top1=98.66% | train_top5=99.98% | val_loss=3.9530 | val_top1=53.32% | val_top5=75.76% | epoch_time=145.2s
Epoch 133/300 | train_loss=0.0417 | train_top1=98.68% | train_top5=99.98% | val_loss=3.9785 | val_top1=53.39% | val_top5=76.35% | epoch_time=145.1s
Epoch 134/300 | train_loss=0.0434 | train_top1=98.63% | train_top5=99.99% | val_loss=4.0285 | val_top1=53.24% | val_top5=76.07% | epoch_time=145.1s
Epoch 135/300 | train_loss=0.0387 | train_top1=98.76% | train_top5=99.98% | val_loss=4.1952 | val_top1=52.23% | val_top5=75.60% | epoch_time=145.1s
Epoch 136/300 | train_loss=0.0366 | train_top1=98.84% | train_top5=99.98% | val_loss=3.9876 | val_top1=53.46% | val_top5=76.04% | epoch_time=145.2s
Epoch 137/300 | train_loss=0.0439 | train_top1=98.61% | train_top5=99.98% | val_loss=4.2088 | val_top1=52.15% | val_top5=74.89% | epoch_time=145.2s
Epoch 138/300 | train_loss=0.0378 | train_top1=98.77% | train_top5=99.98% | val_loss=4.0875 | val_top1=53.06% | val_top5=75.63% | epoch_time=145.2s
Epoch 139/300 | train_loss=0.0381 | train_top1=98.78% | train_top5=99.98% | val_loss=4.0367 | val_top1=53.30% | val_top5=76.24% | epoch_time=145.2s
Epoch 140/300 | train_loss=0.0354 | train_top1=98.90% | train_top5=99.98% | val_loss=4.0722 | val_top1=52.85% | val_top5=76.09% | epoch_time=145.2s
Epoch 141/300 | train_loss=0.0375 | train_top1=98.80% | train_top5=99.98% | val_loss=3.9448 | val_top1=53.29% | val_top5=76.12% | epoch_time=145.2s
Epoch 142/300 | train_loss=0.0380 | train_top1=98.76% | train_top5=99.98% | val_loss=4.0497 | val_top1=53.31% | val_top5=75.84% | epoch_time=145.2s
Epoch 143/300 | train_loss=0.0386 | train_top1=98.74% | train_top5=99.98% | val_loss=4.1266 | val_top1=52.78% | val_top5=75.21% | epoch_time=145.1s
Epoch 144/300 | train_loss=0.0382 | train_top1=98.78% | train_top5=99.98% | val_loss=4.1794 | val_top1=52.65% | val_top5=75.56% | epoch_time=145.1s
Epoch 145/300 | train_loss=0.0377 | train_top1=98.80% | train_top5=99.99% | val_loss=4.1743 | val_top1=52.06% | val_top5=75.04% | epoch_time=145.1s
Epoch 146/300 | train_loss=0.0371 | train_top1=98.81% | train_top5=99.98% | val_loss=4.0630 | val_top1=52.75% | val_top5=75.71% | epoch_time=145.1s
Epoch 147/300 | train_loss=0.0378 | train_top1=98.80% | train_top5=99.98% | val_loss=4.1855 | val_top1=52.34% | val_top5=75.61% | epoch_time=145.1s
Epoch 148/300 | train_loss=0.0386 | train_top1=98.78% | train_top5=99.98% | val_loss=4.2294 | val_top1=52.47% | val_top5=75.05% | epoch_time=145.1s
Epoch 149/300 | train_loss=0.0387 | train_top1=98.77% | train_top5=99.98% | val_loss=4.0945 | val_top1=52.17% | val_top5=75.56% | epoch_time=145.1s
Epoch 150/300 | train_loss=0.0357 | train_top1=98.87% | train_top5=99.98% | val_loss=4.1434 | val_top1=53.28% | val_top5=75.83% | epoch_time=145.1s
Epoch 151/300 | train_loss=0.0351 | train_top1=98.90% | train_top5=99.99% | val_loss=4.2537 | val_top1=53.05% | val_top5=75.21% | epoch_time=145.1s
Epoch 152/300 | train_loss=0.0335 | train_top1=98.93% | train_top5=99.98% | val_loss=4.1663 | val_top1=52.90% | val_top5=75.96% | epoch_time=145.1s
Epoch 153/300 | train_loss=0.0312 | train_top1=99.03% | train_top5=99.98% | val_loss=4.1454 | val_top1=53.25% | val_top5=75.99% | epoch_time=145.1s
Epoch 154/300 | train_loss=0.0344 | train_top1=98.92% | train_top5=99.98% | val_loss=4.1574 | val_top1=53.07% | val_top5=75.85% | epoch_time=145.1s
Epoch 155/300 | train_loss=0.0387 | train_top1=98.78% | train_top5=99.98% | val_loss=4.1695 | val_top1=53.11% | val_top5=76.13% | epoch_time=145.1s
Epoch 156/300 | train_loss=0.0356 | train_top1=98.85% | train_top5=99.98% | val_loss=4.0696 | val_top1=53.59% | val_top5=76.06% | epoch_time=145.2s
Epoch 157/300 | train_loss=0.0363 | train_top1=98.86% | train_top5=99.99% | val_loss=4.1556 | val_top1=52.77% | val_top5=75.84% | epoch_time=145.2s
Epoch 158/300 | train_loss=0.0359 | train_top1=98.83% | train_top5=99.99% | val_loss=4.0737 | val_top1=54.04% | val_top5=76.44% | epoch_time=145.2s
Epoch 159/300 | train_loss=0.0329 | train_top1=98.97% | train_top5=99.98% | val_loss=4.0583 | val_top1=53.84% | val_top5=75.87% | epoch_time=145.1s
Epoch 160/300 | train_loss=0.0323 | train_top1=98.98% | train_top5=99.98% | val_loss=4.1327 | val_top1=53.46% | val_top5=76.33% | epoch_time=145.1s
Epoch 161/300 | train_loss=0.0316 | train_top1=98.99% | train_top5=99.99% | val_loss=4.2009 | val_top1=53.82% | val_top5=75.91% | epoch_time=145.1s
Epoch 162/300 | train_loss=0.0326 | train_top1=98.97% | train_top5=99.99% | val_loss=4.1839 | val_top1=52.79% | val_top5=75.70% | epoch_time=145.1s
Epoch 163/300 | train_loss=0.0375 | train_top1=98.82% | train_top5=99.99% | val_loss=4.2013 | val_top1=52.88% | val_top5=75.91% | epoch_time=145.1s
Epoch 164/300 | train_loss=0.0365 | train_top1=98.87% | train_top5=99.99% | val_loss=4.1377 | val_top1=53.24% | val_top5=76.46% | epoch_time=145.1s
Epoch 165/300 | train_loss=0.0312 | train_top1=99.04% | train_top5=99.98% | val_loss=4.2066 | val_top1=53.25% | val_top5=76.02% | epoch_time=145.0s
Epoch 166/300 | train_loss=0.0332 | train_top1=98.94% | train_top5=99.99% | val_loss=4.1640 | val_top1=52.77% | val_top5=75.32% | epoch_time=145.1s
Epoch 167/300 | train_loss=0.0342 | train_top1=98.93% | train_top5=99.98% | val_loss=4.1265 | val_top1=53.27% | val_top5=75.89% | epoch_time=145.1s
Epoch 168/300 | train_loss=0.0354 | train_top1=98.85% | train_top5=99.98% | val_loss=4.1288 | val_top1=53.38% | val_top5=76.20% | epoch_time=145.1s
Epoch 169/300 | train_loss=0.0304 | train_top1=99.06% | train_top5=99.98% | val_loss=4.2338 | val_top1=53.32% | val_top5=75.83% | epoch_time=145.0s
Epoch 170/300 | train_loss=0.0319 | train_top1=98.99% | train_top5=99.99% | val_loss=4.2342 | val_top1=52.69% | val_top5=75.32% | epoch_time=145.0s
Epoch 171/300 | train_loss=0.0341 | train_top1=98.90% | train_top5=99.98% | val_loss=4.1978 | val_top1=53.44% | val_top5=75.89% | epoch_time=145.1s
Epoch 172/300 | train_loss=0.0316 | train_top1=99.01% | train_top5=99.99% | val_loss=4.2388 | val_top1=53.17% | val_top5=75.79% | epoch_time=145.0s
Epoch 173/300 | train_loss=0.0300 | train_top1=99.03% | train_top5=99.99% | val_loss=4.2229 | val_top1=52.95% | val_top5=75.84% | epoch_time=145.0s
Epoch 174/300 | train_loss=0.0301 | train_top1=99.04% | train_top5=99.98% | val_loss=4.1689 | val_top1=53.77% | val_top5=75.70% | epoch_time=145.1s
Epoch 175/300 | train_loss=0.0294 | train_top1=99.09% | train_top5=99.99% | val_loss=4.2426 | val_top1=53.19% | val_top5=75.71% | epoch_time=145.0s
Epoch 176/300 | train_loss=0.0325 | train_top1=98.98% | train_top5=99.98% | val_loss=4.3030 | val_top1=52.45% | val_top5=75.36% | epoch_time=145.0s
Epoch 177/300 | train_loss=0.0333 | train_top1=98.89% | train_top5=99.99% | val_loss=4.2254 | val_top1=53.46% | val_top5=75.88% | epoch_time=145.0s
Epoch 178/300 | train_loss=0.0312 | train_top1=99.01% | train_top5=99.98% | val_loss=4.3103 | val_top1=52.58% | val_top5=75.42% | epoch_time=145.0s
Epoch 179/300 | train_loss=0.0375 | train_top1=98.79% | train_top5=99.98% | val_loss=4.2259 | val_top1=53.54% | val_top5=75.68% | epoch_time=145.0s
Epoch 180/300 | train_loss=0.0313 | train_top1=99.02% | train_top5=99.98% | val_loss=4.2532 | val_top1=53.13% | val_top5=75.90% | epoch_time=145.0s
Epoch 181/300 | train_loss=0.0312 | train_top1=99.02% | train_top5=99.98% | val_loss=4.1678 | val_top1=53.73% | val_top5=76.23% | epoch_time=145.0s
Epoch 182/300 | train_loss=0.0263 | train_top1=99.17% | train_top5=99.98% | val_loss=4.1783 | val_top1=53.70% | val_top5=75.98% | epoch_time=145.0s
Epoch 183/300 | train_loss=0.0267 | train_top1=99.20% | train_top5=99.99% | val_loss=4.2325 | val_top1=53.50% | val_top5=75.70% | epoch_time=145.1s
Epoch 184/300 | train_loss=0.0250 | train_top1=99.19% | train_top5=99.99% | val_loss=4.2521 | val_top1=53.10% | val_top5=75.62% | epoch_time=145.0s
Epoch 185/300 | train_loss=0.0289 | train_top1=99.08% | train_top5=99.99% | val_loss=4.1645 | val_top1=53.78% | val_top5=76.42% | epoch_time=145.1s
Epoch 186/300 | train_loss=0.0310 | train_top1=99.03% | train_top5=99.98% | val_loss=4.2466 | val_top1=53.52% | val_top5=76.38% | epoch_time=145.1s
Epoch 187/300 | train_loss=0.0269 | train_top1=99.18% | train_top5=99.99% | val_loss=4.1830 | val_top1=53.73% | val_top5=76.52% | epoch_time=145.1s
Epoch 188/300 | train_loss=0.0269 | train_top1=99.13% | train_top5=99.99% | val_loss=4.3265 | val_top1=52.88% | val_top5=75.82% | epoch_time=145.1s
Epoch 189/300 | train_loss=0.0334 | train_top1=98.98% | train_top5=99.98% | val_loss=4.4115 | val_top1=52.74% | val_top5=75.44% | epoch_time=145.1s
Epoch 190/300 | train_loss=0.0319 | train_top1=98.95% | train_top5=99.99% | val_loss=4.2173 | val_top1=53.31% | val_top5=76.01% | epoch_time=145.1s
Epoch 191/300 | train_loss=0.0276 | train_top1=99.14% | train_top5=99.98% | val_loss=4.2191 | val_top1=53.85% | val_top5=76.10% | epoch_time=145.1s
Epoch 192/300 | train_loss=0.0254 | train_top1=99.22% | train_top5=99.99% | val_loss=4.1758 | val_top1=53.72% | val_top5=76.50% | epoch_time=145.1s
Epoch 193/300 | train_loss=0.0302 | train_top1=99.04% | train_top5=99.99% | val_loss=4.1814 | val_top1=53.65% | val_top5=76.25% | epoch_time=145.1s
Epoch 194/300 | train_loss=0.0308 | train_top1=99.00% | train_top5=99.99% | val_loss=4.2491 | val_top1=53.16% | val_top5=75.97% | epoch_time=145.1s
Epoch 195/300 | train_loss=0.0338 | train_top1=98.93% | train_top5=99.99% | val_loss=4.2529 | val_top1=53.19% | val_top5=76.19% | epoch_time=145.1s
Epoch 196/300 | train_loss=0.0271 | train_top1=99.14% | train_top5=99.99% | val_loss=4.2758 | val_top1=52.52% | val_top5=76.23% | epoch_time=145.1s
Epoch 197/300 | train_loss=0.0246 | train_top1=99.21% | train_top5=99.99% | val_loss=4.2688 | val_top1=53.85% | val_top5=76.11% | epoch_time=145.1s
Epoch 198/300 | train_loss=0.0234 | train_top1=99.27% | train_top5=100.00% | val_loss=4.1975 | val_top1=53.45% | val_top5=76.48% | epoch_time=145.1s
Epoch 199/300 | train_loss=0.0275 | train_top1=99.11% | train_top5=99.98% | val_loss=4.3311 | val_top1=53.31% | val_top5=76.38% | epoch_time=145.1s
Epoch 200/300 | train_loss=0.0259 | train_top1=99.17% | train_top5=99.99% | val_loss=4.2508 | val_top1=53.28% | val_top5=75.72% | epoch_time=145.1s
Epoch 201/300 | train_loss=0.0270 | train_top1=99.19% | train_top5=99.99% | val_loss=4.2720 | val_top1=53.37% | val_top5=76.05% | epoch_time=145.1s
Epoch 202/300 | train_loss=0.0258 | train_top1=99.20% | train_top5=99.99% | val_loss=4.2777 | val_top1=53.28% | val_top5=75.77% | epoch_time=145.1s
Epoch 203/300 | train_loss=0.0245 | train_top1=99.23% | train_top5=99.99% | val_loss=4.2370 | val_top1=53.54% | val_top5=75.67% | epoch_time=145.1s
Epoch 204/300 | train_loss=0.0271 | train_top1=99.15% | train_top5=99.99% | val_loss=4.3239 | val_top1=53.50% | val_top5=76.15% | epoch_time=145.1s
Epoch 205/300 | train_loss=0.0297 | train_top1=99.04% | train_top5=99.99% | val_loss=4.3333 | val_top1=52.66% | val_top5=75.78% | epoch_time=145.1s
Epoch 206/300 | train_loss=0.0319 | train_top1=99.00% | train_top5=99.99% | val_loss=4.3265 | val_top1=53.26% | val_top5=75.97% | epoch_time=145.1s
Epoch 207/300 | train_loss=0.0283 | train_top1=99.14% | train_top5=99.98% | val_loss=4.2696 | val_top1=53.33% | val_top5=76.34% | epoch_time=145.1s
Epoch 208/300 | train_loss=0.0252 | train_top1=99.19% | train_top5=99.99% | val_loss=4.2962 | val_top1=53.56% | val_top5=76.05% | epoch_time=145.1s
Epoch 209/300 | train_loss=0.0282 | train_top1=99.14% | train_top5=99.98% | val_loss=4.3246 | val_top1=53.18% | val_top5=75.55% | epoch_time=145.1s
Epoch 210/300 | train_loss=0.0272 | train_top1=99.15% | train_top5=99.99% | val_loss=4.2767 | val_top1=53.73% | val_top5=76.34% | epoch_time=145.1s
Epoch 211/300 | train_loss=0.0221 | train_top1=99.26% | train_top5=99.99% | val_loss=4.3087 | val_top1=53.42% | val_top5=76.15% | epoch_time=145.1s
Epoch 212/300 | train_loss=0.0231 | train_top1=99.27% | train_top5=99.99% | val_loss=4.3285 | val_top1=53.65% | val_top5=76.09% | epoch_time=145.1s
Epoch 213/300 | train_loss=0.0236 | train_top1=99.22% | train_top5=99.99% | val_loss=4.3123 | val_top1=53.37% | val_top5=76.28% | epoch_time=145.1s
Epoch 214/300 | train_loss=0.0248 | train_top1=99.24% | train_top5=99.99% | val_loss=4.3138 | val_top1=53.73% | val_top5=76.12% | epoch_time=145.1s
Epoch 215/300 | train_loss=0.0222 | train_top1=99.28% | train_top5=99.99% | val_loss=4.2542 | val_top1=53.75% | val_top5=75.70% | epoch_time=145.1s
Epoch 216/300 | train_loss=0.0271 | train_top1=99.10% | train_top5=99.99% | val_loss=4.3593 | val_top1=53.25% | val_top5=75.80% | epoch_time=145.1s
Epoch 217/300 | train_loss=0.0229 | train_top1=99.25% | train_top5=99.99% | val_loss=4.3875 | val_top1=53.25% | val_top5=75.68% | epoch_time=145.2s
Epoch 218/300 | train_loss=0.0257 | train_top1=99.19% | train_top5=99.99% | val_loss=4.4100 | val_top1=52.90% | val_top5=76.03% | epoch_time=145.1s
Epoch 219/300 | train_loss=0.0220 | train_top1=99.32% | train_top5=99.99% | val_loss=4.3055 | val_top1=53.89% | val_top5=75.65% | epoch_time=145.1s
Epoch 220/300 | train_loss=0.0261 | train_top1=99.15% | train_top5=99.99% | val_loss=4.2771 | val_top1=53.60% | val_top5=76.07% | epoch_time=145.1s
Epoch 221/300 | train_loss=0.0301 | train_top1=99.04% | train_top5=99.99% | val_loss=4.4729 | val_top1=52.84% | val_top5=75.95% | epoch_time=145.1s
Epoch 222/300 | train_loss=0.0272 | train_top1=99.13% | train_top5=99.99% | val_loss=4.4277 | val_top1=53.88% | val_top5=76.26% | epoch_time=145.1s
Epoch 223/300 | train_loss=0.0227 | train_top1=99.26% | train_top5=99.99% | val_loss=4.4562 | val_top1=52.97% | val_top5=75.50% | epoch_time=145.1s
Epoch 224/300 | train_loss=0.0257 | train_top1=99.20% | train_top5=99.99% | val_loss=4.3577 | val_top1=53.41% | val_top5=75.76% | epoch_time=145.1s
Epoch 225/300 | train_loss=0.0221 | train_top1=99.31% | train_top5=99.99% | val_loss=4.2609 | val_top1=53.78% | val_top5=76.57% | epoch_time=145.1s
Epoch 226/300 | train_loss=0.0194 | train_top1=99.41% | train_top5=100.00% | val_loss=4.2749 | val_top1=53.49% | val_top5=76.31% | epoch_time=145.1s
Epoch 227/300 | train_loss=0.0216 | train_top1=99.29% | train_top5=99.99% | val_loss=4.4513 | val_top1=52.94% | val_top5=75.97% | epoch_time=145.1s
Epoch 228/300 | train_loss=0.0265 | train_top1=99.14% | train_top5=99.99% | val_loss=4.5556 | val_top1=53.34% | val_top5=75.76% | epoch_time=145.1s
Epoch 229/300 | train_loss=0.0245 | train_top1=99.22% | train_top5=100.00% | val_loss=4.3961 | val_top1=53.41% | val_top5=75.91% | epoch_time=145.1s
Epoch 230/300 | train_loss=0.0251 | train_top1=99.19% | train_top5=99.99% | val_loss=4.4526 | val_top1=53.46% | val_top5=75.93% | epoch_time=145.1s
Epoch 231/300 | train_loss=0.0248 | train_top1=99.20% | train_top5=99.99% | val_loss=4.4199 | val_top1=53.66% | val_top5=76.04% | epoch_time=145.1s
Epoch 232/300 | train_loss=0.0247 | train_top1=99.18% | train_top5=99.99% | val_loss=4.5956 | val_top1=52.88% | val_top5=75.17% | epoch_time=145.1s
Epoch 233/300 | train_loss=0.0221 | train_top1=99.29% | train_top5=99.99% | val_loss=4.4616 | val_top1=53.56% | val_top5=75.75% | epoch_time=145.1s
Epoch 234/300 | train_loss=0.0214 | train_top1=99.30% | train_top5=99.99% | val_loss=4.4925 | val_top1=52.97% | val_top5=75.91% | epoch_time=145.2s
Epoch 235/300 | train_loss=0.0210 | train_top1=99.33% | train_top5=99.99% | val_loss=4.3679 | val_top1=54.28% | val_top5=75.78% | epoch_time=145.1s
Epoch 236/300 | train_loss=0.0228 | train_top1=99.27% | train_top5=99.99% | val_loss=4.3839 | val_top1=53.69% | val_top5=76.02% | epoch_time=145.1s
Epoch 237/300 | train_loss=0.0229 | train_top1=99.28% | train_top5=99.99% | val_loss=4.4431 | val_top1=53.36% | val_top5=75.80% | epoch_time=145.1s
Epoch 238/300 | train_loss=0.0233 | train_top1=99.28% | train_top5=99.99% | val_loss=4.5646 | val_top1=53.47% | val_top5=75.69% | epoch_time=145.1s
Epoch 239/300 | train_loss=0.0255 | train_top1=99.17% | train_top5=99.99% | val_loss=4.3113 | val_top1=53.03% | val_top5=75.68% | epoch_time=145.1s
Epoch 240/300 | train_loss=0.0246 | train_top1=99.24% | train_top5=99.98% | val_loss=4.3528 | val_top1=53.42% | val_top5=76.15% | epoch_time=145.1s
Epoch 241/300 | train_loss=0.0221 | train_top1=99.30% | train_top5=99.99% | val_loss=4.4620 | val_top1=53.18% | val_top5=76.06% | epoch_time=145.1s
Epoch 242/300 | train_loss=0.0246 | train_top1=99.23% | train_top5=99.99% | val_loss=4.4037 | val_top1=53.44% | val_top5=76.48% | epoch_time=145.1s
Epoch 243/300 | train_loss=0.0215 | train_top1=99.33% | train_top5=99.99% | val_loss=4.5463 | val_top1=52.54% | val_top5=75.51% | epoch_time=145.1s
Epoch 244/300 | train_loss=0.0188 | train_top1=99.37% | train_top5=99.99% | val_loss=4.4562 | val_top1=52.91% | val_top5=75.94% | epoch_time=145.1s
Epoch 245/300 | train_loss=0.0237 | train_top1=99.24% | train_top5=99.99% | val_loss=4.4372 | val_top1=52.82% | val_top5=76.05% | epoch_time=145.1s
Epoch 246/300 | train_loss=0.0252 | train_top1=99.19% | train_top5=99.99% | val_loss=4.4551 | val_top1=52.76% | val_top5=76.08% | epoch_time=145.2s
Epoch 247/300 | train_loss=0.0245 | train_top1=99.22% | train_top5=99.99% | val_loss=4.4080 | val_top1=53.52% | val_top5=76.40% | epoch_time=145.1s
Epoch 248/300 | train_loss=0.0231 | train_top1=99.26% | train_top5=99.99% | val_loss=4.4707 | val_top1=53.26% | val_top5=75.47% | epoch_time=145.1s
Epoch 249/300 | train_loss=0.0222 | train_top1=99.30% | train_top5=100.00% | val_loss=4.3892 | val_top1=53.46% | val_top5=75.66% | epoch_time=145.1s
Epoch 250/300 | train_loss=0.0197 | train_top1=99.37% | train_top5=99.99% | val_loss=4.4642 | val_top1=53.44% | val_top5=75.61% | epoch_time=145.2s
Epoch 251/300 | train_loss=0.0188 | train_top1=99.41% | train_top5=99.99% | val_loss=4.3716 | val_top1=53.85% | val_top5=75.96% | epoch_time=145.2s
Epoch 252/300 | train_loss=0.0201 | train_top1=99.37% | train_top5=99.99% | val_loss=4.5874 | val_top1=52.87% | val_top5=75.12% | epoch_time=145.1s
Epoch 253/300 | train_loss=0.0200 | train_top1=99.35% | train_top5=100.00% | val_loss=4.5215 | val_top1=52.68% | val_top5=75.44% | epoch_time=145.2s
Epoch 254/300 | train_loss=0.0215 | train_top1=99.29% | train_top5=99.99% | val_loss=4.4656 | val_top1=53.45% | val_top5=75.64% | epoch_time=145.3s
Epoch 255/300 | train_loss=0.0205 | train_top1=99.37% | train_top5=99.99% | val_loss=4.4775 | val_top1=53.32% | val_top5=75.71% | epoch_time=145.2s
Epoch 256/300 | train_loss=0.0211 | train_top1=99.33% | train_top5=99.99% | val_loss=4.4905 | val_top1=53.74% | val_top5=76.03% | epoch_time=145.1s
Epoch 257/300 | train_loss=0.0205 | train_top1=99.34% | train_top5=99.99% | val_loss=4.5609 | val_top1=53.07% | val_top5=75.59% | epoch_time=145.1s
Epoch 258/300 | train_loss=0.0222 | train_top1=99.29% | train_top5=99.99% | val_loss=4.4741 | val_top1=53.43% | val_top5=75.52% | epoch_time=145.1s
Epoch 259/300 | train_loss=0.0226 | train_top1=99.29% | train_top5=100.00% | val_loss=4.4268 | val_top1=53.67% | val_top5=76.21% | epoch_time=145.1s
Epoch 260/300 | train_loss=0.0212 | train_top1=99.32% | train_top5=99.99% | val_loss=4.4623 | val_top1=53.76% | val_top5=75.93% | epoch_time=145.1s
Epoch 261/300 | train_loss=0.0208 | train_top1=99.33% | train_top5=99.99% | val_loss=4.4632 | val_top1=53.17% | val_top5=76.18% | epoch_time=145.1s
Epoch 262/300 | train_loss=0.0200 | train_top1=99.39% | train_top5=99.99% | val_loss=4.5120 | val_top1=53.69% | val_top5=76.33% | epoch_time=145.1s
Epoch 263/300 | train_loss=0.0233 | train_top1=99.25% | train_top5=100.00% | val_loss=4.4032 | val_top1=53.22% | val_top5=75.48% | epoch_time=145.2s
Epoch 264/300 | train_loss=0.0235 | train_top1=99.24% | train_top5=99.99% | val_loss=4.4600 | val_top1=53.20% | val_top5=76.28% | epoch_time=145.2s
Epoch 265/300 | train_loss=0.0179 | train_top1=99.44% | train_top5=99.99% | val_loss=4.4241 | val_top1=53.59% | val_top5=76.52% | epoch_time=145.1s
Epoch 266/300 | train_loss=0.0195 | train_top1=99.37% | train_top5=100.00% | val_loss=4.4797 | val_top1=53.81% | val_top5=76.27% | epoch_time=145.2s
Epoch 267/300 | train_loss=0.0231 | train_top1=99.25% | train_top5=100.00% | val_loss=4.4554 | val_top1=53.90% | val_top5=76.05% | epoch_time=145.1s
Epoch 268/300 | train_loss=0.0209 | train_top1=99.35% | train_top5=99.99% | val_loss=4.4219 | val_top1=54.51% | val_top5=76.16% | epoch_time=145.2s
Epoch 269/300 | train_loss=0.0164 | train_top1=99.48% | train_top5=100.00% | val_loss=4.4340 | val_top1=53.24% | val_top5=76.04% | epoch_time=145.2s
Epoch 270/300 | train_loss=0.0193 | train_top1=99.42% | train_top5=99.99% | val_loss=4.4636 | val_top1=53.46% | val_top5=76.02% | epoch_time=145.2s
Epoch 271/300 | train_loss=0.0163 | train_top1=99.48% | train_top5=100.00% | val_loss=4.3939 | val_top1=53.51% | val_top5=76.41% | epoch_time=145.2s
Epoch 272/300 | train_loss=0.0209 | train_top1=99.36% | train_top5=99.99% | val_loss=4.4569 | val_top1=53.05% | val_top5=75.67% | epoch_time=145.1s
Epoch 273/300 | train_loss=0.0188 | train_top1=99.40% | train_top5=100.00% | val_loss=4.5336 | val_top1=53.28% | val_top5=76.36% | epoch_time=145.1s
Epoch 274/300 | train_loss=0.0182 | train_top1=99.45% | train_top5=99.99% | val_loss=4.6146 | val_top1=53.53% | val_top5=76.02% | epoch_time=145.1s
Epoch 275/300 | train_loss=0.0235 | train_top1=99.29% | train_top5=99.99% | val_loss=4.4594 | val_top1=53.55% | val_top5=76.28% | epoch_time=145.2s
Epoch 276/300 | train_loss=0.0245 | train_top1=99.21% | train_top5=99.98% | val_loss=4.5172 | val_top1=53.40% | val_top5=75.40% | epoch_time=145.1s
Epoch 277/300 | train_loss=0.0219 | train_top1=99.33% | train_top5=99.99% | val_loss=4.5495 | val_top1=53.91% | val_top5=75.92% | epoch_time=145.1s
Epoch 278/300 | train_loss=0.0169 | train_top1=99.46% | train_top5=100.00% | val_loss=4.4924 | val_top1=53.44% | val_top5=76.29% | epoch_time=145.1s
Epoch 279/300 | train_loss=0.0181 | train_top1=99.43% | train_top5=100.00% | val_loss=4.4436 | val_top1=53.75% | val_top5=76.08% | epoch_time=145.1s
Epoch 280/300 | train_loss=0.0210 | train_top1=99.31% | train_top5=99.99% | val_loss=4.4197 | val_top1=53.21% | val_top5=75.53% | epoch_time=145.2s
Epoch 281/300 | train_loss=0.0204 | train_top1=99.34% | train_top5=99.99% | val_loss=4.5597 | val_top1=53.47% | val_top5=75.86% | epoch_time=145.1s
Epoch 282/300 | train_loss=0.0203 | train_top1=99.38% | train_top5=99.99% | val_loss=4.5234 | val_top1=53.85% | val_top5=75.92% | epoch_time=145.1s
Epoch 283/300 | train_loss=0.0213 | train_top1=99.30% | train_top5=99.99% | val_loss=4.5445 | val_top1=53.52% | val_top5=75.84% | epoch_time=145.2s
Epoch 284/300 | train_loss=0.0193 | train_top1=99.38% | train_top5=99.99% | val_loss=4.5651 | val_top1=53.32% | val_top5=75.63% | epoch_time=145.2s
Epoch 285/300 | train_loss=0.0178 | train_top1=99.43% | train_top5=99.99% | val_loss=4.5083 | val_top1=53.31% | val_top5=75.95% | epoch_time=145.2s
Epoch 286/300 | train_loss=0.0185 | train_top1=99.41% | train_top5=100.00% | val_loss=4.4900 | val_top1=53.54% | val_top5=76.03% | epoch_time=145.2s
Epoch 287/300 | train_loss=0.0152 | train_top1=99.51% | train_top5=100.00% | val_loss=4.4902 | val_top1=53.85% | val_top5=76.16% | epoch_time=145.1s
Epoch 288/300 | train_loss=0.0153 | train_top1=99.50% | train_top5=100.00% | val_loss=4.5074 | val_top1=53.26% | val_top5=76.23% | epoch_time=145.1s
Epoch 289/300 | train_loss=0.0167 | train_top1=99.48% | train_top5=100.00% | val_loss=4.6354 | val_top1=53.37% | val_top5=76.01% | epoch_time=145.2s
Epoch 290/300 | train_loss=0.0212 | train_top1=99.35% | train_top5=99.99% | val_loss=4.5474 | val_top1=54.21% | val_top5=76.20% | epoch_time=145.2s
Epoch 291/300 | train_loss=0.0199 | train_top1=99.35% | train_top5=99.99% | val_loss=4.5517 | val_top1=53.56% | val_top5=76.06% | epoch_time=145.2s
Epoch 292/300 | train_loss=0.0203 | train_top1=99.38% | train_top5=99.99% | val_loss=4.4356 | val_top1=53.60% | val_top5=75.89% | epoch_time=145.2s
Epoch 293/300 | train_loss=0.0193 | train_top1=99.39% | train_top5=99.99% | val_loss=4.5649 | val_top1=53.85% | val_top5=76.38% | epoch_time=145.1s
Epoch 294/300 | train_loss=0.0191 | train_top1=99.42% | train_top5=99.99% | val_loss=4.5705 | val_top1=52.83% | val_top5=75.59% | epoch_time=145.2s
Epoch 295/300 | train_loss=0.0173 | train_top1=99.44% | train_top5=100.00% | val_loss=4.5974 | val_top1=53.03% | val_top5=75.43% | epoch_time=145.2s
Epoch 296/300 | train_loss=0.0179 | train_top1=99.40% | train_top5=99.99% | val_loss=4.5373 | val_top1=53.89% | val_top5=76.17% | epoch_time=145.2s
Epoch 297/300 | train_loss=0.0178 | train_top1=99.44% | train_top5=100.00% | val_loss=4.5181 | val_top1=53.69% | val_top5=76.51% | epoch_time=145.2s
Epoch 298/300 | train_loss=0.0169 | train_top1=99.44% | train_top5=100.00% | val_loss=4.4632 | val_top1=53.52% | val_top5=76.31% | epoch_time=145.2s
Epoch 299/300 | train_loss=0.0178 | train_top1=99.41% | train_top5=99.99% | val_loss=4.6435 | val_top1=53.37% | val_top5=76.30% | epoch_time=145.3s
Epoch 300/300 | train_loss=0.0187 | train_top1=99.42% | train_top5=99.99% | val_loss=4.5780 | val_top1=53.22% | val_top5=75.89% | epoch_time=145.2s
Best val top1: 54.51%
Saved best weights to: checkpoints/20251008-224417_ResNet18_bs512_lr0.001/20251008-224417_ResNet18_bs512_lr0.001_best.pth
[METRICS] Wrote metrics/20251008-224417_ResNet18_bs512_lr0.001/20251008-224417_ResNet18_bs512_lr0.001_metrics.json
[PLOTS] Saved: plots/20251008-224417_ResNet18_bs512_lr0.001/20251008-224417_ResNet18_bs512_lr0.001_loss_curve.png
[PLOTS] Saved: plots/20251008-224417_ResNet18_bs512_lr0.001/20251008-224417_ResNet18_bs512_lr0.001_acc_curve_top1.png
