/scratch/sk10583/FengLab/tinyimage/tinyimage-fenglab/test.py:244: FutureWarning: `torch.cuda.amp.GradScaler(args...)` is deprecated. Please use `torch.amp.GradScaler('cuda', args...)` instead.
  scaler = torch.cuda.amp.GradScaler() if (args.fp16 and device == "cuda") else None
Device: cuda
Unfroze last 2 visual transformer blocks out of 12.
/scratch/sk10583/FengLab/tinyimage/tinyimage-fenglab/test.py:95: FutureWarning: `torch.cuda.amp.autocast(args...)` is deprecated. Please use `torch.amp.autocast('cuda', args...)` instead.
  with torch.cuda.amp.autocast(enabled=(scaler is not None)):
Epoch 1 | Train Loss: 1.2416 | Train Acc: 69.50%
Epoch 1 | Val Loss: 10.5774 | Val Acc: 0.41%
Saved new best checkpoint (acc=0.41%).
Epoch 2 | Train Loss: 0.7714 | Train Acc: 79.36%
Epoch 2 | Val Loss: 10.8287 | Val Acc: 0.46%
Saved new best checkpoint (acc=0.46%).
Epoch 3 | Train Loss: 0.5785 | Train Acc: 83.94%
Epoch 3 | Val Loss: 12.1343 | Val Acc: 0.48%
Saved new best checkpoint (acc=0.48%).
Epoch 4 | Train Loss: 0.4454 | Train Acc: 87.02%
Epoch 4 | Val Loss: 13.6049 | Val Acc: 0.44%
Epoch 5 | Train Loss: 0.3479 | Train Acc: 89.54%
Epoch 5 | Val Loss: 14.4809 | Val Acc: 0.44%
Epoch 6 | Train Loss: 0.2639 | Train Acc: 91.87%
Epoch 6 | Val Loss: 15.0896 | Val Acc: 0.57%
Saved new best checkpoint (acc=0.57%).
Epoch 7 | Train Loss: 0.2103 | Train Acc: 93.47%
Epoch 7 | Val Loss: 15.4481 | Val Acc: 0.47%
Epoch 8 | Train Loss: 0.1877 | Train Acc: 94.01%
Epoch 8 | Val Loss: 16.1712 | Val Acc: 0.61%
Saved new best checkpoint (acc=0.61%).
Epoch 9 | Train Loss: 0.1514 | Train Acc: 95.26%
Epoch 9 | Val Loss: 16.9350 | Val Acc: 0.64%
Saved new best checkpoint (acc=0.64%).
Epoch 10 | Train Loss: 0.1345 | Train Acc: 95.75%
Epoch 10 | Val Loss: 17.3459 | Val Acc: 0.46%
Epoch 11 | Train Loss: 0.1265 | Train Acc: 96.03%
Epoch 11 | Val Loss: 17.9154 | Val Acc: 0.49%
Epoch 12 | Train Loss: 0.1162 | Train Acc: 96.35%
Epoch 12 | Val Loss: 19.1615 | Val Acc: 0.45%
Epoch 13 | Train Loss: 0.1066 | Train Acc: 96.63%
Epoch 13 | Val Loss: 18.7761 | Val Acc: 0.55%
Epoch 14 | Train Loss: 0.0913 | Train Acc: 97.15%
Epoch 14 | Val Loss: 19.2266 | Val Acc: 0.51%
Epoch 15 | Train Loss: 0.0890 | Train Acc: 97.21%
Epoch 15 | Val Loss: 19.3266 | Val Acc: 0.46%
Epoch 16 | Train Loss: 0.0939 | Train Acc: 97.03%
Epoch 16 | Val Loss: 19.3954 | Val Acc: 0.45%
Epoch 17 | Train Loss: 0.0861 | Train Acc: 97.29%
Epoch 17 | Val Loss: 20.0216 | Val Acc: 0.55%
Epoch 18 | Train Loss: 0.0818 | Train Acc: 97.48%
Epoch 18 | Val Loss: 20.3390 | Val Acc: 0.43%
Epoch 19 | Train Loss: 0.0744 | Train Acc: 97.74%
Epoch 19 | Val Loss: 19.3779 | Val Acc: 0.51%
Epoch 20 | Train Loss: 0.0724 | Train Acc: 97.76%
Epoch 20 | Val Loss: 19.2031 | Val Acc: 0.59%
Epoch 21 | Train Loss: 0.0730 | Train Acc: 97.74%
Epoch 21 | Val Loss: 21.2191 | Val Acc: 0.38%
Epoch 22 | Train Loss: 0.0650 | Train Acc: 97.98%
Epoch 22 | Val Loss: 20.0214 | Val Acc: 0.56%
Epoch 23 | Train Loss: 0.0707 | Train Acc: 97.81%
Epoch 23 | Val Loss: 20.0685 | Val Acc: 0.44%
Epoch 24 | Train Loss: 0.0657 | Train Acc: 97.94%
Epoch 24 | Val Loss: 19.7410 | Val Acc: 0.53%
Epoch 25 | Train Loss: 0.0579 | Train Acc: 98.22%
Epoch 25 | Val Loss: 21.6344 | Val Acc: 0.45%
Epoch 26 | Train Loss: 0.0549 | Train Acc: 98.32%
Epoch 26 | Val Loss: 21.7638 | Val Acc: 0.47%
Epoch 27 | Train Loss: 0.0581 | Train Acc: 98.23%
Epoch 27 | Val Loss: 20.8097 | Val Acc: 0.57%
Epoch 28 | Train Loss: 0.0578 | Train Acc: 98.15%
Epoch 28 | Val Loss: 22.1415 | Val Acc: 0.42%
Epoch 29 | Train Loss: 0.0543 | Train Acc: 98.30%
Epoch 29 | Val Loss: 21.7886 | Val Acc: 0.50%
Epoch 30 | Train Loss: 0.0527 | Train Acc: 98.32%
Epoch 30 | Val Loss: 21.9463 | Val Acc: 0.47%
Best Val Acc: 0.64%
