Using device: cuda
[RUN] 20251004-200130_TinyNet_d3_bs512_lr0.001
[IO ] checkpoints dir: checkpoints/20251004-200130_TinyNet_d3_bs512_lr0.001
[IO ] metrics dir    : metrics/20251004-200130_TinyNet_d3_bs512_lr0.001
[IO ] plots dir      : plots/20251004-200130_TinyNet_d3_bs512_lr0.001
[IO ] checkpoint file: checkpoints/20251004-200130_TinyNet_d3_bs512_lr0.001/20251004-200130_TinyNet_d3_bs512_lr0.001_best.pth
[IO ] metrics file   : metrics/20251004-200130_TinyNet_d3_bs512_lr0.001/20251004-200130_TinyNet_d3_bs512_lr0.001_metrics.json
Epoch 01/500 | train_loss=4.5825 | train_top1=7.66% | train_top5=22.12% | val_loss=4.2863 | val_top1=9.91% | val_top5=28.10% | epoch_time=24.1s
Epoch 02/500 | train_loss=4.0515 | train_top1=14.21% | train_top5=34.71% | val_loss=3.9955 | val_top1=14.26% | val_top5=35.20% | epoch_time=13.8s
Epoch 03/500 | train_loss=3.8268 | train_top1=17.48% | train_top5=40.03% | val_loss=3.8088 | val_top1=16.94% | val_top5=39.74% | epoch_time=12.5s
Epoch 04/500 | train_loss=3.6771 | train_top1=19.89% | train_top5=43.28% | val_loss=3.8470 | val_top1=16.77% | val_top5=38.98% | epoch_time=12.1s
Epoch 05/500 | train_loss=3.5691 | train_top1=21.53% | train_top5=45.95% | val_loss=3.7108 | val_top1=18.54% | val_top5=41.90% | epoch_time=12.2s
Epoch 06/500 | train_loss=3.4744 | train_top1=23.14% | train_top5=47.91% | val_loss=3.5423 | val_top1=21.84% | val_top5=46.02% | epoch_time=12.2s
Epoch 07/500 | train_loss=3.3959 | train_top1=24.62% | train_top5=49.87% | val_loss=3.5047 | val_top1=22.76% | val_top5=46.94% | epoch_time=12.2s
Epoch 08/500 | train_loss=3.3297 | train_top1=25.68% | train_top5=51.41% | val_loss=3.4843 | val_top1=22.83% | val_top5=47.52% | epoch_time=12.1s
Epoch 09/500 | train_loss=3.2743 | train_top1=26.87% | train_top5=52.67% | val_loss=3.6332 | val_top1=21.16% | val_top5=44.16% | epoch_time=12.1s
Epoch 10/500 | train_loss=3.2250 | train_top1=27.62% | train_top5=53.53% | val_loss=3.3840 | val_top1=24.47% | val_top5=49.30% | epoch_time=12.1s
Epoch 11/500 | train_loss=3.1794 | train_top1=28.51% | train_top5=54.66% | val_loss=3.3583 | val_top1=25.05% | val_top5=49.79% | epoch_time=12.1s
Epoch 12/500 | train_loss=3.1307 | train_top1=29.11% | train_top5=55.60% | val_loss=3.3376 | val_top1=25.87% | val_top5=51.23% | epoch_time=12.4s
Epoch 13/500 | train_loss=3.0950 | train_top1=29.94% | train_top5=56.24% | val_loss=3.3740 | val_top1=25.21% | val_top5=50.45% | epoch_time=12.3s
Epoch 14/500 | train_loss=3.0558 | train_top1=30.64% | train_top5=57.14% | val_loss=3.2247 | val_top1=27.85% | val_top5=53.23% | epoch_time=12.0s
Epoch 15/500 | train_loss=3.0221 | train_top1=31.34% | train_top5=57.96% | val_loss=3.2070 | val_top1=27.68% | val_top5=53.49% | epoch_time=12.0s
Epoch 16/500 | train_loss=2.9958 | train_top1=31.77% | train_top5=58.38% | val_loss=3.2350 | val_top1=27.97% | val_top5=54.11% | epoch_time=12.2s
Epoch 17/500 | train_loss=2.9571 | train_top1=32.68% | train_top5=59.16% | val_loss=3.1938 | val_top1=28.43% | val_top5=53.68% | epoch_time=12.2s
Epoch 18/500 | train_loss=2.9323 | train_top1=32.97% | train_top5=59.71% | val_loss=3.1719 | val_top1=28.61% | val_top5=54.73% | epoch_time=12.1s
Epoch 19/500 | train_loss=2.9066 | train_top1=33.42% | train_top5=60.25% | val_loss=3.1769 | val_top1=28.75% | val_top5=54.62% | epoch_time=12.1s
Epoch 20/500 | train_loss=2.8843 | train_top1=33.87% | train_top5=60.75% | val_loss=3.1417 | val_top1=29.50% | val_top5=55.12% | epoch_time=12.1s
Epoch 21/500 | train_loss=2.8585 | train_top1=34.29% | train_top5=61.23% | val_loss=3.1125 | val_top1=29.64% | val_top5=56.11% | epoch_time=12.2s
Epoch 22/500 | train_loss=2.8360 | train_top1=34.85% | train_top5=61.54% | val_loss=3.0796 | val_top1=30.19% | val_top5=56.45% | epoch_time=12.3s
Epoch 23/500 | train_loss=2.8114 | train_top1=35.27% | train_top5=62.22% | val_loss=3.1340 | val_top1=29.58% | val_top5=55.61% | epoch_time=12.2s
Epoch 24/500 | train_loss=2.7858 | train_top1=35.77% | train_top5=62.73% | val_loss=3.0246 | val_top1=31.46% | val_top5=58.02% | epoch_time=12.3s
Epoch 25/500 | train_loss=2.7674 | train_top1=36.19% | train_top5=63.04% | val_loss=2.9986 | val_top1=31.63% | val_top5=58.06% | epoch_time=12.1s
Epoch 26/500 | train_loss=2.7506 | train_top1=36.39% | train_top5=63.28% | val_loss=3.1039 | val_top1=29.67% | val_top5=56.31% | epoch_time=12.3s
Epoch 27/500 | train_loss=2.7351 | train_top1=36.81% | train_top5=63.64% | val_loss=3.0252 | val_top1=31.56% | val_top5=57.72% | epoch_time=12.1s
Epoch 28/500 | train_loss=2.7119 | train_top1=37.21% | train_top5=64.12% | val_loss=3.0064 | val_top1=31.38% | val_top5=58.38% | epoch_time=12.1s
Epoch 29/500 | train_loss=2.6924 | train_top1=37.67% | train_top5=64.65% | val_loss=2.9738 | val_top1=32.48% | val_top5=58.69% | epoch_time=12.1s
Epoch 30/500 | train_loss=2.6786 | train_top1=37.92% | train_top5=64.60% | val_loss=2.9303 | val_top1=33.23% | val_top5=59.55% | epoch_time=12.1s
Epoch 31/500 | train_loss=2.6620 | train_top1=38.14% | train_top5=65.11% | val_loss=3.0061 | val_top1=31.36% | val_top5=57.88% | epoch_time=12.2s
Epoch 32/500 | train_loss=2.6478 | train_top1=38.51% | train_top5=65.36% | val_loss=2.9645 | val_top1=32.95% | val_top5=59.18% | epoch_time=12.1s
Epoch 33/500 | train_loss=2.6326 | train_top1=38.81% | train_top5=65.60% | val_loss=2.9445 | val_top1=32.78% | val_top5=59.49% | epoch_time=12.2s
Epoch 34/500 | train_loss=2.6165 | train_top1=38.93% | train_top5=65.98% | val_loss=2.9433 | val_top1=32.63% | val_top5=59.45% | epoch_time=12.1s
Epoch 35/500 | train_loss=2.6008 | train_top1=39.36% | train_top5=66.17% | val_loss=2.9476 | val_top1=33.06% | val_top5=58.98% | epoch_time=12.3s
Epoch 36/500 | train_loss=2.5896 | train_top1=39.62% | train_top5=66.50% | val_loss=2.8978 | val_top1=34.09% | val_top5=60.68% | epoch_time=12.1s
Epoch 37/500 | train_loss=2.5751 | train_top1=39.86% | train_top5=66.79% | val_loss=3.0471 | val_top1=31.37% | val_top5=57.59% | epoch_time=12.2s
Epoch 38/500 | train_loss=2.5626 | train_top1=40.06% | train_top5=66.98% | val_loss=2.8547 | val_top1=34.61% | val_top5=61.13% | epoch_time=12.1s
Epoch 39/500 | train_loss=2.5473 | train_top1=40.35% | train_top5=67.22% | val_loss=2.9493 | val_top1=33.08% | val_top5=59.55% | epoch_time=12.1s
Epoch 40/500 | train_loss=2.5304 | train_top1=40.74% | train_top5=67.52% | val_loss=2.8833 | val_top1=34.30% | val_top5=60.82% | epoch_time=12.2s
Epoch 41/500 | train_loss=2.5214 | train_top1=41.01% | train_top5=67.63% | val_loss=2.9701 | val_top1=32.90% | val_top5=59.68% | epoch_time=12.1s
Epoch 42/500 | train_loss=2.5124 | train_top1=41.10% | train_top5=67.92% | val_loss=2.9129 | val_top1=33.37% | val_top5=60.58% | epoch_time=12.0s
Epoch 43/500 | train_loss=2.5012 | train_top1=41.20% | train_top5=68.10% | val_loss=2.9002 | val_top1=33.57% | val_top5=60.41% | epoch_time=12.3s
Epoch 44/500 | train_loss=2.4805 | train_top1=41.82% | train_top5=68.36% | val_loss=2.8956 | val_top1=33.90% | val_top5=60.60% | epoch_time=12.2s
Epoch 45/500 | train_loss=2.4748 | train_top1=41.80% | train_top5=68.69% | val_loss=2.8054 | val_top1=35.72% | val_top5=62.52% | epoch_time=12.2s
Epoch 46/500 | train_loss=2.4592 | train_top1=42.12% | train_top5=68.80% | val_loss=2.7816 | val_top1=35.92% | val_top5=63.14% | epoch_time=12.1s
Epoch 47/500 | train_loss=2.4530 | train_top1=42.17% | train_top5=68.99% | val_loss=2.8188 | val_top1=35.95% | val_top5=61.77% | epoch_time=12.2s
Epoch 48/500 | train_loss=2.4393 | train_top1=42.52% | train_top5=69.16% | val_loss=2.7622 | val_top1=36.01% | val_top5=62.80% | epoch_time=12.2s
Epoch 49/500 | train_loss=2.4354 | train_top1=42.59% | train_top5=69.41% | val_loss=2.7802 | val_top1=35.63% | val_top5=62.72% | epoch_time=12.1s
Epoch 50/500 | train_loss=2.4226 | train_top1=42.88% | train_top5=69.52% | val_loss=2.8381 | val_top1=35.27% | val_top5=61.80% | epoch_time=12.1s
Epoch 51/500 | train_loss=2.4104 | train_top1=43.21% | train_top5=69.85% | val_loss=2.7855 | val_top1=35.75% | val_top5=62.31% | epoch_time=12.1s
Epoch 52/500 | train_loss=2.4031 | train_top1=43.05% | train_top5=69.97% | val_loss=2.8525 | val_top1=34.86% | val_top5=62.20% | epoch_time=12.1s
Epoch 53/500 | train_loss=2.3925 | train_top1=43.44% | train_top5=70.12% | val_loss=2.8277 | val_top1=35.45% | val_top5=61.79% | epoch_time=12.1s
Epoch 54/500 | train_loss=2.3811 | train_top1=43.76% | train_top5=70.34% | val_loss=2.8364 | val_top1=35.01% | val_top5=61.65% | epoch_time=12.1s
Epoch 55/500 | train_loss=2.3803 | train_top1=43.61% | train_top5=70.36% | val_loss=2.7953 | val_top1=36.05% | val_top5=63.16% | epoch_time=12.3s
Epoch 56/500 | train_loss=2.3622 | train_top1=44.12% | train_top5=70.43% | val_loss=2.8086 | val_top1=35.81% | val_top5=62.52% | epoch_time=12.1s
Epoch 57/500 | train_loss=2.3587 | train_top1=43.99% | train_top5=70.74% | val_loss=2.7819 | val_top1=36.50% | val_top5=63.05% | epoch_time=12.2s
Epoch 58/500 | train_loss=2.3456 | train_top1=44.48% | train_top5=70.95% | val_loss=2.7831 | val_top1=36.34% | val_top5=62.56% | epoch_time=12.1s
Epoch 59/500 | train_loss=2.3363 | train_top1=44.62% | train_top5=71.09% | val_loss=2.7623 | val_top1=36.79% | val_top5=63.19% | epoch_time=12.0s
Epoch 60/500 | train_loss=2.3255 | train_top1=44.87% | train_top5=71.32% | val_loss=2.8005 | val_top1=36.10% | val_top5=62.83% | epoch_time=12.1s
Epoch 61/500 | train_loss=2.3240 | train_top1=44.71% | train_top5=71.32% | val_loss=2.7275 | val_top1=36.83% | val_top5=64.28% | epoch_time=12.1s
Epoch 62/500 | train_loss=2.3127 | train_top1=45.28% | train_top5=71.49% | val_loss=2.8743 | val_top1=34.45% | val_top5=61.02% | epoch_time=12.1s
Epoch 63/500 | train_loss=2.3065 | train_top1=45.20% | train_top5=71.81% | val_loss=2.7679 | val_top1=36.74% | val_top5=63.02% | epoch_time=12.1s
Epoch 64/500 | train_loss=2.2999 | train_top1=45.30% | train_top5=71.74% | val_loss=2.7269 | val_top1=37.26% | val_top5=63.73% | epoch_time=12.0s
Epoch 65/500 | train_loss=2.2868 | train_top1=45.58% | train_top5=71.98% | val_loss=2.7806 | val_top1=36.05% | val_top5=63.22% | epoch_time=12.0s
Epoch 66/500 | train_loss=2.2815 | train_top1=45.76% | train_top5=72.07% | val_loss=2.8371 | val_top1=35.88% | val_top5=62.11% | epoch_time=12.2s
Epoch 67/500 | train_loss=2.2724 | train_top1=45.70% | train_top5=72.26% | val_loss=2.7761 | val_top1=36.41% | val_top5=62.85% | epoch_time=12.1s
Epoch 68/500 | train_loss=2.2658 | train_top1=45.99% | train_top5=72.38% | val_loss=2.7929 | val_top1=36.39% | val_top5=62.41% | epoch_time=12.2s
Epoch 69/500 | train_loss=2.2652 | train_top1=45.99% | train_top5=72.31% | val_loss=2.7027 | val_top1=38.50% | val_top5=63.90% | epoch_time=12.3s
Epoch 70/500 | train_loss=2.2536 | train_top1=46.29% | train_top5=72.61% | val_loss=2.7539 | val_top1=36.57% | val_top5=63.49% | epoch_time=12.1s
Epoch 71/500 | train_loss=2.2468 | train_top1=46.29% | train_top5=72.67% | val_loss=2.7000 | val_top1=37.26% | val_top5=64.34% | epoch_time=12.2s
Epoch 72/500 | train_loss=2.2376 | train_top1=46.63% | train_top5=72.90% | val_loss=2.7652 | val_top1=37.03% | val_top5=63.30% | epoch_time=12.1s
Epoch 73/500 | train_loss=2.2337 | train_top1=46.71% | train_top5=72.94% | val_loss=2.6776 | val_top1=38.83% | val_top5=64.46% | epoch_time=12.1s
Epoch 74/500 | train_loss=2.2229 | train_top1=46.97% | train_top5=73.20% | val_loss=2.7194 | val_top1=36.85% | val_top5=63.88% | epoch_time=12.2s
Epoch 75/500 | train_loss=2.2178 | train_top1=46.81% | train_top5=73.24% | val_loss=2.7165 | val_top1=37.31% | val_top5=64.04% | epoch_time=12.1s
Epoch 76/500 | train_loss=2.2070 | train_top1=47.28% | train_top5=73.22% | val_loss=2.6609 | val_top1=38.17% | val_top5=64.96% | epoch_time=12.2s
Epoch 77/500 | train_loss=2.2035 | train_top1=47.25% | train_top5=73.49% | val_loss=2.6537 | val_top1=38.91% | val_top5=65.39% | epoch_time=12.2s
Epoch 78/500 | train_loss=2.1988 | train_top1=47.25% | train_top5=73.48% | val_loss=2.6859 | val_top1=38.24% | val_top5=64.53% | epoch_time=12.1s
Epoch 79/500 | train_loss=2.1911 | train_top1=47.47% | train_top5=73.77% | val_loss=2.7952 | val_top1=36.59% | val_top5=63.30% | epoch_time=12.2s
Epoch 80/500 | train_loss=2.1864 | train_top1=47.60% | train_top5=73.69% | val_loss=2.6850 | val_top1=38.32% | val_top5=64.68% | epoch_time=12.1s
Epoch 81/500 | train_loss=2.1805 | train_top1=47.88% | train_top5=73.89% | val_loss=2.6547 | val_top1=38.65% | val_top5=65.42% | epoch_time=12.1s
Epoch 82/500 | train_loss=2.1699 | train_top1=47.93% | train_top5=74.02% | val_loss=2.7191 | val_top1=37.58% | val_top5=63.96% | epoch_time=12.1s
Epoch 83/500 | train_loss=2.1668 | train_top1=48.04% | train_top5=74.26% | val_loss=2.6088 | val_top1=39.54% | val_top5=66.28% | epoch_time=12.1s
Epoch 84/500 | train_loss=2.1647 | train_top1=47.82% | train_top5=74.17% | val_loss=2.7040 | val_top1=38.12% | val_top5=64.57% | epoch_time=12.1s
Epoch 85/500 | train_loss=2.1551 | train_top1=48.23% | train_top5=74.28% | val_loss=2.6692 | val_top1=38.73% | val_top5=65.55% | epoch_time=12.1s
Epoch 86/500 | train_loss=2.1440 | train_top1=48.48% | train_top5=74.58% | val_loss=2.7002 | val_top1=38.19% | val_top5=65.06% | epoch_time=12.2s
Epoch 87/500 | train_loss=2.1431 | train_top1=48.37% | train_top5=74.52% | val_loss=2.6241 | val_top1=39.28% | val_top5=65.91% | epoch_time=12.1s
Epoch 88/500 | train_loss=2.1349 | train_top1=48.65% | train_top5=74.68% | val_loss=2.6512 | val_top1=38.40% | val_top5=65.98% | epoch_time=12.1s
Epoch 89/500 | train_loss=2.1312 | train_top1=48.55% | train_top5=74.77% | val_loss=2.7425 | val_top1=37.57% | val_top5=63.97% | epoch_time=12.2s
Epoch 90/500 | train_loss=2.1245 | train_top1=48.71% | train_top5=74.83% | val_loss=2.6617 | val_top1=39.01% | val_top5=65.10% | epoch_time=12.2s
Epoch 91/500 | train_loss=2.1176 | train_top1=49.01% | train_top5=74.98% | val_loss=2.6626 | val_top1=39.05% | val_top5=65.18% | epoch_time=12.2s
Epoch 92/500 | train_loss=2.1153 | train_top1=48.93% | train_top5=74.84% | val_loss=2.6633 | val_top1=38.74% | val_top5=65.28% | epoch_time=12.1s
Epoch 93/500 | train_loss=2.1066 | train_top1=49.16% | train_top5=75.31% | val_loss=2.6111 | val_top1=40.01% | val_top5=66.14% | epoch_time=12.1s
Epoch 94/500 | train_loss=2.1010 | train_top1=49.33% | train_top5=75.27% | val_loss=2.6817 | val_top1=38.78% | val_top5=64.91% | epoch_time=12.2s
Epoch 95/500 | train_loss=2.0974 | train_top1=49.39% | train_top5=75.48% | val_loss=2.6619 | val_top1=39.28% | val_top5=65.73% | epoch_time=12.2s
Epoch 96/500 | train_loss=2.0942 | train_top1=49.36% | train_top5=75.33% | val_loss=2.6167 | val_top1=39.27% | val_top5=65.93% | epoch_time=12.1s
Epoch 97/500 | train_loss=2.0878 | train_top1=49.48% | train_top5=75.60% | val_loss=2.6182 | val_top1=39.48% | val_top5=66.12% | epoch_time=12.1s
Epoch 98/500 | train_loss=2.0855 | train_top1=49.63% | train_top5=75.45% | val_loss=2.5976 | val_top1=40.31% | val_top5=66.30% | epoch_time=12.2s
Epoch 99/500 | train_loss=2.0742 | train_top1=49.89% | train_top5=75.60% | val_loss=2.6640 | val_top1=39.45% | val_top5=65.41% | epoch_time=12.1s
Epoch 100/500 | train_loss=2.0711 | train_top1=49.90% | train_top5=76.00% | val_loss=2.6292 | val_top1=39.39% | val_top5=65.86% | epoch_time=12.1s
Epoch 101/500 | train_loss=2.0635 | train_top1=49.99% | train_top5=75.97% | val_loss=2.6289 | val_top1=39.71% | val_top5=65.96% | epoch_time=12.2s
Epoch 102/500 | train_loss=2.0627 | train_top1=50.02% | train_top5=75.90% | val_loss=2.6906 | val_top1=39.13% | val_top5=64.64% | epoch_time=12.2s
Epoch 103/500 | train_loss=2.0559 | train_top1=50.33% | train_top5=75.88% | val_loss=2.6161 | val_top1=39.70% | val_top5=66.01% | epoch_time=12.1s
Epoch 104/500 | train_loss=2.0510 | train_top1=50.29% | train_top5=76.08% | val_loss=2.6285 | val_top1=39.93% | val_top5=65.72% | epoch_time=12.1s
Epoch 105/500 | train_loss=2.0527 | train_top1=50.26% | train_top5=76.06% | val_loss=2.6333 | val_top1=39.06% | val_top5=66.13% | epoch_time=12.2s
Epoch 106/500 | train_loss=2.0434 | train_top1=50.42% | train_top5=76.14% | val_loss=2.6247 | val_top1=39.48% | val_top5=65.84% | epoch_time=12.2s
Epoch 107/500 | train_loss=2.0376 | train_top1=50.49% | train_top5=76.25% | val_loss=2.6251 | val_top1=39.58% | val_top5=65.91% | epoch_time=12.2s
Epoch 108/500 | train_loss=2.0328 | train_top1=50.64% | train_top5=76.32% | val_loss=2.5562 | val_top1=40.12% | val_top5=67.17% | epoch_time=12.2s
Epoch 109/500 | train_loss=2.0270 | train_top1=50.61% | train_top5=76.52% | val_loss=2.6241 | val_top1=39.18% | val_top5=65.93% | epoch_time=12.0s
Epoch 110/500 | train_loss=2.0209 | train_top1=51.06% | train_top5=76.63% | val_loss=2.5959 | val_top1=40.23% | val_top5=66.80% | epoch_time=12.1s
Epoch 111/500 | train_loss=2.0169 | train_top1=50.95% | train_top5=76.70% | val_loss=2.6261 | val_top1=39.78% | val_top5=65.99% | epoch_time=12.1s
Epoch 112/500 | train_loss=2.0114 | train_top1=51.02% | train_top5=76.82% | val_loss=2.6160 | val_top1=39.83% | val_top5=66.33% | epoch_time=12.2s
Epoch 113/500 | train_loss=2.0118 | train_top1=51.06% | train_top5=76.69% | val_loss=2.6657 | val_top1=39.79% | val_top5=65.43% | epoch_time=12.1s
Epoch 114/500 | train_loss=2.0069 | train_top1=51.11% | train_top5=76.88% | val_loss=2.6807 | val_top1=38.73% | val_top5=65.28% | epoch_time=12.1s
Epoch 115/500 | train_loss=1.9983 | train_top1=51.44% | train_top5=76.94% | val_loss=2.6182 | val_top1=40.10% | val_top5=66.35% | epoch_time=12.1s
Epoch 116/500 | train_loss=1.9915 | train_top1=51.46% | train_top5=77.19% | val_loss=2.5980 | val_top1=40.01% | val_top5=66.76% | epoch_time=12.1s
Epoch 117/500 | train_loss=1.9940 | train_top1=51.54% | train_top5=76.89% | val_loss=2.6223 | val_top1=39.96% | val_top5=65.91% | epoch_time=12.1s
Epoch 118/500 | train_loss=1.9900 | train_top1=51.59% | train_top5=77.13% | val_loss=2.5904 | val_top1=39.96% | val_top5=66.84% | epoch_time=12.1s
Epoch 119/500 | train_loss=1.9862 | train_top1=51.67% | train_top5=77.16% | val_loss=2.5886 | val_top1=40.97% | val_top5=66.98% | epoch_time=12.1s
Epoch 120/500 | train_loss=1.9796 | train_top1=51.79% | train_top5=77.37% | val_loss=2.6659 | val_top1=38.89% | val_top5=65.15% | epoch_time=12.2s
Epoch 121/500 | train_loss=1.9770 | train_top1=51.88% | train_top5=77.35% | val_loss=2.6272 | val_top1=39.72% | val_top5=65.96% | epoch_time=12.1s
Epoch 122/500 | train_loss=1.9686 | train_top1=51.96% | train_top5=77.54% | val_loss=2.6064 | val_top1=39.84% | val_top5=66.70% | epoch_time=12.2s
Epoch 123/500 | train_loss=1.9678 | train_top1=51.88% | train_top5=77.45% | val_loss=2.6300 | val_top1=39.94% | val_top5=66.18% | epoch_time=12.2s
Epoch 124/500 | train_loss=1.9667 | train_top1=52.05% | train_top5=77.46% | val_loss=2.6846 | val_top1=39.18% | val_top5=65.61% | epoch_time=12.0s
Epoch 125/500 | train_loss=1.9628 | train_top1=52.13% | train_top5=77.55% | val_loss=2.5877 | val_top1=40.61% | val_top5=67.01% | epoch_time=12.1s
Epoch 126/500 | train_loss=1.9500 | train_top1=52.26% | train_top5=77.78% | val_loss=2.7005 | val_top1=38.96% | val_top5=65.37% | epoch_time=12.1s
Epoch 127/500 | train_loss=1.9528 | train_top1=52.10% | train_top5=77.67% | val_loss=2.6543 | val_top1=39.59% | val_top5=66.09% | epoch_time=12.0s
Epoch 128/500 | train_loss=1.9461 | train_top1=52.30% | train_top5=77.88% | val_loss=2.5889 | val_top1=40.55% | val_top5=66.74% | epoch_time=12.2s
Epoch 129/500 | train_loss=1.9415 | train_top1=52.38% | train_top5=78.04% | val_loss=2.6350 | val_top1=39.77% | val_top5=66.47% | epoch_time=12.1s
Epoch 130/500 | train_loss=1.9442 | train_top1=52.32% | train_top5=77.87% | val_loss=2.5761 | val_top1=40.90% | val_top5=66.82% | epoch_time=12.2s
Epoch 131/500 | train_loss=1.9345 | train_top1=52.64% | train_top5=78.06% | val_loss=2.6091 | val_top1=39.82% | val_top5=66.23% | epoch_time=12.2s
Epoch 132/500 | train_loss=1.9337 | train_top1=52.72% | train_top5=78.11% | val_loss=2.6227 | val_top1=39.97% | val_top5=66.37% | epoch_time=12.1s
Epoch 133/500 | train_loss=1.9341 | train_top1=52.65% | train_top5=78.09% | val_loss=2.5768 | val_top1=40.53% | val_top5=67.16% | epoch_time=12.2s
Epoch 134/500 | train_loss=1.9297 | train_top1=52.60% | train_top5=78.15% | val_loss=2.6075 | val_top1=40.14% | val_top5=66.55% | epoch_time=12.2s
Epoch 135/500 | train_loss=1.9272 | train_top1=52.84% | train_top5=78.07% | val_loss=2.6537 | val_top1=39.83% | val_top5=65.73% | epoch_time=12.1s
Epoch 136/500 | train_loss=1.9171 | train_top1=53.03% | train_top5=78.32% | val_loss=2.6198 | val_top1=40.47% | val_top5=66.29% | epoch_time=12.1s
Epoch 137/500 | train_loss=1.9137 | train_top1=53.18% | train_top5=78.45% | val_loss=2.6638 | val_top1=39.01% | val_top5=65.31% | epoch_time=12.0s
Epoch 138/500 | train_loss=1.9129 | train_top1=52.99% | train_top5=78.44% | val_loss=2.5703 | val_top1=41.05% | val_top5=67.25% | epoch_time=12.1s
Epoch 139/500 | train_loss=1.9123 | train_top1=53.17% | train_top5=78.47% | val_loss=2.5990 | val_top1=40.40% | val_top5=66.81% | epoch_time=12.1s
Epoch 140/500 | train_loss=1.9033 | train_top1=53.25% | train_top5=78.61% | val_loss=2.5990 | val_top1=40.73% | val_top5=66.70% | epoch_time=12.1s
Epoch 141/500 | train_loss=1.8993 | train_top1=53.38% | train_top5=78.75% | val_loss=2.6511 | val_top1=39.51% | val_top5=66.02% | epoch_time=12.1s
Epoch 142/500 | train_loss=1.8963 | train_top1=53.29% | train_top5=78.78% | val_loss=2.5937 | val_top1=40.56% | val_top5=66.69% | epoch_time=12.1s
Epoch 143/500 | train_loss=1.8926 | train_top1=53.39% | train_top5=78.80% | val_loss=2.6161 | val_top1=40.33% | val_top5=66.31% | epoch_time=12.1s
Epoch 144/500 | train_loss=1.8905 | train_top1=53.51% | train_top5=78.74% | val_loss=2.5785 | val_top1=40.56% | val_top5=67.15% | epoch_time=12.1s
Epoch 145/500 | train_loss=1.8915 | train_top1=53.45% | train_top5=78.68% | val_loss=2.6333 | val_top1=39.60% | val_top5=66.15% | epoch_time=12.2s
Epoch 146/500 | train_loss=1.8844 | train_top1=53.61% | train_top5=78.89% | val_loss=2.5963 | val_top1=40.57% | val_top5=66.73% | epoch_time=12.1s
Epoch 147/500 | train_loss=1.8807 | train_top1=53.61% | train_top5=78.94% | val_loss=2.5964 | val_top1=40.50% | val_top5=66.86% | epoch_time=12.1s
Epoch 148/500 | train_loss=1.8779 | train_top1=53.79% | train_top5=79.05% | val_loss=2.5888 | val_top1=40.60% | val_top5=66.69% | epoch_time=12.1s
Epoch 149/500 | train_loss=1.8753 | train_top1=53.71% | train_top5=79.05% | val_loss=2.6506 | val_top1=40.22% | val_top5=65.94% | epoch_time=12.1s
Epoch 150/500 | train_loss=1.8699 | train_top1=53.95% | train_top5=79.11% | val_loss=2.5926 | val_top1=40.84% | val_top5=66.63% | epoch_time=12.1s
Epoch 151/500 | train_loss=1.8692 | train_top1=53.76% | train_top5=79.18% | val_loss=2.5979 | val_top1=40.75% | val_top5=66.96% | epoch_time=12.1s
Epoch 152/500 | train_loss=1.8643 | train_top1=53.97% | train_top5=79.27% | val_loss=2.5916 | val_top1=40.50% | val_top5=67.18% | epoch_time=12.1s
Epoch 153/500 | train_loss=1.8637 | train_top1=54.15% | train_top5=79.26% | val_loss=2.6258 | val_top1=40.23% | val_top5=66.39% | epoch_time=12.1s
Epoch 154/500 | train_loss=1.8545 | train_top1=54.11% | train_top5=79.50% | val_loss=2.5956 | val_top1=40.37% | val_top5=66.56% | epoch_time=12.0s
Epoch 155/500 | train_loss=1.8562 | train_top1=54.12% | train_top5=79.39% | val_loss=2.5975 | val_top1=40.74% | val_top5=66.89% | epoch_time=12.2s
Epoch 156/500 | train_loss=1.8561 | train_top1=54.06% | train_top5=79.45% | val_loss=2.5894 | val_top1=40.58% | val_top5=67.22% | epoch_time=12.2s
Epoch 157/500 | train_loss=1.8494 | train_top1=54.24% | train_top5=79.49% | val_loss=2.6068 | val_top1=40.71% | val_top5=66.88% | epoch_time=12.1s
Epoch 158/500 | train_loss=1.8465 | train_top1=54.39% | train_top5=79.63% | val_loss=2.6002 | val_top1=41.00% | val_top5=66.71% | epoch_time=12.1s
Epoch 159/500 | train_loss=1.8404 | train_top1=54.64% | train_top5=79.58% | val_loss=2.5897 | val_top1=40.12% | val_top5=67.24% | epoch_time=12.1s
Epoch 160/500 | train_loss=1.8382 | train_top1=54.55% | train_top5=79.71% | val_loss=2.5858 | val_top1=40.67% | val_top5=67.36% | epoch_time=12.1s
Epoch 161/500 | train_loss=1.8359 | train_top1=54.73% | train_top5=79.68% | val_loss=2.5939 | val_top1=41.21% | val_top5=66.94% | epoch_time=12.1s
Epoch 162/500 | train_loss=1.8311 | train_top1=54.66% | train_top5=79.80% | val_loss=2.6216 | val_top1=40.77% | val_top5=66.96% | epoch_time=12.1s
Epoch 163/500 | train_loss=1.8312 | train_top1=54.56% | train_top5=79.77% | val_loss=2.6128 | val_top1=40.58% | val_top5=66.84% | epoch_time=12.2s
Epoch 164/500 | train_loss=1.8272 | train_top1=54.69% | train_top5=79.89% | val_loss=2.5787 | val_top1=41.25% | val_top5=67.65% | epoch_time=12.1s
Epoch 165/500 | train_loss=1.8265 | train_top1=54.72% | train_top5=79.78% | val_loss=2.5835 | val_top1=40.92% | val_top5=67.63% | epoch_time=12.1s
Epoch 166/500 | train_loss=1.8261 | train_top1=54.65% | train_top5=80.00% | val_loss=2.5783 | val_top1=40.64% | val_top5=67.28% | epoch_time=12.2s
Epoch 167/500 | train_loss=1.8221 | train_top1=54.60% | train_top5=80.00% | val_loss=2.6206 | val_top1=40.28% | val_top5=67.04% | epoch_time=12.2s
Epoch 168/500 | train_loss=1.8164 | train_top1=54.89% | train_top5=80.05% | val_loss=2.5720 | val_top1=41.07% | val_top5=67.37% | epoch_time=12.0s
Epoch 169/500 | train_loss=1.8123 | train_top1=55.03% | train_top5=80.13% | val_loss=2.6029 | val_top1=40.64% | val_top5=66.75% | epoch_time=12.2s
Epoch 170/500 | train_loss=1.8059 | train_top1=55.11% | train_top5=80.29% | val_loss=2.6475 | val_top1=40.33% | val_top5=66.46% | epoch_time=12.2s
Epoch 171/500 | train_loss=1.8090 | train_top1=55.11% | train_top5=80.19% | val_loss=2.5925 | val_top1=41.35% | val_top5=67.03% | epoch_time=12.1s
Epoch 172/500 | train_loss=1.8033 | train_top1=55.18% | train_top5=80.26% | val_loss=2.5623 | val_top1=41.37% | val_top5=67.66% | epoch_time=12.1s
Epoch 173/500 | train_loss=1.8022 | train_top1=55.20% | train_top5=80.27% | val_loss=2.6109 | val_top1=40.92% | val_top5=67.15% | epoch_time=12.1s
Epoch 174/500 | train_loss=1.7991 | train_top1=55.22% | train_top5=80.35% | val_loss=2.6430 | val_top1=40.39% | val_top5=66.28% | epoch_time=12.1s
Epoch 175/500 | train_loss=1.7982 | train_top1=55.44% | train_top5=80.31% | val_loss=2.5881 | val_top1=41.20% | val_top5=66.97% | epoch_time=12.1s
Epoch 176/500 | train_loss=1.7927 | train_top1=55.46% | train_top5=80.50% | val_loss=2.5867 | val_top1=41.12% | val_top5=67.58% | epoch_time=12.1s
Epoch 177/500 | train_loss=1.7917 | train_top1=55.41% | train_top5=80.51% | val_loss=2.6428 | val_top1=40.59% | val_top5=67.03% | epoch_time=12.0s
Epoch 178/500 | train_loss=1.7877 | train_top1=55.60% | train_top5=80.47% | val_loss=2.5748 | val_top1=41.09% | val_top5=67.42% | epoch_time=12.2s
Epoch 179/500 | train_loss=1.7867 | train_top1=55.67% | train_top5=80.61% | val_loss=2.5886 | val_top1=41.51% | val_top5=66.93% | epoch_time=12.0s
Epoch 180/500 | train_loss=1.7807 | train_top1=55.61% | train_top5=80.75% | val_loss=2.6242 | val_top1=40.78% | val_top5=66.85% | epoch_time=12.2s
Epoch 181/500 | train_loss=1.7781 | train_top1=55.61% | train_top5=80.64% | val_loss=2.6549 | val_top1=40.44% | val_top5=66.43% | epoch_time=12.2s
Epoch 182/500 | train_loss=1.7764 | train_top1=55.68% | train_top5=80.70% | val_loss=2.6899 | val_top1=40.08% | val_top5=65.78% | epoch_time=12.1s
Epoch 183/500 | train_loss=1.7776 | train_top1=55.73% | train_top5=80.72% | val_loss=2.6135 | val_top1=41.03% | val_top5=66.92% | epoch_time=12.0s
Epoch 184/500 | train_loss=1.7699 | train_top1=55.87% | train_top5=80.75% | val_loss=2.6232 | val_top1=40.66% | val_top5=66.51% | epoch_time=12.1s
Epoch 185/500 | train_loss=1.7741 | train_top1=55.88% | train_top5=80.71% | val_loss=2.6213 | val_top1=40.86% | val_top5=66.76% | epoch_time=12.0s
Epoch 186/500 | train_loss=1.7704 | train_top1=56.04% | train_top5=80.76% | val_loss=2.6073 | val_top1=40.51% | val_top5=67.32% | epoch_time=12.1s
Epoch 187/500 | train_loss=1.7642 | train_top1=56.05% | train_top5=80.86% | val_loss=2.6553 | val_top1=40.08% | val_top5=66.57% | epoch_time=12.1s
Epoch 188/500 | train_loss=1.7657 | train_top1=56.03% | train_top5=80.85% | val_loss=2.5863 | val_top1=40.85% | val_top5=67.16% | epoch_time=12.1s
Epoch 189/500 | train_loss=1.7594 | train_top1=56.12% | train_top5=80.97% | val_loss=2.6041 | val_top1=40.75% | val_top5=67.11% | epoch_time=12.1s
Epoch 190/500 | train_loss=1.7609 | train_top1=55.91% | train_top5=80.92% | val_loss=2.6007 | val_top1=41.06% | val_top5=67.66% | epoch_time=12.1s
Epoch 191/500 | train_loss=1.7582 | train_top1=56.08% | train_top5=81.03% | val_loss=2.6057 | val_top1=40.54% | val_top5=66.92% | epoch_time=12.1s
Epoch 192/500 | train_loss=1.7555 | train_top1=56.18% | train_top5=80.95% | val_loss=2.5719 | val_top1=41.50% | val_top5=67.71% | epoch_time=12.1s
Epoch 193/500 | train_loss=1.7460 | train_top1=56.38% | train_top5=81.14% | val_loss=2.5788 | val_top1=41.57% | val_top5=67.78% | epoch_time=12.1s
Epoch 194/500 | train_loss=1.7484 | train_top1=56.42% | train_top5=81.13% | val_loss=2.6111 | val_top1=41.05% | val_top5=67.29% | epoch_time=12.2s
Epoch 195/500 | train_loss=1.7502 | train_top1=56.22% | train_top5=81.08% | val_loss=2.5816 | val_top1=41.10% | val_top5=67.40% | epoch_time=12.1s
Epoch 196/500 | train_loss=1.7410 | train_top1=56.58% | train_top5=81.23% | val_loss=2.5891 | val_top1=40.78% | val_top5=67.16% | epoch_time=12.0s
Epoch 197/500 | train_loss=1.7420 | train_top1=56.57% | train_top5=81.20% | val_loss=2.6101 | val_top1=40.96% | val_top5=67.27% | epoch_time=12.2s
Epoch 198/500 | train_loss=1.7396 | train_top1=56.52% | train_top5=81.26% | val_loss=2.5657 | val_top1=41.14% | val_top5=67.81% | epoch_time=12.2s
Epoch 199/500 | train_loss=1.7377 | train_top1=56.55% | train_top5=81.29% | val_loss=2.5877 | val_top1=41.83% | val_top5=67.60% | epoch_time=12.2s
Epoch 200/500 | train_loss=1.7357 | train_top1=56.58% | train_top5=81.36% | val_loss=2.5755 | val_top1=41.80% | val_top5=67.91% | epoch_time=12.1s
Epoch 201/500 | train_loss=1.7316 | train_top1=56.92% | train_top5=81.33% | val_loss=2.5892 | val_top1=41.54% | val_top5=67.71% | epoch_time=12.0s
Epoch 202/500 | train_loss=1.7306 | train_top1=56.43% | train_top5=81.38% | val_loss=2.6115 | val_top1=41.70% | val_top5=67.08% | epoch_time=12.3s
Epoch 203/500 | train_loss=1.7341 | train_top1=56.54% | train_top5=81.57% | val_loss=2.6004 | val_top1=41.42% | val_top5=67.80% | epoch_time=12.1s
Epoch 204/500 | train_loss=1.7252 | train_top1=56.79% | train_top5=81.53% | val_loss=2.6159 | val_top1=40.77% | val_top5=67.25% | epoch_time=12.1s
Epoch 205/500 | train_loss=1.7237 | train_top1=56.81% | train_top5=81.54% | val_loss=2.5662 | val_top1=41.48% | val_top5=68.23% | epoch_time=12.1s
Epoch 206/500 | train_loss=1.7232 | train_top1=56.76% | train_top5=81.56% | val_loss=2.5693 | val_top1=41.65% | val_top5=67.31% | epoch_time=12.1s
Epoch 207/500 | train_loss=1.7171 | train_top1=56.98% | train_top5=81.60% | val_loss=2.5973 | val_top1=41.30% | val_top5=67.16% | epoch_time=12.1s
Epoch 208/500 | train_loss=1.7210 | train_top1=57.00% | train_top5=81.54% | val_loss=2.6093 | val_top1=40.80% | val_top5=67.23% | epoch_time=12.1s
Epoch 209/500 | train_loss=1.7149 | train_top1=57.05% | train_top5=81.74% | val_loss=2.6115 | val_top1=41.07% | val_top5=66.59% | epoch_time=12.0s
Epoch 210/500 | train_loss=1.7142 | train_top1=56.86% | train_top5=81.71% | val_loss=2.5930 | val_top1=41.84% | val_top5=67.28% | epoch_time=12.2s
Epoch 211/500 | train_loss=1.7090 | train_top1=57.10% | train_top5=81.94% | val_loss=2.6117 | val_top1=41.19% | val_top5=67.54% | epoch_time=12.2s
Epoch 212/500 | train_loss=1.7104 | train_top1=57.15% | train_top5=81.72% | val_loss=2.5758 | val_top1=41.25% | val_top5=67.27% | epoch_time=12.1s
Epoch 213/500 | train_loss=1.7054 | train_top1=57.28% | train_top5=81.92% | val_loss=2.6359 | val_top1=40.29% | val_top5=66.83% | epoch_time=12.1s
Epoch 214/500 | train_loss=1.7054 | train_top1=57.14% | train_top5=81.89% | val_loss=2.6163 | val_top1=41.08% | val_top5=67.16% | epoch_time=12.1s
Epoch 215/500 | train_loss=1.7036 | train_top1=57.27% | train_top5=81.94% | val_loss=2.6220 | val_top1=40.41% | val_top5=67.22% | epoch_time=12.1s
Epoch 216/500 | train_loss=1.7036 | train_top1=57.15% | train_top5=81.86% | val_loss=2.6216 | val_top1=40.98% | val_top5=67.03% | epoch_time=12.2s
Epoch 217/500 | train_loss=1.7030 | train_top1=57.19% | train_top5=81.93% | val_loss=2.5793 | val_top1=41.63% | val_top5=67.70% | epoch_time=12.2s
Epoch 218/500 | train_loss=1.6947 | train_top1=57.57% | train_top5=81.90% | val_loss=2.5844 | val_top1=41.57% | val_top5=67.82% | epoch_time=12.1s
Epoch 219/500 | train_loss=1.6938 | train_top1=57.38% | train_top5=82.04% | val_loss=2.6029 | val_top1=41.67% | val_top5=67.52% | epoch_time=12.1s
Epoch 220/500 | train_loss=1.6941 | train_top1=57.37% | train_top5=82.19% | val_loss=2.6178 | val_top1=41.05% | val_top5=67.15% | epoch_time=12.1s
Epoch 221/500 | train_loss=1.6901 | train_top1=57.52% | train_top5=82.06% | val_loss=2.6144 | val_top1=41.63% | val_top5=67.13% | epoch_time=12.1s
Epoch 222/500 | train_loss=1.6878 | train_top1=57.47% | train_top5=82.16% | val_loss=2.6099 | val_top1=41.17% | val_top5=67.29% | epoch_time=12.3s
Epoch 223/500 | train_loss=1.6866 | train_top1=57.60% | train_top5=82.29% | val_loss=2.6313 | val_top1=40.96% | val_top5=67.07% | epoch_time=12.1s
Epoch 224/500 | train_loss=1.6872 | train_top1=57.51% | train_top5=82.07% | val_loss=2.6289 | val_top1=41.36% | val_top5=67.13% | epoch_time=12.0s
Epoch 225/500 | train_loss=1.6802 | train_top1=57.70% | train_top5=82.31% | val_loss=2.5892 | val_top1=41.39% | val_top5=67.75% | epoch_time=12.1s
Epoch 226/500 | train_loss=1.6799 | train_top1=57.67% | train_top5=82.28% | val_loss=2.6754 | val_top1=40.68% | val_top5=66.50% | epoch_time=12.1s
Epoch 227/500 | train_loss=1.6784 | train_top1=57.62% | train_top5=82.27% | val_loss=2.6230 | val_top1=40.96% | val_top5=67.22% | epoch_time=12.0s
Epoch 228/500 | train_loss=1.6779 | train_top1=57.70% | train_top5=82.40% | val_loss=2.5834 | val_top1=41.87% | val_top5=68.04% | epoch_time=12.2s
Epoch 229/500 | train_loss=1.6754 | train_top1=57.58% | train_top5=82.33% | val_loss=2.6033 | val_top1=41.53% | val_top5=67.53% | epoch_time=12.1s
Epoch 230/500 | train_loss=1.6741 | train_top1=57.93% | train_top5=82.29% | val_loss=2.6121 | val_top1=41.35% | val_top5=67.71% | epoch_time=12.1s
Epoch 231/500 | train_loss=1.6710 | train_top1=58.02% | train_top5=82.52% | val_loss=2.6044 | val_top1=41.56% | val_top5=67.92% | epoch_time=12.1s
Epoch 232/500 | train_loss=1.6730 | train_top1=57.86% | train_top5=82.23% | val_loss=2.6582 | val_top1=40.56% | val_top5=66.50% | epoch_time=12.1s
Epoch 233/500 | train_loss=1.6617 | train_top1=57.99% | train_top5=82.58% | val_loss=2.6051 | val_top1=41.49% | val_top5=67.75% | epoch_time=12.1s
Epoch 234/500 | train_loss=1.6676 | train_top1=57.90% | train_top5=82.43% | val_loss=2.6326 | val_top1=41.01% | val_top5=67.48% | epoch_time=12.3s
Epoch 235/500 | train_loss=1.6601 | train_top1=58.05% | train_top5=82.47% | val_loss=2.6073 | val_top1=41.15% | val_top5=67.79% | epoch_time=12.0s
Epoch 236/500 | train_loss=1.6581 | train_top1=58.23% | train_top5=82.69% | val_loss=2.6773 | val_top1=40.32% | val_top5=67.25% | epoch_time=12.1s
Epoch 237/500 | train_loss=1.6580 | train_top1=58.09% | train_top5=82.58% | val_loss=2.6242 | val_top1=40.99% | val_top5=67.51% | epoch_time=12.0s
Epoch 238/500 | train_loss=1.6570 | train_top1=57.99% | train_top5=82.65% | val_loss=2.6451 | val_top1=40.71% | val_top5=66.81% | epoch_time=12.0s
Epoch 239/500 | train_loss=1.6550 | train_top1=58.29% | train_top5=82.65% | val_loss=2.5857 | val_top1=41.20% | val_top5=67.73% | epoch_time=12.1s
Epoch 240/500 | train_loss=1.6558 | train_top1=58.06% | train_top5=82.63% | val_loss=2.6145 | val_top1=41.69% | val_top5=67.43% | epoch_time=12.1s
Epoch 241/500 | train_loss=1.6484 | train_top1=58.42% | train_top5=82.79% | val_loss=2.6168 | val_top1=41.57% | val_top5=68.10% | epoch_time=12.0s
Epoch 242/500 | train_loss=1.6493 | train_top1=58.38% | train_top5=82.75% | val_loss=2.6198 | val_top1=40.75% | val_top5=67.21% | epoch_time=12.1s
Epoch 243/500 | train_loss=1.6458 | train_top1=58.37% | train_top5=82.89% | val_loss=2.6543 | val_top1=40.72% | val_top5=67.13% | epoch_time=12.0s
Epoch 244/500 | train_loss=1.6470 | train_top1=58.50% | train_top5=82.84% | val_loss=2.6236 | val_top1=41.15% | val_top5=67.70% | epoch_time=12.2s
Epoch 245/500 | train_loss=1.6454 | train_top1=58.26% | train_top5=82.81% | val_loss=2.6128 | val_top1=40.89% | val_top5=67.81% | epoch_time=12.2s
Epoch 246/500 | train_loss=1.6408 | train_top1=58.31% | train_top5=82.94% | val_loss=2.6371 | val_top1=41.40% | val_top5=67.44% | epoch_time=12.2s
Epoch 247/500 | train_loss=1.6443 | train_top1=58.37% | train_top5=82.85% | val_loss=2.6234 | val_top1=41.39% | val_top5=66.95% | epoch_time=12.2s
Epoch 248/500 | train_loss=1.6407 | train_top1=58.38% | train_top5=82.94% | val_loss=2.6781 | val_top1=40.51% | val_top5=66.69% | epoch_time=12.2s
Epoch 249/500 | train_loss=1.6366 | train_top1=58.48% | train_top5=82.88% | val_loss=2.6325 | val_top1=41.40% | val_top5=67.65% | epoch_time=12.1s
Epoch 250/500 | train_loss=1.6397 | train_top1=58.63% | train_top5=83.00% | val_loss=2.6421 | val_top1=41.10% | val_top5=66.98% | epoch_time=12.1s
Epoch 251/500 | train_loss=1.6369 | train_top1=58.49% | train_top5=83.07% | val_loss=2.6333 | val_top1=41.39% | val_top5=67.44% | epoch_time=12.1s
Epoch 252/500 | train_loss=1.6308 | train_top1=58.70% | train_top5=83.04% | val_loss=2.6071 | val_top1=41.44% | val_top5=67.93% | epoch_time=12.1s
Epoch 253/500 | train_loss=1.6309 | train_top1=58.73% | train_top5=83.11% | val_loss=2.5797 | val_top1=41.82% | val_top5=68.01% | epoch_time=12.1s
Epoch 254/500 | train_loss=1.6300 | train_top1=58.67% | train_top5=83.09% | val_loss=2.6047 | val_top1=41.80% | val_top5=67.60% | epoch_time=12.1s
Epoch 255/500 | train_loss=1.6293 | train_top1=58.77% | train_top5=83.02% | val_loss=2.6296 | val_top1=41.54% | val_top5=67.04% | epoch_time=12.1s
Epoch 256/500 | train_loss=1.6271 | train_top1=58.77% | train_top5=83.11% | val_loss=2.6067 | val_top1=41.50% | val_top5=67.60% | epoch_time=12.2s
Epoch 257/500 | train_loss=1.6218 | train_top1=58.86% | train_top5=83.17% | val_loss=2.6182 | val_top1=41.05% | val_top5=67.73% | epoch_time=12.1s
Epoch 258/500 | train_loss=1.6284 | train_top1=58.61% | train_top5=83.07% | val_loss=2.6272 | val_top1=40.90% | val_top5=67.23% | epoch_time=12.0s
Epoch 259/500 | train_loss=1.6201 | train_top1=58.72% | train_top5=83.27% | val_loss=2.6285 | val_top1=41.47% | val_top5=67.01% | epoch_time=12.2s
Epoch 260/500 | train_loss=1.6197 | train_top1=59.06% | train_top5=83.20% | val_loss=2.6638 | val_top1=40.73% | val_top5=67.02% | epoch_time=12.2s
Epoch 261/500 | train_loss=1.6196 | train_top1=58.89% | train_top5=83.30% | val_loss=2.6074 | val_top1=41.16% | val_top5=67.77% | epoch_time=12.2s
Epoch 262/500 | train_loss=1.6126 | train_top1=59.17% | train_top5=83.31% | val_loss=2.6262 | val_top1=41.04% | val_top5=67.06% | epoch_time=12.1s
Epoch 263/500 | train_loss=1.6135 | train_top1=58.91% | train_top5=83.51% | val_loss=2.6482 | val_top1=40.95% | val_top5=67.40% | epoch_time=12.2s
Epoch 264/500 | train_loss=1.6145 | train_top1=59.06% | train_top5=83.22% | val_loss=2.6189 | val_top1=41.40% | val_top5=67.40% | epoch_time=12.1s
Epoch 265/500 | train_loss=1.6127 | train_top1=59.21% | train_top5=83.26% | val_loss=2.6175 | val_top1=41.59% | val_top5=67.35% | epoch_time=12.2s
Epoch 266/500 | train_loss=1.6141 | train_top1=58.91% | train_top5=83.30% | val_loss=2.6138 | val_top1=41.82% | val_top5=68.06% | epoch_time=12.1s
Epoch 267/500 | train_loss=1.6087 | train_top1=59.03% | train_top5=83.43% | val_loss=2.6211 | val_top1=41.42% | val_top5=67.47% | epoch_time=12.1s
Epoch 268/500 | train_loss=1.6070 | train_top1=59.12% | train_top5=83.44% | val_loss=2.6195 | val_top1=41.53% | val_top5=67.71% | epoch_time=12.1s
Epoch 269/500 | train_loss=1.6064 | train_top1=59.08% | train_top5=83.39% | val_loss=2.6446 | val_top1=41.50% | val_top5=67.22% | epoch_time=12.2s
Epoch 270/500 | train_loss=1.6003 | train_top1=59.42% | train_top5=83.49% | val_loss=2.6515 | val_top1=41.09% | val_top5=67.39% | epoch_time=12.2s
Epoch 271/500 | train_loss=1.6008 | train_top1=59.14% | train_top5=83.60% | val_loss=2.6359 | val_top1=41.13% | val_top5=67.43% | epoch_time=12.1s
Epoch 272/500 | train_loss=1.6030 | train_top1=59.11% | train_top5=83.47% | val_loss=2.6023 | val_top1=42.18% | val_top5=67.83% | epoch_time=12.2s
Epoch 273/500 | train_loss=1.6015 | train_top1=59.24% | train_top5=83.56% | val_loss=2.6425 | val_top1=40.69% | val_top5=67.32% | epoch_time=12.1s
Epoch 274/500 | train_loss=1.5966 | train_top1=59.29% | train_top5=83.65% | val_loss=2.6239 | val_top1=41.78% | val_top5=67.35% | epoch_time=12.1s
Epoch 275/500 | train_loss=1.5965 | train_top1=59.41% | train_top5=83.55% | val_loss=2.6546 | val_top1=41.01% | val_top5=67.20% | epoch_time=12.1s
Epoch 276/500 | train_loss=1.5955 | train_top1=59.34% | train_top5=83.60% | val_loss=2.6397 | val_top1=41.39% | val_top5=67.52% | epoch_time=12.1s
Epoch 277/500 | train_loss=1.5880 | train_top1=59.51% | train_top5=83.78% | val_loss=2.6373 | val_top1=41.38% | val_top5=67.39% | epoch_time=12.2s
Epoch 278/500 | train_loss=1.5883 | train_top1=59.55% | train_top5=83.77% | val_loss=2.6600 | val_top1=41.19% | val_top5=67.60% | epoch_time=12.1s
Epoch 279/500 | train_loss=1.5929 | train_top1=59.43% | train_top5=83.64% | val_loss=2.6369 | val_top1=41.37% | val_top5=67.62% | epoch_time=12.2s
Epoch 280/500 | train_loss=1.5843 | train_top1=59.59% | train_top5=83.73% | val_loss=2.6682 | val_top1=40.79% | val_top5=67.23% | epoch_time=12.0s
Epoch 281/500 | train_loss=1.5881 | train_top1=59.40% | train_top5=83.84% | val_loss=2.6430 | val_top1=41.48% | val_top5=67.32% | epoch_time=12.2s
Epoch 282/500 | train_loss=1.5916 | train_top1=59.41% | train_top5=83.74% | val_loss=2.6815 | val_top1=40.57% | val_top5=67.22% | epoch_time=12.0s
Epoch 283/500 | train_loss=1.5805 | train_top1=59.67% | train_top5=84.01% | val_loss=2.6931 | val_top1=40.18% | val_top5=66.41% | epoch_time=12.2s
Epoch 284/500 | train_loss=1.5834 | train_top1=59.51% | train_top5=83.75% | val_loss=2.6047 | val_top1=42.11% | val_top5=67.89% | epoch_time=12.1s
Epoch 285/500 | train_loss=1.5836 | train_top1=59.73% | train_top5=83.71% | val_loss=2.6063 | val_top1=41.70% | val_top5=67.97% | epoch_time=12.1s
Epoch 286/500 | train_loss=1.5810 | train_top1=59.60% | train_top5=83.86% | val_loss=2.6118 | val_top1=42.07% | val_top5=67.79% | epoch_time=12.1s
Epoch 287/500 | train_loss=1.5775 | train_top1=59.73% | train_top5=83.87% | val_loss=2.6501 | val_top1=41.57% | val_top5=67.24% | epoch_time=12.1s
Epoch 288/500 | train_loss=1.5814 | train_top1=59.52% | train_top5=83.76% | val_loss=2.6665 | val_top1=40.96% | val_top5=66.98% | epoch_time=12.2s
Epoch 289/500 | train_loss=1.5754 | train_top1=59.61% | train_top5=83.97% | val_loss=2.6429 | val_top1=41.58% | val_top5=67.52% | epoch_time=12.3s
Epoch 290/500 | train_loss=1.5809 | train_top1=59.65% | train_top5=83.85% | val_loss=2.6831 | val_top1=40.68% | val_top5=67.12% | epoch_time=12.1s
Epoch 291/500 | train_loss=1.5722 | train_top1=59.93% | train_top5=83.97% | val_loss=2.6743 | val_top1=40.51% | val_top5=67.27% | epoch_time=12.2s
Epoch 292/500 | train_loss=1.5688 | train_top1=60.00% | train_top5=84.03% | val_loss=2.6457 | val_top1=41.59% | val_top5=67.20% | epoch_time=12.2s
Epoch 293/500 | train_loss=1.5702 | train_top1=59.90% | train_top5=83.98% | val_loss=2.6533 | val_top1=41.00% | val_top5=67.70% | epoch_time=12.1s
Epoch 294/500 | train_loss=1.5703 | train_top1=59.97% | train_top5=84.07% | val_loss=2.6356 | val_top1=41.66% | val_top5=67.65% | epoch_time=12.2s
Epoch 295/500 | train_loss=1.5679 | train_top1=60.01% | train_top5=84.08% | val_loss=2.6538 | val_top1=41.24% | val_top5=67.15% | epoch_time=12.0s
Epoch 296/500 | train_loss=1.5644 | train_top1=59.98% | train_top5=84.06% | val_loss=2.6628 | val_top1=41.01% | val_top5=67.05% | epoch_time=12.2s
Epoch 297/500 | train_loss=1.5642 | train_top1=59.91% | train_top5=84.08% | val_loss=2.6753 | val_top1=40.68% | val_top5=67.02% | epoch_time=12.2s
Epoch 298/500 | train_loss=1.5644 | train_top1=60.00% | train_top5=84.15% | val_loss=2.6714 | val_top1=41.21% | val_top5=66.99% | epoch_time=12.2s
Epoch 299/500 | train_loss=1.5630 | train_top1=60.09% | train_top5=84.13% | val_loss=2.6664 | val_top1=41.09% | val_top5=67.33% | epoch_time=12.3s
Epoch 300/500 | train_loss=1.5646 | train_top1=59.86% | train_top5=84.03% | val_loss=2.6368 | val_top1=41.58% | val_top5=67.23% | epoch_time=12.3s
Epoch 301/500 | train_loss=1.5538 | train_top1=60.25% | train_top5=84.28% | val_loss=2.6299 | val_top1=42.02% | val_top5=67.68% | epoch_time=12.2s
Epoch 302/500 | train_loss=1.5600 | train_top1=60.11% | train_top5=84.09% | val_loss=2.6751 | val_top1=40.98% | val_top5=67.17% | epoch_time=12.1s
Epoch 303/500 | train_loss=1.5583 | train_top1=60.22% | train_top5=84.14% | val_loss=2.6804 | val_top1=40.62% | val_top5=67.15% | epoch_time=12.2s
Epoch 304/500 | train_loss=1.5556 | train_top1=60.13% | train_top5=84.37% | val_loss=2.6560 | val_top1=41.29% | val_top5=67.52% | epoch_time=12.1s
Epoch 305/500 | train_loss=1.5517 | train_top1=60.19% | train_top5=84.30% | val_loss=2.6532 | val_top1=41.22% | val_top5=67.11% | epoch_time=12.1s
Epoch 306/500 | train_loss=1.5542 | train_top1=60.12% | train_top5=84.23% | val_loss=2.6634 | val_top1=41.43% | val_top5=67.37% | epoch_time=12.1s
Epoch 307/500 | train_loss=1.5500 | train_top1=60.13% | train_top5=84.27% | val_loss=2.6523 | val_top1=40.90% | val_top5=67.64% | epoch_time=12.1s
Epoch 308/500 | train_loss=1.5481 | train_top1=60.32% | train_top5=84.30% | val_loss=2.6787 | val_top1=41.11% | val_top5=67.09% | epoch_time=12.1s
Epoch 309/500 | train_loss=1.5417 | train_top1=60.46% | train_top5=84.46% | val_loss=2.6632 | val_top1=41.03% | val_top5=67.41% | epoch_time=12.2s
Epoch 310/500 | train_loss=1.5481 | train_top1=60.37% | train_top5=84.41% | val_loss=2.6474 | val_top1=41.46% | val_top5=67.72% | epoch_time=12.2s
Epoch 311/500 | train_loss=1.5423 | train_top1=60.42% | train_top5=84.47% | val_loss=2.6821 | val_top1=41.59% | val_top5=67.37% | epoch_time=12.3s
Epoch 312/500 | train_loss=1.5443 | train_top1=60.36% | train_top5=84.52% | val_loss=2.7314 | val_top1=40.16% | val_top5=66.49% | epoch_time=12.1s
Epoch 313/500 | train_loss=1.5510 | train_top1=60.08% | train_top5=84.35% | val_loss=2.6632 | val_top1=41.52% | val_top5=67.08% | epoch_time=12.1s
Epoch 314/500 | train_loss=1.5465 | train_top1=60.25% | train_top5=84.44% | val_loss=2.6591 | val_top1=41.35% | val_top5=67.57% | epoch_time=12.7s
Epoch 315/500 | train_loss=1.5414 | train_top1=60.53% | train_top5=84.43% | val_loss=2.6870 | val_top1=40.94% | val_top5=66.90% | epoch_time=15.0s
Epoch 316/500 | train_loss=1.5423 | train_top1=60.32% | train_top5=84.50% | val_loss=2.6356 | val_top1=41.74% | val_top5=67.36% | epoch_time=12.3s
Epoch 317/500 | train_loss=1.5383 | train_top1=60.49% | train_top5=84.53% | val_loss=2.6696 | val_top1=41.07% | val_top5=67.19% | epoch_time=12.1s
Epoch 318/500 | train_loss=1.5360 | train_top1=60.63% | train_top5=84.67% | val_loss=2.6611 | val_top1=40.74% | val_top5=67.51% | epoch_time=12.2s
Epoch 319/500 | train_loss=1.5386 | train_top1=60.57% | train_top5=84.39% | val_loss=2.6410 | val_top1=41.70% | val_top5=67.42% | epoch_time=12.1s
Epoch 320/500 | train_loss=1.5363 | train_top1=60.66% | train_top5=84.46% | val_loss=2.6702 | val_top1=41.23% | val_top5=67.36% | epoch_time=12.2s
Epoch 321/500 | train_loss=1.5345 | train_top1=60.52% | train_top5=84.58% | val_loss=2.6539 | val_top1=41.47% | val_top5=67.53% | epoch_time=12.1s
Epoch 322/500 | train_loss=1.5280 | train_top1=60.59% | train_top5=84.77% | val_loss=2.6456 | val_top1=41.55% | val_top5=67.42% | epoch_time=12.2s
Epoch 323/500 | train_loss=1.5323 | train_top1=60.67% | train_top5=84.65% | val_loss=2.6808 | val_top1=41.19% | val_top5=67.32% | epoch_time=12.1s
Epoch 324/500 | train_loss=1.5316 | train_top1=60.52% | train_top5=84.74% | val_loss=2.6433 | val_top1=42.31% | val_top5=67.91% | epoch_time=12.2s
Epoch 325/500 | train_loss=1.5273 | train_top1=60.77% | train_top5=84.69% | val_loss=2.6726 | val_top1=40.87% | val_top5=67.37% | epoch_time=12.2s
Epoch 326/500 | train_loss=1.5278 | train_top1=60.84% | train_top5=84.70% | val_loss=2.7102 | val_top1=41.38% | val_top5=66.61% | epoch_time=12.1s
Epoch 327/500 | train_loss=1.5260 | train_top1=60.78% | train_top5=84.87% | val_loss=2.7095 | val_top1=40.69% | val_top5=66.88% | epoch_time=12.1s
Epoch 328/500 | train_loss=1.5222 | train_top1=61.01% | train_top5=84.80% | val_loss=2.6203 | val_top1=42.00% | val_top5=68.23% | epoch_time=12.2s
Epoch 329/500 | train_loss=1.5200 | train_top1=60.82% | train_top5=84.81% | val_loss=2.6709 | val_top1=41.37% | val_top5=66.93% | epoch_time=12.1s
Epoch 330/500 | train_loss=1.5248 | train_top1=60.77% | train_top5=84.72% | val_loss=2.6922 | val_top1=40.66% | val_top5=67.05% | epoch_time=12.1s
Epoch 331/500 | train_loss=1.5248 | train_top1=60.73% | train_top5=84.81% | val_loss=2.6808 | val_top1=41.62% | val_top5=67.19% | epoch_time=12.1s
Epoch 332/500 | train_loss=1.5261 | train_top1=60.59% | train_top5=84.67% | val_loss=2.6861 | val_top1=40.97% | val_top5=66.93% | epoch_time=12.2s
Epoch 333/500 | train_loss=1.5198 | train_top1=60.81% | train_top5=84.71% | val_loss=2.6523 | val_top1=41.83% | val_top5=68.07% | epoch_time=12.2s
Epoch 334/500 | train_loss=1.5182 | train_top1=61.06% | train_top5=84.88% | val_loss=2.7028 | val_top1=40.89% | val_top5=66.66% | epoch_time=12.2s
Epoch 335/500 | train_loss=1.5166 | train_top1=61.06% | train_top5=84.80% | val_loss=2.7037 | val_top1=40.66% | val_top5=66.84% | epoch_time=12.2s
Epoch 336/500 | train_loss=1.5117 | train_top1=61.07% | train_top5=84.93% | val_loss=2.6736 | val_top1=41.51% | val_top5=67.55% | epoch_time=12.2s
Epoch 337/500 | train_loss=1.5118 | train_top1=60.94% | train_top5=85.02% | val_loss=2.6773 | val_top1=41.02% | val_top5=67.29% | epoch_time=12.1s
Epoch 338/500 | train_loss=1.5132 | train_top1=60.98% | train_top5=84.88% | val_loss=2.6776 | val_top1=41.36% | val_top5=67.36% | epoch_time=12.2s
Epoch 339/500 | train_loss=1.5102 | train_top1=60.93% | train_top5=85.02% | val_loss=2.6496 | val_top1=41.59% | val_top5=67.57% | epoch_time=12.2s
Epoch 340/500 | train_loss=1.5059 | train_top1=61.01% | train_top5=84.89% | val_loss=2.7379 | val_top1=40.63% | val_top5=66.53% | epoch_time=12.0s
Epoch 341/500 | train_loss=1.5092 | train_top1=61.11% | train_top5=85.01% | val_loss=2.6846 | val_top1=41.00% | val_top5=67.44% | epoch_time=12.0s
Epoch 342/500 | train_loss=1.5078 | train_top1=61.22% | train_top5=84.99% | val_loss=2.6860 | val_top1=41.04% | val_top5=67.47% | epoch_time=12.1s
Epoch 343/500 | train_loss=1.5078 | train_top1=61.27% | train_top5=85.04% | val_loss=2.7373 | val_top1=40.93% | val_top5=66.78% | epoch_time=12.1s
Epoch 344/500 | train_loss=1.5083 | train_top1=61.08% | train_top5=84.97% | val_loss=2.7180 | val_top1=40.16% | val_top5=66.88% | epoch_time=12.3s
Epoch 345/500 | train_loss=1.5085 | train_top1=61.03% | train_top5=85.01% | val_loss=2.6621 | val_top1=41.36% | val_top5=67.84% | epoch_time=12.1s
Epoch 346/500 | train_loss=1.4997 | train_top1=61.21% | train_top5=85.12% | val_loss=2.6595 | val_top1=41.50% | val_top5=67.43% | epoch_time=12.2s
Epoch 347/500 | train_loss=1.5049 | train_top1=61.11% | train_top5=85.06% | val_loss=2.6945 | val_top1=41.29% | val_top5=67.19% | epoch_time=12.1s
Epoch 348/500 | train_loss=1.4988 | train_top1=61.33% | train_top5=85.17% | val_loss=2.6885 | val_top1=41.39% | val_top5=67.56% | epoch_time=12.2s
Epoch 349/500 | train_loss=1.5043 | train_top1=61.26% | train_top5=85.21% | val_loss=2.6976 | val_top1=41.10% | val_top5=67.03% | epoch_time=12.1s
Epoch 350/500 | train_loss=1.5019 | train_top1=61.14% | train_top5=85.09% | val_loss=2.7067 | val_top1=40.47% | val_top5=67.05% | epoch_time=12.3s
Epoch 351/500 | train_loss=1.4961 | train_top1=61.31% | train_top5=85.18% | val_loss=2.6961 | val_top1=40.98% | val_top5=67.17% | epoch_time=12.2s
Epoch 352/500 | train_loss=1.4965 | train_top1=61.44% | train_top5=85.23% | val_loss=2.6595 | val_top1=41.51% | val_top5=67.78% | epoch_time=12.2s
Epoch 353/500 | train_loss=1.4971 | train_top1=61.41% | train_top5=85.13% | val_loss=2.6749 | val_top1=41.03% | val_top5=67.41% | epoch_time=12.1s
Epoch 354/500 | train_loss=1.4949 | train_top1=61.40% | train_top5=85.11% | val_loss=2.6807 | val_top1=41.61% | val_top5=67.35% | epoch_time=12.2s
Epoch 355/500 | train_loss=1.4968 | train_top1=61.29% | train_top5=85.16% | val_loss=2.6917 | val_top1=41.09% | val_top5=67.08% | epoch_time=12.2s
Epoch 356/500 | train_loss=1.4955 | train_top1=61.37% | train_top5=85.20% | val_loss=2.6777 | val_top1=41.23% | val_top5=67.48% | epoch_time=12.1s
Epoch 357/500 | train_loss=1.4941 | train_top1=61.41% | train_top5=85.22% | val_loss=2.6968 | val_top1=40.76% | val_top5=66.86% | epoch_time=12.2s
Epoch 358/500 | train_loss=1.4931 | train_top1=61.34% | train_top5=85.22% | val_loss=2.6802 | val_top1=41.62% | val_top5=67.50% | epoch_time=12.2s
Epoch 359/500 | train_loss=1.4892 | train_top1=61.39% | train_top5=85.31% | val_loss=2.6923 | val_top1=41.05% | val_top5=67.14% | epoch_time=12.1s
Epoch 360/500 | train_loss=1.4848 | train_top1=61.65% | train_top5=85.34% | val_loss=2.6974 | val_top1=41.18% | val_top5=67.16% | epoch_time=12.0s
Epoch 361/500 | train_loss=1.4888 | train_top1=61.59% | train_top5=85.39% | val_loss=2.6813 | val_top1=41.53% | val_top5=67.24% | epoch_time=12.1s
Epoch 362/500 | train_loss=1.4813 | train_top1=61.64% | train_top5=85.44% | val_loss=2.6919 | val_top1=40.74% | val_top5=67.22% | epoch_time=12.1s
Epoch 363/500 | train_loss=1.4835 | train_top1=61.50% | train_top5=85.42% | val_loss=2.7152 | val_top1=40.93% | val_top5=67.16% | epoch_time=12.1s
Epoch 364/500 | train_loss=1.4873 | train_top1=61.55% | train_top5=85.38% | val_loss=2.6804 | val_top1=42.05% | val_top5=67.52% | epoch_time=12.1s
Epoch 365/500 | train_loss=1.4814 | train_top1=61.63% | train_top5=85.46% | val_loss=2.6831 | val_top1=41.18% | val_top5=67.07% | epoch_time=12.1s
Epoch 366/500 | train_loss=1.4788 | train_top1=61.73% | train_top5=85.51% | val_loss=2.6696 | val_top1=41.63% | val_top5=67.46% | epoch_time=12.3s
Epoch 367/500 | train_loss=1.4834 | train_top1=61.63% | train_top5=85.29% | val_loss=2.6764 | val_top1=40.99% | val_top5=66.78% | epoch_time=12.1s
Epoch 368/500 | train_loss=1.4851 | train_top1=61.50% | train_top5=85.27% | val_loss=2.6959 | val_top1=41.42% | val_top5=67.59% | epoch_time=12.1s
Epoch 369/500 | train_loss=1.4780 | train_top1=61.67% | train_top5=85.52% | val_loss=2.6798 | val_top1=41.35% | val_top5=67.29% | epoch_time=12.1s
Epoch 370/500 | train_loss=1.4781 | train_top1=61.69% | train_top5=85.56% | val_loss=2.6739 | val_top1=41.18% | val_top5=67.07% | epoch_time=12.1s
Epoch 371/500 | train_loss=1.4751 | train_top1=61.67% | train_top5=85.62% | val_loss=2.6980 | val_top1=40.95% | val_top5=67.18% | epoch_time=12.0s
Epoch 372/500 | train_loss=1.4766 | train_top1=61.70% | train_top5=85.58% | val_loss=2.6912 | val_top1=40.72% | val_top5=67.15% | epoch_time=12.3s
Epoch 373/500 | train_loss=1.4766 | train_top1=61.66% | train_top5=85.52% | val_loss=2.6976 | val_top1=41.54% | val_top5=67.18% | epoch_time=12.1s
Epoch 374/500 | train_loss=1.4765 | train_top1=61.72% | train_top5=85.56% | val_loss=2.6801 | val_top1=41.03% | val_top5=67.65% | epoch_time=12.2s
Epoch 375/500 | train_loss=1.4744 | train_top1=61.83% | train_top5=85.58% | val_loss=2.7246 | val_top1=41.27% | val_top5=66.93% | epoch_time=12.3s
Epoch 376/500 | train_loss=1.4644 | train_top1=61.87% | train_top5=85.71% | val_loss=2.6963 | val_top1=41.37% | val_top5=67.40% | epoch_time=12.1s
Epoch 377/500 | train_loss=1.4679 | train_top1=61.84% | train_top5=85.63% | val_loss=2.6819 | val_top1=41.37% | val_top5=67.53% | epoch_time=12.4s
Epoch 378/500 | train_loss=1.4735 | train_top1=61.80% | train_top5=85.59% | val_loss=2.7159 | val_top1=41.27% | val_top5=67.37% | epoch_time=12.3s
Epoch 379/500 | train_loss=1.4694 | train_top1=61.81% | train_top5=85.67% | val_loss=2.6873 | val_top1=41.23% | val_top5=67.22% | epoch_time=12.2s
Epoch 380/500 | train_loss=1.4644 | train_top1=61.86% | train_top5=85.73% | val_loss=2.7127 | val_top1=41.32% | val_top5=66.89% | epoch_time=12.1s
Epoch 381/500 | train_loss=1.4619 | train_top1=62.04% | train_top5=85.84% | val_loss=2.6919 | val_top1=41.34% | val_top5=67.51% | epoch_time=12.1s
Epoch 382/500 | train_loss=1.4614 | train_top1=62.06% | train_top5=85.77% | val_loss=2.7436 | val_top1=40.63% | val_top5=67.16% | epoch_time=12.1s
Epoch 383/500 | train_loss=1.4607 | train_top1=62.12% | train_top5=85.79% | val_loss=2.7271 | val_top1=40.85% | val_top5=66.86% | epoch_time=12.1s
Epoch 384/500 | train_loss=1.4635 | train_top1=61.96% | train_top5=85.70% | val_loss=2.7004 | val_top1=40.66% | val_top5=67.10% | epoch_time=12.1s
Epoch 385/500 | train_loss=1.4645 | train_top1=62.00% | train_top5=85.79% | val_loss=2.7051 | val_top1=40.94% | val_top5=67.42% | epoch_time=12.2s
Epoch 386/500 | train_loss=1.4577 | train_top1=62.13% | train_top5=85.78% | val_loss=2.7319 | val_top1=40.77% | val_top5=66.97% | epoch_time=12.0s
Epoch 387/500 | train_loss=1.4609 | train_top1=62.08% | train_top5=85.71% | val_loss=2.7364 | val_top1=41.23% | val_top5=67.36% | epoch_time=12.1s
Epoch 388/500 | train_loss=1.4596 | train_top1=62.03% | train_top5=85.72% | val_loss=2.6966 | val_top1=41.07% | val_top5=67.15% | epoch_time=12.2s
Epoch 389/500 | train_loss=1.4549 | train_top1=62.24% | train_top5=85.96% | val_loss=2.6992 | val_top1=40.98% | val_top5=67.26% | epoch_time=12.2s
Epoch 390/500 | train_loss=1.4575 | train_top1=62.11% | train_top5=85.80% | val_loss=2.6951 | val_top1=41.18% | val_top5=67.33% | epoch_time=12.1s
Epoch 391/500 | train_loss=1.4576 | train_top1=62.17% | train_top5=85.97% | val_loss=2.7040 | val_top1=41.16% | val_top5=67.03% | epoch_time=12.3s
Epoch 392/500 | train_loss=1.4571 | train_top1=62.05% | train_top5=85.79% | val_loss=2.7503 | val_top1=41.16% | val_top5=66.62% | epoch_time=12.1s
Epoch 393/500 | train_loss=1.4574 | train_top1=62.06% | train_top5=85.83% | val_loss=2.7227 | val_top1=41.16% | val_top5=67.33% | epoch_time=12.1s
Epoch 394/500 | train_loss=1.4557 | train_top1=62.17% | train_top5=85.83% | val_loss=2.7034 | val_top1=40.85% | val_top5=67.35% | epoch_time=12.1s
Epoch 395/500 | train_loss=1.4503 | train_top1=62.35% | train_top5=85.89% | val_loss=2.7234 | val_top1=41.29% | val_top5=66.98% | epoch_time=12.0s
Epoch 396/500 | train_loss=1.4544 | train_top1=62.12% | train_top5=85.79% | val_loss=2.7247 | val_top1=41.02% | val_top5=67.43% | epoch_time=12.1s
Epoch 397/500 | train_loss=1.4516 | train_top1=62.22% | train_top5=85.97% | val_loss=2.7151 | val_top1=40.80% | val_top5=66.97% | epoch_time=12.1s
Epoch 398/500 | train_loss=1.4515 | train_top1=62.15% | train_top5=85.99% | val_loss=2.7194 | val_top1=41.10% | val_top5=66.68% | epoch_time=12.3s
Epoch 399/500 | train_loss=1.4504 | train_top1=62.34% | train_top5=85.93% | val_loss=2.7166 | val_top1=41.80% | val_top5=67.53% | epoch_time=12.2s
Epoch 400/500 | train_loss=1.4493 | train_top1=62.17% | train_top5=85.99% | val_loss=2.7010 | val_top1=41.65% | val_top5=67.42% | epoch_time=12.2s
Epoch 401/500 | train_loss=1.4437 | train_top1=62.52% | train_top5=86.06% | val_loss=2.7115 | val_top1=41.46% | val_top5=67.44% | epoch_time=12.1s
Epoch 402/500 | train_loss=1.4441 | train_top1=62.30% | train_top5=86.11% | val_loss=2.7636 | val_top1=40.59% | val_top5=66.25% | epoch_time=12.2s
Epoch 403/500 | train_loss=1.4455 | train_top1=62.25% | train_top5=86.05% | val_loss=2.7171 | val_top1=40.95% | val_top5=67.42% | epoch_time=12.1s
Epoch 404/500 | train_loss=1.4455 | train_top1=62.45% | train_top5=86.02% | val_loss=2.7398 | val_top1=40.64% | val_top5=66.88% | epoch_time=12.2s
Epoch 405/500 | train_loss=1.4429 | train_top1=62.51% | train_top5=86.11% | val_loss=2.7957 | val_top1=40.47% | val_top5=66.13% | epoch_time=12.1s
Epoch 406/500 | train_loss=1.4462 | train_top1=62.37% | train_top5=85.85% | val_loss=2.7037 | val_top1=41.44% | val_top5=67.51% | epoch_time=12.1s
Epoch 407/500 | train_loss=1.4390 | train_top1=62.58% | train_top5=86.06% | val_loss=2.7330 | val_top1=41.29% | val_top5=67.25% | epoch_time=12.2s
Epoch 408/500 | train_loss=1.4387 | train_top1=62.57% | train_top5=86.14% | val_loss=2.7519 | val_top1=40.94% | val_top5=67.03% | epoch_time=12.1s
Epoch 409/500 | train_loss=1.4431 | train_top1=62.47% | train_top5=85.99% | val_loss=2.7241 | val_top1=40.69% | val_top5=67.08% | epoch_time=12.2s
Epoch 410/500 | train_loss=1.4426 | train_top1=62.59% | train_top5=86.05% | val_loss=2.7049 | val_top1=41.06% | val_top5=67.66% | epoch_time=12.3s
Epoch 411/500 | train_loss=1.4390 | train_top1=62.41% | train_top5=86.20% | val_loss=2.7124 | val_top1=41.05% | val_top5=67.08% | epoch_time=12.1s
Epoch 412/500 | train_loss=1.4426 | train_top1=62.48% | train_top5=86.02% | val_loss=2.6820 | val_top1=41.40% | val_top5=67.49% | epoch_time=12.2s
Epoch 413/500 | train_loss=1.4382 | train_top1=62.41% | train_top5=86.15% | val_loss=2.7336 | val_top1=40.97% | val_top5=67.47% | epoch_time=12.1s
Epoch 414/500 | train_loss=1.4382 | train_top1=62.50% | train_top5=86.13% | val_loss=2.7088 | val_top1=41.38% | val_top5=67.45% | epoch_time=12.1s
Epoch 415/500 | train_loss=1.4351 | train_top1=62.47% | train_top5=86.18% | val_loss=2.7432 | val_top1=41.15% | val_top5=66.79% | epoch_time=12.2s
Epoch 416/500 | train_loss=1.4340 | train_top1=62.69% | train_top5=86.13% | val_loss=2.7171 | val_top1=41.01% | val_top5=67.32% | epoch_time=12.1s
Epoch 417/500 | train_loss=1.4344 | train_top1=62.45% | train_top5=86.15% | val_loss=2.7175 | val_top1=41.32% | val_top5=67.61% | epoch_time=12.1s
Epoch 418/500 | train_loss=1.4306 | train_top1=62.63% | train_top5=86.32% | val_loss=2.7243 | val_top1=40.88% | val_top5=66.83% | epoch_time=12.1s
Epoch 419/500 | train_loss=1.4265 | train_top1=62.53% | train_top5=86.47% | val_loss=2.7357 | val_top1=40.70% | val_top5=67.33% | epoch_time=12.0s
Epoch 420/500 | train_loss=1.4319 | train_top1=62.56% | train_top5=86.12% | val_loss=2.7483 | val_top1=40.54% | val_top5=66.58% | epoch_time=12.1s
Epoch 421/500 | train_loss=1.4300 | train_top1=62.65% | train_top5=86.25% | val_loss=2.7488 | val_top1=40.31% | val_top5=66.83% | epoch_time=12.2s
Epoch 422/500 | train_loss=1.4306 | train_top1=62.66% | train_top5=86.26% | val_loss=2.7171 | val_top1=41.39% | val_top5=67.30% | epoch_time=12.1s
Epoch 423/500 | train_loss=1.4221 | train_top1=62.78% | train_top5=86.49% | val_loss=2.7219 | val_top1=41.08% | val_top5=67.11% | epoch_time=12.2s
Epoch 424/500 | train_loss=1.4228 | train_top1=62.88% | train_top5=86.38% | val_loss=2.7243 | val_top1=41.03% | val_top5=66.91% | epoch_time=12.1s
Epoch 425/500 | train_loss=1.4249 | train_top1=62.80% | train_top5=86.28% | val_loss=2.7234 | val_top1=41.72% | val_top5=67.15% | epoch_time=12.1s
Epoch 426/500 | train_loss=1.4250 | train_top1=62.70% | train_top5=86.41% | val_loss=2.7474 | val_top1=40.85% | val_top5=66.64% | epoch_time=12.2s
Epoch 427/500 | train_loss=1.4221 | train_top1=62.82% | train_top5=86.20% | val_loss=2.7595 | val_top1=40.99% | val_top5=67.22% | epoch_time=12.2s
Epoch 428/500 | train_loss=1.4242 | train_top1=62.83% | train_top5=86.37% | val_loss=2.7589 | val_top1=41.45% | val_top5=66.95% | epoch_time=12.1s
Epoch 429/500 | train_loss=1.4210 | train_top1=62.79% | train_top5=86.51% | val_loss=2.7469 | val_top1=40.75% | val_top5=66.94% | epoch_time=12.1s
Epoch 430/500 | train_loss=1.4231 | train_top1=62.73% | train_top5=86.45% | val_loss=2.7445 | val_top1=40.77% | val_top5=66.93% | epoch_time=12.2s
Epoch 431/500 | train_loss=1.4246 | train_top1=62.76% | train_top5=86.40% | val_loss=2.7278 | val_top1=40.99% | val_top5=66.85% | epoch_time=12.2s
Epoch 432/500 | train_loss=1.4206 | train_top1=62.88% | train_top5=86.33% | val_loss=2.7469 | val_top1=41.16% | val_top5=66.83% | epoch_time=12.3s
Epoch 433/500 | train_loss=1.4179 | train_top1=62.90% | train_top5=86.40% | val_loss=2.7414 | val_top1=41.47% | val_top5=67.02% | epoch_time=12.1s
Epoch 434/500 | train_loss=1.4181 | train_top1=62.95% | train_top5=86.40% | val_loss=2.7075 | val_top1=41.25% | val_top5=67.10% | epoch_time=12.0s
Epoch 435/500 | train_loss=1.4177 | train_top1=62.89% | train_top5=86.55% | val_loss=2.7514 | val_top1=40.64% | val_top5=66.73% | epoch_time=12.1s
Epoch 436/500 | train_loss=1.4178 | train_top1=62.94% | train_top5=86.40% | val_loss=2.7331 | val_top1=40.99% | val_top5=67.25% | epoch_time=12.1s
Epoch 437/500 | train_loss=1.4216 | train_top1=62.76% | train_top5=86.42% | val_loss=2.7417 | val_top1=40.81% | val_top5=67.06% | epoch_time=12.2s
Epoch 438/500 | train_loss=1.4146 | train_top1=63.02% | train_top5=86.40% | val_loss=2.7312 | val_top1=41.36% | val_top5=67.19% | epoch_time=12.1s
Epoch 439/500 | train_loss=1.4117 | train_top1=62.98% | train_top5=86.54% | val_loss=2.7534 | val_top1=40.93% | val_top5=66.86% | epoch_time=12.1s
Epoch 440/500 | train_loss=1.4154 | train_top1=63.01% | train_top5=86.45% | val_loss=2.7318 | val_top1=41.53% | val_top5=67.29% | epoch_time=12.1s
Epoch 441/500 | train_loss=1.4181 | train_top1=62.95% | train_top5=86.44% | val_loss=2.7291 | val_top1=40.90% | val_top5=66.95% | epoch_time=12.1s
Epoch 442/500 | train_loss=1.4085 | train_top1=63.28% | train_top5=86.59% | val_loss=2.7436 | val_top1=41.47% | val_top5=66.67% | epoch_time=12.2s
Epoch 443/500 | train_loss=1.4128 | train_top1=62.86% | train_top5=86.48% | val_loss=2.7293 | val_top1=41.54% | val_top5=67.06% | epoch_time=12.2s
Epoch 444/500 | train_loss=1.4101 | train_top1=63.18% | train_top5=86.47% | val_loss=2.7607 | val_top1=41.16% | val_top5=66.98% | epoch_time=12.1s
Epoch 445/500 | train_loss=1.4097 | train_top1=63.02% | train_top5=86.58% | val_loss=2.7345 | val_top1=41.29% | val_top5=67.08% | epoch_time=12.3s
Epoch 446/500 | train_loss=1.4113 | train_top1=63.09% | train_top5=86.47% | val_loss=2.7799 | val_top1=40.52% | val_top5=66.96% | epoch_time=12.2s
Epoch 447/500 | train_loss=1.3980 | train_top1=63.44% | train_top5=86.77% | val_loss=2.7715 | val_top1=40.99% | val_top5=67.19% | epoch_time=12.1s
Epoch 448/500 | train_loss=1.4081 | train_top1=63.13% | train_top5=86.57% | val_loss=2.7579 | val_top1=40.82% | val_top5=66.90% | epoch_time=12.2s
Epoch 449/500 | train_loss=1.4088 | train_top1=63.25% | train_top5=86.55% | val_loss=2.7286 | val_top1=41.07% | val_top5=67.27% | epoch_time=12.1s
Epoch 450/500 | train_loss=1.4062 | train_top1=63.19% | train_top5=86.64% | val_loss=2.7481 | val_top1=41.03% | val_top5=66.64% | epoch_time=12.2s
Epoch 451/500 | train_loss=1.4048 | train_top1=63.32% | train_top5=86.46% | val_loss=2.7651 | val_top1=40.77% | val_top5=66.95% | epoch_time=12.1s
Epoch 452/500 | train_loss=1.4017 | train_top1=63.16% | train_top5=86.71% | val_loss=2.7517 | val_top1=40.90% | val_top5=67.15% | epoch_time=12.2s
Epoch 453/500 | train_loss=1.4005 | train_top1=63.22% | train_top5=86.84% | val_loss=2.7775 | val_top1=40.57% | val_top5=66.40% | epoch_time=12.2s
Epoch 454/500 | train_loss=1.4009 | train_top1=63.30% | train_top5=86.62% | val_loss=2.7940 | val_top1=40.02% | val_top5=66.51% | epoch_time=12.2s
Epoch 455/500 | train_loss=1.4031 | train_top1=63.26% | train_top5=86.78% | val_loss=2.7807 | val_top1=41.04% | val_top5=66.80% | epoch_time=12.0s
Epoch 456/500 | train_loss=1.3989 | train_top1=63.26% | train_top5=86.75% | val_loss=2.7606 | val_top1=40.68% | val_top5=66.38% | epoch_time=12.1s
Epoch 457/500 | train_loss=1.4019 | train_top1=63.25% | train_top5=86.71% | val_loss=2.7400 | val_top1=41.35% | val_top5=67.33% | epoch_time=12.1s
Epoch 458/500 | train_loss=1.4004 | train_top1=63.23% | train_top5=86.72% | val_loss=2.7639 | val_top1=41.02% | val_top5=67.04% | epoch_time=12.1s
Epoch 459/500 | train_loss=1.3980 | train_top1=63.31% | train_top5=86.88% | val_loss=2.7294 | val_top1=41.42% | val_top5=67.24% | epoch_time=12.1s
Epoch 460/500 | train_loss=1.4044 | train_top1=63.18% | train_top5=86.73% | val_loss=2.7357 | val_top1=40.93% | val_top5=66.82% | epoch_time=12.1s
Epoch 461/500 | train_loss=1.3931 | train_top1=63.46% | train_top5=86.88% | val_loss=2.7426 | val_top1=41.74% | val_top5=66.93% | epoch_time=12.1s
Epoch 462/500 | train_loss=1.3978 | train_top1=63.22% | train_top5=86.83% | val_loss=2.7805 | val_top1=40.41% | val_top5=66.73% | epoch_time=12.2s
Epoch 463/500 | train_loss=1.3933 | train_top1=63.46% | train_top5=86.78% | val_loss=2.7372 | val_top1=41.34% | val_top5=67.21% | epoch_time=12.2s
Epoch 464/500 | train_loss=1.3954 | train_top1=63.31% | train_top5=86.84% | val_loss=2.7591 | val_top1=40.74% | val_top5=67.18% | epoch_time=12.1s
Epoch 465/500 | train_loss=1.3943 | train_top1=63.45% | train_top5=86.83% | val_loss=2.7808 | val_top1=40.14% | val_top5=66.91% | epoch_time=12.2s
Epoch 466/500 | train_loss=1.3907 | train_top1=63.46% | train_top5=86.92% | val_loss=2.7411 | val_top1=40.92% | val_top5=67.04% | epoch_time=12.1s
Epoch 467/500 | train_loss=1.3949 | train_top1=63.39% | train_top5=86.78% | val_loss=2.7522 | val_top1=41.14% | val_top5=67.14% | epoch_time=12.1s
Epoch 468/500 | train_loss=1.3948 | train_top1=63.50% | train_top5=86.81% | val_loss=2.7670 | val_top1=40.85% | val_top5=66.81% | epoch_time=12.1s
Epoch 469/500 | train_loss=1.3923 | train_top1=63.34% | train_top5=86.73% | val_loss=2.7708 | val_top1=40.98% | val_top5=66.99% | epoch_time=12.1s
Epoch 470/500 | train_loss=1.3918 | train_top1=63.39% | train_top5=86.97% | val_loss=2.7997 | val_top1=40.34% | val_top5=66.62% | epoch_time=12.1s
Epoch 471/500 | train_loss=1.3937 | train_top1=63.38% | train_top5=86.81% | val_loss=2.7560 | val_top1=41.11% | val_top5=66.99% | epoch_time=12.2s
Epoch 472/500 | train_loss=1.3902 | train_top1=63.52% | train_top5=86.91% | val_loss=2.7753 | val_top1=41.09% | val_top5=66.66% | epoch_time=12.2s
Epoch 473/500 | train_loss=1.3890 | train_top1=63.33% | train_top5=86.89% | val_loss=2.7878 | val_top1=40.41% | val_top5=66.58% | epoch_time=12.1s
Epoch 474/500 | train_loss=1.3890 | train_top1=63.50% | train_top5=86.94% | val_loss=2.7620 | val_top1=41.27% | val_top5=67.20% | epoch_time=12.2s
Epoch 475/500 | train_loss=1.3880 | train_top1=63.47% | train_top5=87.03% | val_loss=2.7807 | val_top1=41.29% | val_top5=67.36% | epoch_time=12.2s
Epoch 476/500 | train_loss=1.3844 | train_top1=63.58% | train_top5=86.94% | val_loss=2.7650 | val_top1=41.17% | val_top5=66.98% | epoch_time=12.3s
Epoch 477/500 | train_loss=1.3878 | train_top1=63.53% | train_top5=86.86% | val_loss=2.7730 | val_top1=41.01% | val_top5=66.99% | epoch_time=12.2s
Epoch 478/500 | train_loss=1.3824 | train_top1=63.50% | train_top5=87.01% | val_loss=2.7787 | val_top1=41.08% | val_top5=66.96% | epoch_time=12.2s
Epoch 479/500 | train_loss=1.3806 | train_top1=63.53% | train_top5=87.13% | val_loss=2.7932 | val_top1=40.88% | val_top5=67.30% | epoch_time=12.1s
Epoch 480/500 | train_loss=1.3831 | train_top1=63.68% | train_top5=86.95% | val_loss=2.7775 | val_top1=41.07% | val_top5=67.17% | epoch_time=12.2s
Epoch 481/500 | train_loss=1.3820 | train_top1=63.55% | train_top5=87.16% | val_loss=2.7619 | val_top1=41.14% | val_top5=66.94% | epoch_time=12.1s
Epoch 482/500 | train_loss=1.3840 | train_top1=63.47% | train_top5=87.00% | val_loss=2.7731 | val_top1=40.59% | val_top5=66.65% | epoch_time=12.2s
Epoch 483/500 | train_loss=1.3786 | train_top1=63.68% | train_top5=86.95% | val_loss=2.7447 | val_top1=41.27% | val_top5=66.98% | epoch_time=12.1s
Epoch 484/500 | train_loss=1.3794 | train_top1=63.81% | train_top5=87.12% | val_loss=2.7704 | val_top1=41.15% | val_top5=66.82% | epoch_time=12.2s
Epoch 485/500 | train_loss=1.3729 | train_top1=63.87% | train_top5=87.11% | val_loss=2.7680 | val_top1=40.94% | val_top5=67.11% | epoch_time=12.2s
Epoch 486/500 | train_loss=1.3806 | train_top1=63.70% | train_top5=87.00% | val_loss=2.7856 | val_top1=40.71% | val_top5=66.53% | epoch_time=12.2s
Epoch 487/500 | train_loss=1.3793 | train_top1=63.67% | train_top5=87.11% | val_loss=2.7967 | val_top1=40.41% | val_top5=66.53% | epoch_time=12.3s
Epoch 488/500 | train_loss=1.3777 | train_top1=63.61% | train_top5=87.08% | val_loss=2.7612 | val_top1=40.69% | val_top5=67.05% | epoch_time=12.1s
Epoch 489/500 | train_loss=1.3867 | train_top1=63.56% | train_top5=86.87% | val_loss=2.7735 | val_top1=40.78% | val_top5=67.28% | epoch_time=12.2s
Epoch 490/500 | train_loss=1.3809 | train_top1=63.68% | train_top5=86.93% | val_loss=2.7800 | val_top1=41.06% | val_top5=66.87% | epoch_time=12.1s
Epoch 491/500 | train_loss=1.3773 | train_top1=63.68% | train_top5=86.95% | val_loss=2.7796 | val_top1=40.95% | val_top5=67.03% | epoch_time=12.2s
Epoch 492/500 | train_loss=1.3732 | train_top1=63.76% | train_top5=87.12% | val_loss=2.7938 | val_top1=40.69% | val_top5=66.55% | epoch_time=12.1s
Epoch 493/500 | train_loss=1.3745 | train_top1=63.91% | train_top5=87.22% | val_loss=2.7660 | val_top1=41.23% | val_top5=67.23% | epoch_time=12.2s
Epoch 494/500 | train_loss=1.3691 | train_top1=64.05% | train_top5=87.24% | val_loss=2.7632 | val_top1=41.33% | val_top5=67.72% | epoch_time=12.1s
Epoch 495/500 | train_loss=1.3779 | train_top1=63.64% | train_top5=87.09% | val_loss=2.8033 | val_top1=40.76% | val_top5=67.20% | epoch_time=12.2s
Epoch 496/500 | train_loss=1.3730 | train_top1=63.70% | train_top5=87.16% | val_loss=2.7917 | val_top1=40.88% | val_top5=67.04% | epoch_time=12.2s
Epoch 497/500 | train_loss=1.3697 | train_top1=63.97% | train_top5=87.25% | val_loss=2.7756 | val_top1=40.50% | val_top5=66.93% | epoch_time=12.2s
Epoch 498/500 | train_loss=1.3697 | train_top1=63.94% | train_top5=87.14% | val_loss=2.8030 | val_top1=40.70% | val_top5=66.50% | epoch_time=12.2s
Epoch 499/500 | train_loss=1.3717 | train_top1=63.83% | train_top5=87.01% | val_loss=2.7795 | val_top1=40.98% | val_top5=66.86% | epoch_time=12.2s
Epoch 500/500 | train_loss=1.3706 | train_top1=63.76% | train_top5=87.23% | val_loss=2.7690 | val_top1=40.84% | val_top5=67.41% | epoch_time=12.1s
Best val top1: 42.31%
Saved best weights to: checkpoints/20251004-200130_TinyNet_d3_bs512_lr0.001/20251004-200130_TinyNet_d3_bs512_lr0.001_best.pth
[METRICS] Wrote metrics/20251004-200130_TinyNet_d3_bs512_lr0.001/20251004-200130_TinyNet_d3_bs512_lr0.001_metrics.json
[PLOTS] Saved: plots/20251004-200130_TinyNet_d3_bs512_lr0.001/20251004-200130_TinyNet_d3_bs512_lr0.001_loss_curve.png
[PLOTS] Saved: plots/20251004-200130_TinyNet_d3_bs512_lr0.001/20251004-200130_TinyNet_d3_bs512_lr0.001_acc_curve_top1.png
